{
"contracts/AlkemiRateModel.sol":{"l":{"16":0,"17":0,"48":3,"49":3,"50":3,"51":3,"52":3,"53":3,"55":3,"57":3,"58":3,"59":3,"60":3,"61":3,"62":3,"64":3,"65":3,"66":3,"69":3,"70":3,"73":3,"74":3,"75":3,"78":3,"79":3,"82":3,"83":3,"84":3,"87":3,"88":3,"93":0,"94":0,"95":0,"96":0,"97":0,"99":0,"101":0,"102":0,"103":0,"104":0,"105":0,"106":0,"108":0,"109":0,"110":0,"113":0,"114":0,"117":0,"118":0,"119":0,"122":0,"123":0,"126":0,"127":0,"128":0,"131":0,"132":0,"136":0,"137":0,"141":0,"142":0,"143":0,"144":0,"148":0,"149":0,"150":0,"151":0,"152":0,"159":0,"161":0,"164":0,"165":0,"166":0,"169":0,"170":0,"171":0,"173":0,"175":0,"182":0,"183":0,"184":0,"194":0,"196":0,"197":0,"198":0,"200":0,"201":0,"202":0,"203":0,"204":0,"205":0,"208":0,"209":0,"210":0,"211":0,"212":0,"215":0,"216":0,"217":0,"218":0,"219":0,"222":0,"235":0,"236":0,"237":0,"238":0,"245":0,"246":0,"247":0,"248":0,"249":0,"250":0,"255":0,"258":0,"265":0,"267":0,"268":0,"272":0,"274":0,"276":0,"289":0,"291":0,"292":0,"293":0,"297":0,"299":0,"302":0},"path":"/Users/raghu/Alkemi/alkemi-earn-protocol/contracts/AlkemiRateModel.sol","s":{"1":0,"2":3,"3":3,"4":3,"5":3,"6":3,"7":3,"8":3,"9":3,"10":3,"11":3,"12":3,"13":3,"14":3,"15":3,"16":3,"17":3,"18":3,"19":3,"20":3,"21":3,"22":3,"23":3,"24":3,"25":3,"26":3,"27":3,"28":3,"29":3,"30":0,"31":0,"32":0,"33":0,"34":0,"35":0,"36":0,"37":0,"38":0,"39":0,"40":0,"41":0,"42":0,"43":0,"44":0,"45":0,"46":0,"47":0,"48":0,"49":0,"50":0,"51":0,"52":0,"53":0,"54":0,"55":0,"56":0,"57":0,"58":0,"59":0,"60":0,"61":0,"62":0,"63":0,"64":0,"65":0,"66":0,"67":0,"68":0,"69":0,"70":0,"71":0,"72":0,"73":0,"74":0,"75":0,"76":0,"77":0,"78":0,"79":0,"80":0,"81":0,"82":0,"83":0,"84":0,"85":0,"86":0,"87":0,"88":0,"89":0,"90":0,"91":0,"92":0,"93":0,"94":0,"95":0,"96":0,"97":0,"98":0,"99":0,"100":0,"101":0,"102":0,"103":0,"104":0,"105":0,"106":0,"107":0,"108":0,"109":0,"110":0,"111":0,"112":0,"113":0,"114":0,"115":0,"116":0,"117":0,"118":0,"119":0,"120":0,"121":0,"122":0,"123":0,"124":0,"125":0,"126":0},"b":{"1":[0,0],"2":[0,0],"3":[0,0],"4":[0,0],"5":[0,0],"6":[0,0],"7":[0,0],"8":[0,0],"9":[0,0],"10":[0,0],"11":[0,0],"12":[0,0],"13":[0,0],"14":[0,0]},"f":{"1":0,"2":3,"3":0,"4":0,"5":0,"6":0,"7":0,"8":0,"9":0,"10":0},"fnMap":{"1":{"name":"onlyOwner","line":15,"loc":{"start":{"line":15,"column":4},"end":{"line":18,"column":4}}},"2":{"name":"constructor","line":46,"loc":{"start":{"line":46,"column":4},"end":{"line":89,"column":4}}},"3":{"name":"changeRates","line":91,"loc":{"start":{"line":91,"column":4},"end":{"line":133,"column":4}}},"4":{"name":"transferOwnership","line":135,"loc":{"start":{"line":135,"column":4},"end":{"line":138,"column":4}}},"5":{"name":"acceptOwnership","line":140,"loc":{"start":{"line":140,"column":4},"end":{"line":145,"column":4}}},"6":{"name":"setLiquidator","line":147,"loc":{"start":{"line":147,"column":4},"end":{"line":153,"column":4}}},"7":{"name":"getUtilizationRate","line":158,"loc":{"start":{"line":158,"column":4},"end":{"line":176,"column":4}}},"8":{"name":"getUtilizationAndAnnualBorrowRate","line":181,"loc":{"start":{"line":181,"column":4},"end":{"line":223,"column":4}}},"9":{"name":"getSupplyRate","line":234,"loc":{"start":{"line":234,"column":4},"end":{"line":277,"column":4}}},"10":{"name":"getBorrowRate","line":288,"loc":{"start":{"line":288,"column":4},"end":{"line":303,"column":4}}}},"statementMap":{"1":{"start":{"line":16,"column":8},"end":{"line":16,"column":48}},"2":{"start":{"line":48,"column":8},"end":{"line":48,"column":25}},"3":{"start":{"line":49,"column":8},"end":{"line":49,"column":35}},"4":{"start":{"line":50,"column":8},"end":{"line":50,"column":25}},"5":{"start":{"line":51,"column":8},"end":{"line":51,"column":24}},"6":{"start":{"line":52,"column":8},"end":{"line":52,"column":35}},"7":{"start":{"line":53,"column":8},"end":{"line":53,"column":17}},"8":{"start":{"line":55,"column":8},"end":{"line":55,"column":45}},"9":{"start":{"line":57,"column":8},"end":{"line":57,"column":48}},"10":{"start":{"line":58,"column":8},"end":{"line":58,"column":58}},"11":{"start":{"line":59,"column":8},"end":{"line":59,"column":62}},"12":{"start":{"line":60,"column":8},"end":{"line":60,"column":48}},"13":{"start":{"line":61,"column":8},"end":{"line":61,"column":58}},"14":{"start":{"line":62,"column":8},"end":{"line":62,"column":62}},"15":{"start":{"line":64,"column":8},"end":{"line":64,"column":32}},"16":{"start":{"line":65,"column":8},"end":{"line":65,"column":41}},"17":{"start":{"line":66,"column":8},"end":{"line":66,"column":42}},"18":{"start":{"line":69,"column":8},"end":{"line":69,"column":59}},"19":{"start":{"line":70,"column":8},"end":{"line":70,"column":53}},"20":{"start":{"line":73,"column":8},"end":{"line":73,"column":70}},"21":{"start":{"line":74,"column":8},"end":{"line":74,"column":66}},"22":{"start":{"line":75,"column":8},"end":{"line":75,"column":45}},"23":{"start":{"line":78,"column":8},"end":{"line":78,"column":53}},"24":{"start":{"line":79,"column":8},"end":{"line":79,"column":59}},"25":{"start":{"line":82,"column":8},"end":{"line":82,"column":63}},"26":{"start":{"line":83,"column":8},"end":{"line":83,"column":64}},"27":{"start":{"line":84,"column":8},"end":{"line":84,"column":46}},"28":{"start":{"line":87,"column":8},"end":{"line":87,"column":55}},"29":{"start":{"line":88,"column":8},"end":{"line":88,"column":68}},"30":{"start":{"line":93,"column":8},"end":{"line":93,"column":35}},"31":{"start":{"line":94,"column":8},"end":{"line":94,"column":25}},"32":{"start":{"line":95,"column":8},"end":{"line":95,"column":24}},"33":{"start":{"line":96,"column":8},"end":{"line":96,"column":35}},"34":{"start":{"line":97,"column":8},"end":{"line":97,"column":17}},"35":{"start":{"line":99,"column":8},"end":{"line":99,"column":45}},"36":{"start":{"line":101,"column":8},"end":{"line":101,"column":48}},"37":{"start":{"line":102,"column":8},"end":{"line":102,"column":58}},"38":{"start":{"line":103,"column":8},"end":{"line":103,"column":62}},"39":{"start":{"line":104,"column":8},"end":{"line":104,"column":48}},"40":{"start":{"line":105,"column":8},"end":{"line":105,"column":58}},"41":{"start":{"line":106,"column":8},"end":{"line":106,"column":62}},"42":{"start":{"line":108,"column":8},"end":{"line":108,"column":32}},"43":{"start":{"line":109,"column":8},"end":{"line":109,"column":41}},"44":{"start":{"line":110,"column":8},"end":{"line":110,"column":42}},"45":{"start":{"line":113,"column":8},"end":{"line":113,"column":59}},"46":{"start":{"line":114,"column":8},"end":{"line":114,"column":53}},"47":{"start":{"line":117,"column":8},"end":{"line":117,"column":70}},"48":{"start":{"line":118,"column":8},"end":{"line":118,"column":66}},"49":{"start":{"line":119,"column":8},"end":{"line":119,"column":45}},"50":{"start":{"line":122,"column":8},"end":{"line":122,"column":53}},"51":{"start":{"line":123,"column":8},"end":{"line":123,"column":59}},"52":{"start":{"line":126,"column":8},"end":{"line":126,"column":63}},"53":{"start":{"line":127,"column":8},"end":{"line":127,"column":64}},"54":{"start":{"line":128,"column":8},"end":{"line":128,"column":46}},"55":{"start":{"line":131,"column":8},"end":{"line":131,"column":55}},"56":{"start":{"line":132,"column":8},"end":{"line":132,"column":68}},"57":{"start":{"line":136,"column":8},"end":{"line":136,"column":72}},"58":{"start":{"line":137,"column":8},"end":{"line":137,"column":27}},"59":{"start":{"line":141,"column":8},"end":{"line":141,"column":82}},"60":{"start":{"line":142,"column":8},"end":{"line":142,"column":41}},"61":{"start":{"line":143,"column":8},"end":{"line":143,"column":23}},"62":{"start":{"line":144,"column":8},"end":{"line":144,"column":30}},"63":{"start":{"line":148,"column":8},"end":{"line":148,"column":95}},"64":{"start":{"line":149,"column":8},"end":{"line":149,"column":104}},"65":{"start":{"line":150,"column":8},"end":{"line":150,"column":42}},"66":{"start":{"line":151,"column":8},"end":{"line":151,"column":31}},"67":{"start":{"line":152,"column":8},"end":{"line":152,"column":69}},"68":{"start":{"line":159,"column":8},"end":{"line":159,"column":6615}},"69":{"start":{"line":161,"column":12},"end":{"line":161,"column":57}},"70":{"start":{"line":164,"column":8},"end":{"line":164,"column":63}},"71":{"start":{"line":165,"column":8},"end":{"line":165,"column":6848}},"72":{"start":{"line":166,"column":12},"end":{"line":166,"column":80}},"73":{"start":{"line":169,"column":8},"end":{"line":169,"column":83}},"74":{"start":{"line":170,"column":8},"end":{"line":170,"column":7069}},"75":{"start":{"line":171,"column":12},"end":{"line":171,"column":66}},"76":{"start":{"line":173,"column":8},"end":{"line":173,"column":62}},"77":{"start":{"line":175,"column":8},"end":{"line":175,"column":50}},"78":{"start":{"line":182,"column":8},"end":{"line":182,"column":86}},"79":{"start":{"line":183,"column":8},"end":{"line":183,"column":7656}},"80":{"start":{"line":184,"column":12},"end":{"line":184,"column":65}},"81":{"start":{"line":194,"column":8},"end":{"line":194,"column":17}},"82":{"start":{"line":196,"column":8},"end":{"line":196,"column":35}},"83":{"start":{"line":197,"column":8},"end":{"line":197,"column":29}},"84":{"start":{"line":198,"column":8},"end":{"line":198,"column":30}},"85":{"start":{"line":200,"column":8},"end":{"line":200,"column":8143}},"86":{"start":{"line":201,"column":12},"end":{"line":201,"column":66}},"87":{"start":{"line":202,"column":12},"end":{"line":202,"column":40}},"88":{"start":{"line":203,"column":12},"end":{"line":203,"column":61}},"89":{"start":{"line":204,"column":12},"end":{"line":204,"column":56}},"90":{"start":{"line":205,"column":12},"end":{"line":205,"column":40}},"91":{"start":{"line":207,"column":13},"end":{"line":207,"column":8507}},"92":{"start":{"line":208,"column":12},"end":{"line":208,"column":67}},"93":{"start":{"line":209,"column":12},"end":{"line":209,"column":40}},"94":{"start":{"line":210,"column":12},"end":{"line":210,"column":70}},"95":{"start":{"line":211,"column":12},"end":{"line":211,"column":56}},"96":{"start":{"line":212,"column":12},"end":{"line":212,"column":40}},"97":{"start":{"line":214,"column":13},"end":{"line":214,"column":8883}},"98":{"start":{"line":215,"column":12},"end":{"line":215,"column":66}},"99":{"start":{"line":216,"column":12},"end":{"line":216,"column":40}},"100":{"start":{"line":217,"column":12},"end":{"line":217,"column":61}},"101":{"start":{"line":218,"column":12},"end":{"line":218,"column":56}},"102":{"start":{"line":219,"column":12},"end":{"line":219,"column":40}},"103":{"start":{"line":222,"column":8},"end":{"line":222,"column":97}},"104":{"start":{"line":236,"column":8},"end":{"line":236,"column":131}},"105":{"start":{"line":237,"column":8},"end":{"line":237,"column":10290}},"106":{"start":{"line":238,"column":12},"end":{"line":238,"column":34}},"107":{"start":{"line":245,"column":7},"end":{"line":245,"column":23}},"108":{"start":{"line":246,"column":7},"end":{"line":246,"column":17}},"109":{"start":{"line":247,"column":7},"end":{"line":247,"column":43}},"110":{"start":{"line":248,"column":7},"end":{"line":248,"column":34}},"111":{"start":{"line":249,"column":7},"end":{"line":249,"column":36}},"112":{"start":{"line":250,"column":7},"end":{"line":250,"column":64}},"113":{"start":{"line":255,"column":8},"end":{"line":255,"column":37}},"114":{"start":{"line":258,"column":8},"end":{"line":258,"column":65}},"115":{"start":{"line":265,"column":8},"end":{"line":265,"column":37}},"116":{"start":{"line":267,"column":8},"end":{"line":267,"column":63}},"117":{"start":{"line":268,"column":8},"end":{"line":268,"column":37}},"118":{"start":{"line":272,"column":8},"end":{"line":272,"column":85}},"119":{"start":{"line":274,"column":8},"end":{"line":274,"column":37}},"120":{"start":{"line":276,"column":8},"end":{"line":276,"column":60}},"121":{"start":{"line":291,"column":8},"end":{"line":291,"column":104}},"122":{"start":{"line":292,"column":8},"end":{"line":292,"column":13088}},"123":{"start":{"line":293,"column":12},"end":{"line":293,"column":34}},"124":{"start":{"line":297,"column":8},"end":{"line":297,"column":88}},"125":{"start":{"line":299,"column":8},"end":{"line":299,"column":37}},"126":{"start":{"line":302,"column":8},"end":{"line":302,"column":60}}},"branchMap":{"1":{"line":16,"type":"if","locations":[{"start":{"line":16,"column":8},"end":{"line":16,"column":8}},{"start":{"line":16,"column":8},"end":{"line":16,"column":8}}]},"2":{"line":136,"type":"if","locations":[{"start":{"line":136,"column":8},"end":{"line":136,"column":8}},{"start":{"line":136,"column":8},"end":{"line":136,"column":8}}]},"3":{"line":141,"type":"if","locations":[{"start":{"line":141,"column":8},"end":{"line":141,"column":8}},{"start":{"line":141,"column":8},"end":{"line":141,"column":8}}]},"4":{"line":148,"type":"if","locations":[{"start":{"line":148,"column":8},"end":{"line":148,"column":8}},{"start":{"line":148,"column":8},"end":{"line":148,"column":8}}]},"5":{"line":149,"type":"if","locations":[{"start":{"line":149,"column":8},"end":{"line":149,"column":8}},{"start":{"line":149,"column":8},"end":{"line":149,"column":8}}]},"6":{"line":159,"type":"if","locations":[{"start":{"line":159,"column":8},"end":{"line":159,"column":8}},{"start":{"line":159,"column":8},"end":{"line":159,"column":8}}]},"7":{"line":165,"type":"if","locations":[{"start":{"line":165,"column":8},"end":{"line":165,"column":8}},{"start":{"line":165,"column":8},"end":{"line":165,"column":8}}]},"8":{"line":170,"type":"if","locations":[{"start":{"line":170,"column":8},"end":{"line":170,"column":8}},{"start":{"line":170,"column":8},"end":{"line":170,"column":8}}]},"9":{"line":183,"type":"if","locations":[{"start":{"line":183,"column":8},"end":{"line":183,"column":8}},{"start":{"line":183,"column":8},"end":{"line":183,"column":8}}]},"10":{"line":200,"type":"if","locations":[{"start":{"line":200,"column":8},"end":{"line":200,"column":8}},{"start":{"line":200,"column":8},"end":{"line":200,"column":8}}]},"11":{"line":207,"type":"if","locations":[{"start":{"line":207,"column":13},"end":{"line":207,"column":13}},{"start":{"line":207,"column":13},"end":{"line":207,"column":13}}]},"12":{"line":214,"type":"if","locations":[{"start":{"line":214,"column":13},"end":{"line":214,"column":13}},{"start":{"line":214,"column":13},"end":{"line":214,"column":13}}]},"13":{"line":237,"type":"if","locations":[{"start":{"line":237,"column":8},"end":{"line":237,"column":8}},{"start":{"line":237,"column":8},"end":{"line":237,"column":8}}]},"14":{"line":292,"type":"if","locations":[{"start":{"line":292,"column":8},"end":{"line":292,"column":8}},{"start":{"line":292,"column":8},"end":{"line":292,"column":8}}]}}},
"contracts/AlkemiWETH.sol":{"l":{"17":0,"20":0,"21":0,"24":0,"25":0,"26":0,"27":0,"31":0,"35":0,"36":0,"37":0,"41":0,"48":0,"50":0,"51":0,"52":0,"55":0,"56":0,"58":0,"60":0},"path":"/Users/raghu/Alkemi/alkemi-earn-protocol/contracts/AlkemiWETH.sol","s":{"1":0,"2":0,"3":0,"4":0,"5":0,"6":0,"7":0,"8":0,"9":0,"10":0,"11":0,"12":0,"13":0,"14":0,"15":0,"16":0,"17":0,"18":0,"19":0,"20":0},"b":{"1":[0,0],"2":[0,0],"3":[0,0],"4":[0,0]},"f":{"1":0,"2":0,"3":0,"4":0,"5":0,"6":0,"7":0},"fnMap":{"1":{"name":"","line":16,"loc":{"start":{"line":16,"column":4},"end":{"line":18,"column":4}}},"2":{"name":"deposit","line":19,"loc":{"start":{"line":19,"column":4},"end":{"line":22,"column":4}}},"3":{"name":"withdraw","line":23,"loc":{"start":{"line":23,"column":4},"end":{"line":28,"column":4}}},"4":{"name":"totalSupply","line":30,"loc":{"start":{"line":30,"column":4},"end":{"line":32,"column":4}}},"5":{"name":"approve","line":34,"loc":{"start":{"line":34,"column":4},"end":{"line":38,"column":4}}},"6":{"name":"transfer","line":40,"loc":{"start":{"line":40,"column":4},"end":{"line":42,"column":4}}},"7":{"name":"transferFrom","line":44,"loc":{"start":{"line":44,"column":4},"end":{"line":61,"column":4}}}},"statementMap":{"1":{"start":{"line":17,"column":8},"end":{"line":17,"column":16}},"2":{"start":{"line":20,"column":8},"end":{"line":20,"column":41}},"3":{"start":{"line":21,"column":8},"end":{"line":21,"column":43}},"4":{"start":{"line":24,"column":8},"end":{"line":24,"column":44}},"5":{"start":{"line":25,"column":8},"end":{"line":25,"column":35}},"6":{"start":{"line":26,"column":8},"end":{"line":26,"column":25}},"7":{"start":{"line":27,"column":8},"end":{"line":27,"column":40}},"8":{"start":{"line":31,"column":8},"end":{"line":31,"column":36}},"9":{"start":{"line":35,"column":8},"end":{"line":35,"column":39}},"10":{"start":{"line":36,"column":8},"end":{"line":36,"column":43}},"11":{"start":{"line":37,"column":8},"end":{"line":37,"column":19}},"12":{"start":{"line":41,"column":8},"end":{"line":41,"column":49}},"13":{"start":{"line":48,"column":8},"end":{"line":48,"column":37}},"14":{"start":{"line":50,"column":8},"end":{"line":50,"column":1544}},"15":{"start":{"line":51,"column":12},"end":{"line":51,"column":53}},"16":{"start":{"line":52,"column":12},"end":{"line":52,"column":44}},"17":{"start":{"line":55,"column":8},"end":{"line":55,"column":28}},"18":{"start":{"line":56,"column":8},"end":{"line":56,"column":28}},"19":{"start":{"line":58,"column":8},"end":{"line":58,"column":36}},"20":{"start":{"line":60,"column":8},"end":{"line":60,"column":19}}},"branchMap":{"1":{"line":24,"type":"if","locations":[{"start":{"line":24,"column":8},"end":{"line":24,"column":8}},{"start":{"line":24,"column":8},"end":{"line":24,"column":8}}]},"2":{"line":48,"type":"if","locations":[{"start":{"line":48,"column":8},"end":{"line":48,"column":8}},{"start":{"line":48,"column":8},"end":{"line":48,"column":8}}]},"3":{"line":50,"type":"if","locations":[{"start":{"line":50,"column":8},"end":{"line":50,"column":8}},{"start":{"line":50,"column":8},"end":{"line":50,"column":8}}]},"4":{"line":51,"type":"if","locations":[{"start":{"line":51,"column":12},"end":{"line":51,"column":12}},{"start":{"line":51,"column":12},"end":{"line":51,"column":12}}]}}},
"contracts/CarefulMath.sol":{"l":{"15":36,"16":0,"19":36,"21":36,"22":0,"24":36,"32":36,"33":0,"36":36,"43":18,"44":18,"46":0,"54":3,"61":6,"63":6,"64":6,"66":0,"74":0,"75":0,"82":0,"84":0,"85":0,"88":0},"path":"/Users/raghu/Alkemi/alkemi-earn-protocol/contracts/CarefulMath.sol","s":{"1":36,"2":0,"3":36,"4":36,"5":0,"6":36,"7":36,"8":0,"9":36,"10":18,"11":18,"12":0,"13":3,"14":6,"15":6,"16":6,"17":0,"18":0,"19":0,"20":0,"21":0,"22":0,"23":0},"b":{"1":[0,36],"2":[0,36],"3":[0,36],"4":[18,0],"5":[6,0],"6":[0,0]},"f":{"1":36,"2":36,"3":18,"4":3,"5":6,"6":0,"7":0},"fnMap":{"1":{"name":"mul","line":14,"loc":{"start":{"line":14,"column":4},"end":{"line":26,"column":4}}},"2":{"name":"div","line":31,"loc":{"start":{"line":31,"column":4},"end":{"line":37,"column":4}}},"3":{"name":"sub","line":42,"loc":{"start":{"line":42,"column":4},"end":{"line":48,"column":4}}},"4":{"name":"subInt","line":53,"loc":{"start":{"line":53,"column":4},"end":{"line":55,"column":4}}},"5":{"name":"add","line":60,"loc":{"start":{"line":60,"column":4},"end":{"line":68,"column":4}}},"6":{"name":"addInt","line":73,"loc":{"start":{"line":73,"column":4},"end":{"line":76,"column":4}}},"7":{"name":"addThenSub","line":81,"loc":{"start":{"line":81,"column":4},"end":{"line":89,"column":4}}}},"statementMap":{"1":{"start":{"line":15,"column":8},"end":{"line":15,"column":459}},"2":{"start":{"line":16,"column":12},"end":{"line":16,"column":38}},"3":{"start":{"line":19,"column":8},"end":{"line":19,"column":22}},"4":{"start":{"line":21,"column":8},"end":{"line":21,"column":557}},"5":{"start":{"line":22,"column":12},"end":{"line":22,"column":46}},"6":{"start":{"line":24,"column":12},"end":{"line":24,"column":38}},"7":{"start":{"line":32,"column":8},"end":{"line":32,"column":862}},"8":{"start":{"line":33,"column":12},"end":{"line":33,"column":46}},"9":{"start":{"line":36,"column":8},"end":{"line":36,"column":38}},"10":{"start":{"line":43,"column":8},"end":{"line":43,"column":1187}},"11":{"start":{"line":44,"column":12},"end":{"line":44,"column":42}},"12":{"start":{"line":46,"column":12},"end":{"line":46,"column":47}},"13":{"start":{"line":54,"column":12},"end":{"line":54,"column":47}},"14":{"start":{"line":61,"column":8},"end":{"line":61,"column":22}},"15":{"start":{"line":63,"column":8},"end":{"line":63,"column":1763}},"16":{"start":{"line":64,"column":12},"end":{"line":64,"column":38}},"17":{"start":{"line":66,"column":12},"end":{"line":66,"column":46}},"18":{"start":{"line":74,"column":8},"end":{"line":74,"column":26}},"19":{"start":{"line":75,"column":12},"end":{"line":75,"column":38}},"20":{"start":{"line":82,"column":8},"end":{"line":82,"column":42}},"21":{"start":{"line":84,"column":8},"end":{"line":84,"column":2321}},"22":{"start":{"line":85,"column":12},"end":{"line":85,"column":28}},"23":{"start":{"line":88,"column":8},"end":{"line":88,"column":26}}},"branchMap":{"1":{"line":15,"type":"if","locations":[{"start":{"line":15,"column":8},"end":{"line":15,"column":8}},{"start":{"line":15,"column":8},"end":{"line":15,"column":8}}]},"2":{"line":21,"type":"if","locations":[{"start":{"line":21,"column":8},"end":{"line":21,"column":8}},{"start":{"line":21,"column":8},"end":{"line":21,"column":8}}]},"3":{"line":32,"type":"if","locations":[{"start":{"line":32,"column":8},"end":{"line":32,"column":8}},{"start":{"line":32,"column":8},"end":{"line":32,"column":8}}]},"4":{"line":43,"type":"if","locations":[{"start":{"line":43,"column":8},"end":{"line":43,"column":8}},{"start":{"line":43,"column":8},"end":{"line":43,"column":8}}]},"5":{"line":63,"type":"if","locations":[{"start":{"line":63,"column":8},"end":{"line":63,"column":8}},{"start":{"line":63,"column":8},"end":{"line":63,"column":8}}]},"6":{"line":84,"type":"if","locations":[{"start":{"line":84,"column":8},"end":{"line":84,"column":8}},{"start":{"line":84,"column":8},"end":{"line":84,"column":8}}]}}},
"contracts/EIP20Interface.sol":{"l":{},"path":"/Users/raghu/Alkemi/alkemi-earn-protocol/contracts/EIP20Interface.sol","s":{},"b":{},"f":{},"fnMap":{},"statementMap":{},"branchMap":{}},
"contracts/EIP20NonStandardInterface.sol":{"l":{},"path":"/Users/raghu/Alkemi/alkemi-earn-protocol/contracts/EIP20NonStandardInterface.sol","s":{},"b":{},"f":{},"fnMap":{},"statementMap":{},"branchMap":{}},
"contracts/ErrorReporter.sol":{"l":{"161":2,"163":2,"170":0,"172":0},"path":"/Users/raghu/Alkemi/alkemi-earn-protocol/contracts/ErrorReporter.sol","s":{"1":2,"2":2,"3":0,"4":0},"b":{},"f":{"1":2,"2":0},"fnMap":{"1":{"name":"fail","line":160,"loc":{"start":{"line":160,"column":4},"end":{"line":164,"column":4}}},"2":{"name":"failOpaque","line":169,"loc":{"start":{"line":169,"column":4},"end":{"line":173,"column":4}}}},"statementMap":{"1":{"start":{"line":161,"column":8},"end":{"line":161,"column":46}},"2":{"start":{"line":163,"column":8},"end":{"line":163,"column":24}},"3":{"start":{"line":170,"column":8},"end":{"line":170,"column":71}},"4":{"start":{"line":172,"column":8},"end":{"line":172,"column":39}}},"branchMap":{}},
"contracts/Exponential.sol":{"l":{"32":30,"33":30,"34":0,"37":30,"38":30,"39":0,"42":30,"49":0,"51":0,"58":0,"60":0,"67":18,"69":18,"76":3,"78":3,"85":0,"86":0,"87":0,"90":0,"97":0,"98":0,"99":0,"102":0,"118":0,"119":0,"120":0,"122":0,"130":6,"131":6,"132":0,"138":6,"139":6,"140":0,"143":6,"145":6,"147":6,"156":9,"165":0,"172":0,"179":0,"186":0,"193":0},"path":"/Users/raghu/Alkemi/alkemi-earn-protocol/contracts/Exponential.sol","s":{"1":30,"2":30,"3":0,"4":30,"5":30,"6":0,"7":30,"8":0,"9":0,"10":0,"11":0,"12":18,"13":18,"14":3,"15":3,"16":0,"17":0,"18":0,"19":0,"20":0,"21":0,"22":0,"23":0,"24":0,"25":0,"26":0,"27":0,"28":6,"29":6,"30":0,"31":6,"32":6,"33":0,"34":6,"35":6,"36":6,"37":9,"38":0,"39":0,"40":0,"41":0,"42":0},"b":{"1":[0,30],"2":[0,30],"3":[0,0],"4":[0,0],"5":[0,0],"6":[0,6],"7":[0,6]},"f":{"1":30,"2":0,"3":0,"4":18,"5":3,"6":0,"7":0,"8":0,"9":6,"10":9,"11":0,"12":0,"13":0,"14":0,"15":0},"fnMap":{"1":{"name":"getExp","line":31,"loc":{"start":{"line":31,"column":4},"end":{"line":43,"column":4}}},"2":{"name":"addExp","line":48,"loc":{"start":{"line":48,"column":4},"end":{"line":52,"column":4}}},"3":{"name":"addExpNegative","line":57,"loc":{"start":{"line":57,"column":4},"end":{"line":61,"column":4}}},"4":{"name":"subExp","line":66,"loc":{"start":{"line":66,"column":4},"end":{"line":70,"column":4}}},"5":{"name":"subExpNegative","line":75,"loc":{"start":{"line":75,"column":4},"end":{"line":79,"column":4}}},"6":{"name":"mulScalar","line":84,"loc":{"start":{"line":84,"column":4},"end":{"line":91,"column":4}}},"7":{"name":"divScalar","line":96,"loc":{"start":{"line":96,"column":4},"end":{"line":103,"column":4}}},"8":{"name":"divScalarByExp","line":108,"loc":{"start":{"line":108,"column":4},"end":{"line":123,"column":4}}},"9":{"name":"mulExp","line":128,"loc":{"start":{"line":128,"column":4},"end":{"line":148,"column":4}}},"10":{"name":"divExp","line":155,"loc":{"start":{"line":155,"column":4},"end":{"line":157,"column":4}}},"11":{"name":"truncate","line":163,"loc":{"start":{"line":163,"column":4},"end":{"line":166,"column":4}}},"12":{"name":"lessThanExp","line":171,"loc":{"start":{"line":171,"column":4},"end":{"line":173,"column":4}}},"13":{"name":"lessThanOrEqualExp","line":178,"loc":{"start":{"line":178,"column":4},"end":{"line":180,"column":4}}},"14":{"name":"greaterThanExp","line":185,"loc":{"start":{"line":185,"column":4},"end":{"line":187,"column":4}}},"15":{"name":"isZeroExp","line":192,"loc":{"start":{"line":192,"column":4},"end":{"line":194,"column":4}}}},"statementMap":{"1":{"start":{"line":32,"column":8},"end":{"line":32,"column":63}},"2":{"start":{"line":33,"column":8},"end":{"line":33,"column":1061}},"3":{"start":{"line":34,"column":12},"end":{"line":34,"column":45}},"4":{"start":{"line":37,"column":8},"end":{"line":37,"column":65}},"5":{"start":{"line":38,"column":8},"end":{"line":38,"column":1224}},"6":{"start":{"line":39,"column":12},"end":{"line":39,"column":45}},"7":{"start":{"line":42,"column":8},"end":{"line":42,"column":58}},"8":{"start":{"line":49,"column":8},"end":{"line":49,"column":64}},"9":{"start":{"line":51,"column":8},"end":{"line":51,"column":47}},"10":{"start":{"line":58,"column":8},"end":{"line":58,"column":66}},"11":{"start":{"line":60,"column":8},"end":{"line":60,"column":53}},"12":{"start":{"line":67,"column":8},"end":{"line":67,"column":64}},"13":{"start":{"line":69,"column":8},"end":{"line":69,"column":47}},"14":{"start":{"line":76,"column":8},"end":{"line":76,"column":66}},"15":{"start":{"line":78,"column":8},"end":{"line":78,"column":55}},"16":{"start":{"line":85,"column":8},"end":{"line":85,"column":67}},"17":{"start":{"line":86,"column":8},"end":{"line":86,"column":2868}},"18":{"start":{"line":87,"column":12},"end":{"line":87,"column":45}},"19":{"start":{"line":90,"column":8},"end":{"line":90,"column":64}},"20":{"start":{"line":97,"column":8},"end":{"line":97,"column":69}},"21":{"start":{"line":98,"column":8},"end":{"line":98,"column":3278}},"22":{"start":{"line":99,"column":12},"end":{"line":99,"column":45}},"23":{"start":{"line":102,"column":8},"end":{"line":102,"column":66}},"24":{"start":{"line":118,"column":8},"end":{"line":118,"column":60}},"25":{"start":{"line":119,"column":8},"end":{"line":119,"column":3967}},"26":{"start":{"line":120,"column":12},"end":{"line":120,"column":45}},"27":{"start":{"line":122,"column":8},"end":{"line":122,"column":50}},"28":{"start":{"line":130,"column":8},"end":{"line":130,"column":76}},"29":{"start":{"line":131,"column":8},"end":{"line":131,"column":4378}},"30":{"start":{"line":132,"column":12},"end":{"line":132,"column":45}},"31":{"start":{"line":138,"column":8},"end":{"line":138,"column":100}},"32":{"start":{"line":139,"column":8},"end":{"line":139,"column":4877}},"33":{"start":{"line":140,"column":12},"end":{"line":140,"column":45}},"34":{"start":{"line":143,"column":8},"end":{"line":143,"column":84}},"35":{"start":{"line":145,"column":8},"end":{"line":145,"column":37}},"36":{"start":{"line":147,"column":8},"end":{"line":147,"column":57}},"37":{"start":{"line":156,"column":8},"end":{"line":156,"column":45}},"38":{"start":{"line":165,"column":8},"end":{"line":165,"column":36}},"39":{"start":{"line":172,"column":8},"end":{"line":172,"column":45}},"40":{"start":{"line":179,"column":8},"end":{"line":179,"column":46}},"41":{"start":{"line":186,"column":8},"end":{"line":186,"column":45}},"42":{"start":{"line":193,"column":8},"end":{"line":193,"column":34}}},"branchMap":{"1":{"line":33,"type":"if","locations":[{"start":{"line":33,"column":8},"end":{"line":33,"column":8}},{"start":{"line":33,"column":8},"end":{"line":33,"column":8}}]},"2":{"line":38,"type":"if","locations":[{"start":{"line":38,"column":8},"end":{"line":38,"column":8}},{"start":{"line":38,"column":8},"end":{"line":38,"column":8}}]},"3":{"line":86,"type":"if","locations":[{"start":{"line":86,"column":8},"end":{"line":86,"column":8}},{"start":{"line":86,"column":8},"end":{"line":86,"column":8}}]},"4":{"line":98,"type":"if","locations":[{"start":{"line":98,"column":8},"end":{"line":98,"column":8}},{"start":{"line":98,"column":8},"end":{"line":98,"column":8}}]},"5":{"line":119,"type":"if","locations":[{"start":{"line":119,"column":8},"end":{"line":119,"column":8}},{"start":{"line":119,"column":8},"end":{"line":119,"column":8}}]},"6":{"line":131,"type":"if","locations":[{"start":{"line":131,"column":8},"end":{"line":131,"column":8}},{"start":{"line":131,"column":8},"end":{"line":131,"column":8}}]},"7":{"line":139,"type":"if","locations":[{"start":{"line":139,"column":8},"end":{"line":139,"column":8}},{"start":{"line":139,"column":8},"end":{"line":139,"column":8}}]}}},
"contracts/InterestRateModel.sol":{"l":{},"path":"/Users/raghu/Alkemi/alkemi-earn-protocol/contracts/InterestRateModel.sol","s":{},"b":{},"f":{},"fnMap":{},"statementMap":{},"branchMap":{}},
"contracts/MoneyMarket.sol":{"l":{"28":0,"29":0,"30":0,"31":0,"32":0,"33":0,"34":0,"35":0,"36":0,"37":0,"38":0,"39":0,"48":0,"498":0,"499":0,"506":0,"514":0,"515":0,"517":0,"518":0,"527":0,"528":0,"529":0,"531":0,"532":0,"541":0,"542":0,"544":0,"545":0,"546":0,"554":0,"555":0,"557":0,"558":0,"559":0,"566":0,"567":0,"568":0,"575":0,"576":0,"577":0,"584":0,"591":0,"603":0,"604":0,"606":0,"607":0,"616":0,"617":0,"619":0,"620":0,"621":0,"629":0,"630":0,"632":0,"633":0,"634":0,"641":0,"648":0,"649":0,"651":0,"660":0,"668":0,"669":0,"670":0,"674":0,"683":0,"693":0,"694":0,"695":0,"700":0,"701":0,"702":0,"706":0,"707":0,"708":0,"712":0,"713":0,"714":0,"719":0,"730":0,"733":0,"735":0,"736":0,"737":0,"740":0,"747":0,"748":0,"749":0,"752":0,"753":0,"756":0,"765":0,"766":0,"767":0,"768":0,"769":0,"770":0,"773":0,"774":0,"778":0,"779":0,"780":0,"784":0,"795":0,"796":0,"799":0,"800":0,"801":0,"804":0,"805":0,"806":0,"809":0,"817":0,"818":0,"821":0,"823":0,"834":0,"835":0,"836":0,"838":0,"847":0,"848":0,"849":0,"851":0,"852":0,"853":0,"856":0,"857":0,"858":0,"861":0,"874":0,"875":0,"879":0,"881":0,"883":0,"885":0,"896":0,"897":0,"901":0,"903":0,"905":0,"907":0,"909":0,"920":2,"921":2,"929":0,"932":0,"934":0,"936":0,"938":0,"949":0,"950":0,"953":0,"954":0,"956":0,"969":0,"970":0,"972":0,"973":0,"975":0,"987":0,"988":0,"989":0,"991":0,"992":0,"995":0,"996":0,"999":0,"1000":0,"1002":0,"1013":0,"1014":0,"1015":0,"1017":0,"1018":0,"1021":0,"1022":0,"1025":0,"1026":0,"1028":0,"1041":0,"1042":0,"1045":0,"1046":0,"1047":0,"1050":0,"1051":0,"1055":0,"1058":0,"1061":0,"1064":0,"1065":0,"1068":0,"1069":0,"1072":0,"1074":0,"1087":0,"1088":0,"1095":0,"1096":0,"1100":0,"1102":0,"1104":0,"1116":0,"1117":0,"1120":0,"1121":0,"1122":0,"1123":0,"1124":0,"1125":0,"1127":0,"1128":0,"1131":0,"1132":0,"1137":0,"1138":0,"1143":0,"1144":0,"1146":0,"1147":0,"1151":0,"1152":0,"1155":0,"1156":0,"1158":0,"1160":0,"1171":0,"1172":0,"1176":0,"1178":0,"1180":0,"1182":0,"1193":0,"1194":0,"1198":0,"1200":0,"1202":0,"1214":0,"1215":0,"1219":0,"1220":0,"1221":0,"1222":0,"1225":0,"1226":0,"1233":0,"1235":0,"1236":0,"1238":0,"1241":0,"1242":0,"1243":0,"1248":0,"1250":0,"1259":0,"1260":0,"1262":0,"1263":0,"1264":0,"1265":0,"1275":0,"1276":0,"1277":0,"1278":0,"1281":0,"1291":0,"1292":0,"1304":0,"1305":0,"1306":0,"1309":0,"1310":0,"1312":0,"1313":0,"1314":0,"1317":0,"1318":0,"1319":0,"1321":0,"1323":0,"1324":0,"1325":0,"1326":0,"1331":0,"1332":0,"1333":0,"1334":0,"1337":0,"1338":0,"1339":0,"1340":0,"1343":0,"1344":0,"1345":0,"1346":0,"1350":0,"1351":0,"1352":0,"1353":0,"1357":0,"1359":0,"1360":0,"1361":0,"1362":0,"1366":0,"1367":0,"1368":0,"1369":0,"1373":0,"1374":0,"1375":0,"1376":0,"1379":0,"1380":0,"1381":0,"1382":0,"1388":0,"1390":0,"1391":0,"1392":0,"1394":0,"1397":0,"1398":0,"1399":0,"1400":0,"1401":0,"1405":0,"1406":0,"1411":0,"1412":0,"1413":0,"1414":0,"1415":0,"1416":0,"1419":0,"1420":0,"1421":0,"1423":0,"1425":0,"1435":0,"1436":0,"1445":0,"1446":0,"1448":0,"1449":0,"1460":0,"1461":0,"1464":0,"1465":0,"1467":0,"1468":0,"1469":0,"1472":0,"1473":0,"1474":0,"1478":0,"1479":0,"1480":0,"1483":0,"1484":0,"1485":0,"1489":0,"1490":0,"1491":0,"1492":0,"1494":0,"1496":0,"1503":0,"1504":0,"1505":0,"1506":0,"1511":0,"1512":0,"1513":0,"1517":0,"1518":0,"1524":0,"1525":0,"1526":0,"1530":0,"1531":0,"1537":0,"1538":0,"1539":0,"1543":0,"1544":0,"1545":0,"1549":0,"1550":0,"1551":0,"1554":0,"1555":0,"1556":0,"1563":0,"1565":0,"1566":0,"1568":0,"1571":0,"1572":0,"1573":0,"1578":0,"1579":0,"1580":0,"1581":0,"1582":0,"1583":0,"1586":0,"1587":0,"1588":0,"1590":0,"1592":0,"1602":0,"1603":0,"1604":0,"1605":0,"1606":0,"1607":0,"1610":0,"1612":0,"1613":0,"1615":0,"1616":0,"1617":0,"1622":0,"1624":0,"1625":0,"1627":0,"1630":0,"1631":0,"1633":0,"1657":0,"1658":0,"1659":0,"1660":0,"1661":0,"1663":0,"1664":0,"1665":0,"1666":0,"1667":0,"1669":0,"1671":0,"1672":0,"1673":0,"1676":0,"1677":0,"1678":0,"1682":0,"1683":0,"1684":0,"1688":0,"1689":0,"1690":0,"1694":0,"1696":0,"1697":0,"1698":0,"1701":0,"1702":0,"1703":0,"1707":0,"1708":0,"1709":0,"1713":0,"1714":0,"1715":0,"1720":0,"1734":0,"1735":0,"1737":0,"1740":0,"1750":0,"1751":0,"1752":0,"1754":0,"1755":0,"1756":0,"1757":0,"1758":0,"1761":0,"1762":0,"1763":0,"1764":0,"1767":0,"1768":0,"1769":0,"1770":0,"1775":0,"1776":0,"1778":0,"1783":0,"1784":0,"1785":0,"1786":0,"1791":0,"1792":0,"1793":0,"1794":0,"1795":0,"1802":0,"1803":0,"1804":0,"1805":0,"1809":0,"1811":0,"1812":0,"1813":0,"1814":0,"1820":0,"1821":0,"1822":0,"1823":0,"1826":0,"1827":0,"1828":0,"1829":0,"1832":0,"1833":0,"1834":0,"1835":0,"1841":0,"1843":0,"1844":0,"1845":0,"1847":0,"1850":0,"1851":0,"1852":0,"1853":0,"1854":0,"1858":0,"1859":0,"1864":0,"1865":0,"1866":0,"1867":0,"1868":0,"1869":0,"1872":0,"1873":0,"1874":0,"1876":0,"1878":0,"1880":0,"1892":0,"1893":0,"1895":0,"1898":0,"1899":0,"1900":0,"1901":0,"1903":0,"1904":0,"1905":0,"1906":0,"1909":0,"1911":0,"1912":0,"1914":0,"1915":0,"1916":0,"1919":0,"1921":0,"1924":0,"1925":0,"1926":0,"1929":0,"1930":0,"1931":0,"1935":0,"1936":0,"1937":0,"1940":0,"1941":0,"1942":0,"1948":0,"1949":0,"1950":0,"1958":0,"1959":0,"1960":0,"1965":0,"1966":0,"1967":0,"1981":0,"1983":0,"1984":0,"1987":0,"1989":0,"1991":0,"1992":0,"1997":0,"2000":0,"2003":0,"2007":0,"2008":0,"2010":0,"2016":0,"2017":0,"2021":0,"2022":0,"2023":0,"2028":0,"2029":0,"2030":0,"2031":0,"2040":0,"2042":0,"2047":0,"2048":0,"2049":0,"2053":0,"2054":0,"2055":0,"2056":0,"2063":0,"2064":0,"2065":0,"2068":0,"2069":0,"2070":0,"2073":0,"2074":0,"2075":0,"2083":0,"2084":0,"2085":0,"2089":0,"2093":0,"2096":0,"2099":0,"2106":0,"2107":0,"2108":0,"2110":0,"2113":0,"2114":0,"2115":0,"2120":0,"2121":0,"2123":0,"2124":0,"2125":0,"2126":0,"2130":0,"2131":0,"2132":0,"2133":0,"2137":0,"2138":0,"2139":0,"2141":0,"2142":0,"2143":0,"2145":0,"2146":0,"2147":0,"2149":0,"2151":0,"2153":0,"2162":0,"2182":0,"2183":0,"2184":0,"2185":0,"2186":0,"2187":0,"2188":0,"2191":0,"2192":0,"2193":0,"2196":0,"2197":0,"2198":0,"2201":0,"2202":0,"2203":0,"2206":0,"2211":0,"2213":0,"2215":0,"2216":0,"2219":0,"2228":0,"2229":0,"2230":0,"2231":0,"2232":0,"2234":0,"2235":0,"2236":0,"2239":0,"2240":0,"2241":0,"2244":0,"2245":0,"2246":0,"2249":0,"2250":0,"2251":0,"2254":0,"2266":0,"2269":0,"2272":0,"2277":0,"2280":0,"2282":0,"2284":0,"2286":0,"2287":0,"2288":0,"2291":0,"2292":0,"2293":0,"2296":0,"2297":0,"2298":0,"2301":0,"2312":0,"2313":0,"2315":0,"2316":0,"2317":0,"2319":0,"2320":0,"2323":0,"2324":0,"2328":0,"2329":0,"2330":0,"2333":0,"2334":0,"2335":0,"2339":0,"2340":0,"2341":0,"2343":0,"2346":0,"2347":0,"2348":0,"2352":0,"2353":0,"2354":0,"2358":0,"2359":0,"2360":0,"2364":0,"2365":0,"2371":0,"2372":0,"2373":0,"2375":0,"2376":0,"2380":0,"2382":0,"2383":0,"2385":0,"2391":0,"2392":0,"2393":0,"2396":0,"2397":0,"2398":0,"2401":0,"2402":0,"2403":0,"2410":0,"2412":0,"2413":0,"2415":0,"2418":0,"2419":0,"2420":0,"2425":0,"2426":0,"2427":0,"2428":0,"2429":0,"2430":0,"2433":0,"2434":0,"2435":0,"2437":0,"2439":0,"2441":0,"2445":0,"2446":0,"2447":0,"2448":0,"2450":0,"2452":0,"2454":0,"2455":0,"2457":0,"2459":0,"2461":0,"2464":0,"2467":0,"2470":0,"2471":0,"2472":0,"2474":0},"path":"/Users/raghu/Alkemi/alkemi-earn-protocol/contracts/MoneyMarket.sol","s":{"1":0,"2":0,"3":0,"4":0,"5":0,"6":0,"7":0,"8":0,"9":0,"10":0,"11":0,"12":0,"13":0,"14":0,"15":0,"16":0,"17":0,"18":0,"19":0,"20":0,"21":0,"22":0,"23":0,"24":0,"25":0,"26":0,"27":0,"28":0,"29":0,"30":0,"31":0,"32":0,"33":0,"34":0,"35":0,"36":0,"37":0,"38":0,"39":0,"40":0,"41":0,"42":0,"43":0,"44":0,"45":0,"46":0,"47":0,"48":0,"49":0,"50":0,"51":0,"52":0,"53":0,"54":0,"55":0,"56":0,"57":0,"58":0,"59":0,"60":0,"61":0,"62":0,"63":0,"64":0,"65":0,"66":0,"67":0,"68":0,"69":0,"70":0,"71":0,"72":0,"73":0,"74":0,"75":0,"76":0,"77":0,"78":0,"79":0,"80":0,"81":0,"82":0,"83":0,"84":0,"85":0,"86":0,"87":0,"88":0,"89":0,"90":0,"91":0,"92":0,"93":0,"94":0,"95":0,"96":0,"97":0,"98":0,"99":0,"100":0,"101":0,"102":0,"103":0,"104":0,"105":0,"106":0,"107":0,"108":0,"109":0,"110":0,"111":0,"112":0,"113":0,"114":0,"115":0,"116":0,"117":0,"118":0,"119":0,"120":0,"121":0,"122":0,"123":0,"124":0,"125":0,"126":0,"127":0,"128":0,"129":0,"130":0,"131":0,"132":0,"133":0,"134":0,"135":0,"136":0,"137":0,"138":0,"139":0,"140":0,"141":2,"142":2,"143":0,"144":0,"145":0,"146":0,"147":0,"148":0,"149":0,"150":0,"151":0,"152":0,"153":0,"154":0,"155":0,"156":0,"157":0,"158":0,"159":0,"160":0,"161":0,"162":0,"163":0,"164":0,"165":0,"166":0,"167":0,"168":0,"169":0,"170":0,"171":0,"172":0,"173":0,"174":0,"175":0,"176":0,"177":0,"178":0,"179":0,"180":0,"181":0,"182":0,"183":0,"184":0,"185":0,"186":0,"187":0,"188":0,"189":0,"190":0,"191":0,"192":0,"193":0,"194":0,"195":0,"196":0,"197":0,"198":0,"199":0,"200":0,"201":0,"202":0,"203":0,"204":0,"205":0,"206":0,"207":0,"208":0,"209":0,"210":0,"211":0,"212":0,"213":0,"214":0,"215":0,"216":0,"217":0,"218":0,"219":0,"220":0,"221":0,"222":0,"223":0,"224":0,"225":0,"226":0,"227":0,"228":0,"229":0,"230":0,"231":0,"232":0,"233":0,"234":0,"235":0,"236":0,"237":0,"238":0,"239":0,"240":0,"241":0,"242":0,"243":0,"244":0,"245":0,"246":0,"247":0,"248":0,"249":0,"250":0,"251":0,"252":0,"253":0,"254":0,"255":0,"256":0,"257":0,"258":0,"259":0,"260":0,"261":0,"262":0,"263":0,"264":0,"265":0,"266":0,"267":0,"268":0,"269":0,"270":0,"271":0,"272":0,"273":0,"274":0,"275":0,"276":0,"277":0,"278":0,"279":0,"280":0,"281":0,"282":0,"283":0,"284":0,"285":0,"286":0,"287":0,"288":0,"289":0,"290":0,"291":0,"292":0,"293":0,"294":0,"295":0,"296":0,"297":0,"298":0,"299":0,"300":0,"301":0,"302":0,"303":0,"304":0,"305":0,"306":0,"307":0,"308":0,"309":0,"310":0,"311":0,"312":0,"313":0,"314":0,"315":0,"316":0,"317":0,"318":0,"319":0,"320":0,"321":0,"322":0,"323":0,"324":0,"325":0,"326":0,"327":0,"328":0,"329":0,"330":0,"331":0,"332":0,"333":0,"334":0,"335":0,"336":0,"337":0,"338":0,"339":0,"340":0,"341":0,"342":0,"343":0,"344":0,"345":0,"346":0,"347":0,"348":0,"349":0,"350":0,"351":0,"352":0,"353":0,"354":0,"355":0,"356":0,"357":0,"358":0,"359":0,"360":0,"361":0,"362":0,"363":0,"364":0,"365":0,"366":0,"367":0,"368":0,"369":0,"370":0,"371":0,"372":0,"373":0,"374":0,"375":0,"376":0,"377":0,"378":0,"379":0,"380":0,"381":0,"382":0,"383":0,"384":0,"385":0,"386":0,"387":0,"388":0,"389":0,"390":0,"391":0,"392":0,"393":0,"394":0,"395":0,"396":0,"397":0,"398":0,"399":0,"400":0,"401":0,"402":0,"403":0,"404":0,"405":0,"406":0,"407":0,"408":0,"409":0,"410":0,"411":0,"412":0,"413":0,"414":0,"415":0,"416":0,"417":0,"418":0,"419":0,"420":0,"421":0,"422":0,"423":0,"424":0,"425":0,"426":0,"427":0,"428":0,"429":0,"430":0,"431":0,"432":0,"433":0,"434":0,"435":0,"436":0,"437":0,"438":0,"439":0,"440":0,"441":0,"442":0,"443":0,"444":0,"445":0,"446":0,"447":0,"448":0,"449":0,"450":0,"451":0,"452":0,"453":0,"454":0,"455":0,"456":0,"457":0,"458":0,"459":0,"460":0,"461":0,"462":0,"463":0,"464":0,"465":0,"466":0,"467":0,"468":0,"469":0,"470":0,"471":0,"472":0,"473":0,"474":0,"475":0,"476":0,"477":0,"478":0,"479":0,"480":0,"481":0,"482":0,"483":0,"484":0,"485":0,"486":0,"487":0,"488":0,"489":0,"490":0,"491":0,"492":0,"493":0,"494":0,"495":0,"496":0,"497":0,"498":0,"499":0,"500":0,"501":0,"502":0,"503":0,"504":0,"505":0,"506":0,"507":0,"508":0,"509":0,"510":0,"511":0,"512":0,"513":0,"514":0,"515":0,"516":0,"517":0,"518":0,"519":0,"520":0,"521":0,"522":0,"523":0,"524":0,"525":0,"526":0,"527":0,"528":0,"529":0,"530":0,"531":0,"532":0,"533":0,"534":0,"535":0,"536":0,"537":0,"538":0,"539":0,"540":0,"541":0,"542":0,"543":0,"544":0,"545":0,"546":0,"547":0,"548":0,"549":0,"550":0,"551":0,"552":0,"553":0,"554":0,"555":0,"556":0,"557":0,"558":0,"559":0,"560":0,"561":0,"562":0,"563":0,"564":0,"565":0,"566":0,"567":0,"568":0,"569":0,"570":0,"571":0,"572":0,"573":0,"574":0,"575":0,"576":0,"577":0,"578":0,"579":0,"580":0,"581":0,"582":0,"583":0,"584":0,"585":0,"586":0,"587":0,"588":0,"589":0,"590":0,"591":0,"592":0,"593":0,"594":0,"595":0,"596":0,"597":0,"598":0,"599":0,"600":0,"601":0,"602":0,"603":0,"604":0,"605":0,"606":0,"607":0,"608":0,"609":0,"610":0,"611":0,"612":0,"613":0,"614":0,"615":0,"616":0,"617":0,"618":0,"619":0,"620":0,"621":0,"622":0,"623":0,"624":0,"625":0,"626":0,"627":0,"628":0,"629":0,"630":0,"631":0,"632":0,"633":0,"634":0,"635":0,"636":0,"637":0,"638":0,"639":0,"640":0,"641":0,"642":0,"643":0,"644":0,"645":0,"646":0,"647":0,"648":0,"649":0,"650":0,"651":0,"652":0,"653":0,"654":0,"655":0,"656":0,"657":0,"658":0,"659":0,"660":0,"661":0,"662":0,"663":0,"664":0,"665":0,"666":0,"667":0,"668":0,"669":0,"670":0,"671":0,"672":0,"673":0,"674":0,"675":0,"676":0,"677":0,"678":0,"679":0,"680":0,"681":0,"682":0,"683":0,"684":0,"685":0,"686":0,"687":0,"688":0,"689":0,"690":0,"691":0,"692":0,"693":0,"694":0,"695":0,"696":0,"697":0,"698":0,"699":0,"700":0,"701":0,"702":0,"703":0,"704":0,"705":0,"706":0,"707":0,"708":0,"709":0,"710":0,"711":0,"712":0,"713":0,"714":0,"715":0,"716":0,"717":0,"718":0,"719":0,"720":0,"721":0,"722":0,"723":0,"724":0,"725":0,"726":0,"727":0,"728":0,"729":0,"730":0,"731":0,"732":0,"733":0,"734":0,"735":0,"736":0,"737":0,"738":0,"739":0,"740":0,"741":0,"742":0,"743":0,"744":0,"745":0,"746":0,"747":0,"748":0,"749":0,"750":0,"751":0,"752":0,"753":0,"754":0,"755":0,"756":0,"757":0,"758":0,"759":0,"760":0,"761":0,"762":0,"763":0,"764":0,"765":0,"766":0,"767":0,"768":0,"769":0,"770":0,"771":0,"772":0,"773":0,"774":0,"775":0,"776":0,"777":0,"778":0,"779":0,"780":0,"781":0,"782":0,"783":0,"784":0,"785":0,"786":0,"787":0,"788":0,"789":0,"790":0,"791":0,"792":0,"793":0,"794":0,"795":0,"796":0,"797":0,"798":0,"799":0},"b":{"1":[0,0],"2":[0,0],"3":[0,0],"4":[0,0],"5":[0,0],"6":[0,0],"7":[0,0],"8":[0,0],"9":[0,0],"10":[0,0],"11":[0,0],"12":[0,0],"13":[0,0],"14":[0,0],"15":[0,0],"16":[0,0],"17":[0,0],"18":[0,0],"19":[0,0],"20":[0,0],"21":[0,0],"22":[0,0],"23":[0,0],"24":[0,0],"25":[0,0],"26":[0,0],"27":[0,0],"28":[0,0],"29":[0,0],"30":[0,0],"31":[0,0],"32":[0,0],"33":[0,0],"34":[0,0],"35":[2,0],"36":[0,0],"37":[0,0],"38":[0,0],"39":[0,0],"40":[0,0],"41":[0,0],"42":[0,0],"43":[0,0],"44":[0,0],"45":[0,0],"46":[0,0],"47":[0,0],"48":[0,0],"49":[0,0],"50":[0,0],"51":[0,0],"52":[0,0],"53":[0,0],"54":[0,0],"55":[0,0],"56":[0,0],"57":[0,0],"58":[0,0],"59":[0,0],"60":[0,0],"61":[0,0],"62":[0,0],"63":[0,0],"64":[0,0],"65":[0,0],"66":[0,0],"67":[0,0],"68":[0,0],"69":[0,0],"70":[0,0],"71":[0,0],"72":[0,0],"73":[0,0],"74":[0,0],"75":[0,0],"76":[0,0],"77":[0,0],"78":[0,0],"79":[0,0],"80":[0,0],"81":[0,0],"82":[0,0],"83":[0,0],"84":[0,0],"85":[0,0],"86":[0,0],"87":[0,0],"88":[0,0],"89":[0,0],"90":[0,0],"91":[0,0],"92":[0,0],"93":[0,0],"94":[0,0],"95":[0,0],"96":[0,0],"97":[0,0],"98":[0,0],"99":[0,0],"100":[0,0],"101":[0,0],"102":[0,0],"103":[0,0],"104":[0,0],"105":[0,0],"106":[0,0],"107":[0,0],"108":[0,0],"109":[0,0],"110":[0,0],"111":[0,0],"112":[0,0],"113":[0,0],"114":[0,0],"115":[0,0],"116":[0,0],"117":[0,0],"118":[0,0],"119":[0,0],"120":[0,0],"121":[0,0],"122":[0,0],"123":[0,0],"124":[0,0],"125":[0,0],"126":[0,0],"127":[0,0],"128":[0,0],"129":[0,0],"130":[0,0],"131":[0,0],"132":[0,0],"133":[0,0],"134":[0,0],"135":[0,0],"136":[0,0],"137":[0,0],"138":[0,0],"139":[0,0],"140":[0,0],"141":[0,0],"142":[0,0],"143":[0,0],"144":[0,0],"145":[0,0],"146":[0,0],"147":[0,0],"148":[0,0],"149":[0,0],"150":[0,0],"151":[0,0],"152":[0,0],"153":[0,0],"154":[0,0],"155":[0,0],"156":[0,0],"157":[0,0],"158":[0,0],"159":[0,0],"160":[0,0],"161":[0,0],"162":[0,0],"163":[0,0],"164":[0,0],"165":[0,0],"166":[0,0],"167":[0,0],"168":[0,0],"169":[0,0],"170":[0,0],"171":[0,0],"172":[0,0],"173":[0,0],"174":[0,0],"175":[0,0],"176":[0,0],"177":[0,0],"178":[0,0],"179":[0,0],"180":[0,0],"181":[0,0],"182":[0,0],"183":[0,0],"184":[0,0],"185":[0,0],"186":[0,0]},"f":{"1":0,"2":0,"3":0,"4":0,"5":0,"6":0,"7":0,"8":0,"9":0,"10":0,"11":0,"12":0,"13":0,"14":0,"15":0,"16":0,"17":0,"18":0,"19":0,"20":0,"21":0,"22":0,"23":0,"24":0,"25":0,"26":0,"27":0,"28":0,"29":0,"30":0,"31":2,"32":0,"33":0,"34":0,"35":0,"36":0,"37":0,"38":0,"39":0,"40":0,"41":0,"42":0,"43":0,"44":0,"45":0,"46":0,"47":0,"48":0,"49":0,"50":0,"51":0,"52":0,"53":0,"54":0,"55":0,"56":0,"57":0,"58":0,"59":0},"fnMap":{"1":{"name":"initializer","line":27,"loc":{"start":{"line":27,"column":4},"end":{"line":42,"column":4}}},"2":{"name":"","line":47,"loc":{"start":{"line":47,"column":4},"end":{"line":49,"column":4}}},"3":{"name":"onlyAdminOrManager","line":496,"loc":{"start":{"line":496,"column":4},"end":{"line":500,"column":4}}},"4":{"name":"emitError","line":505,"loc":{"start":{"line":505,"column":4},"end":{"line":507,"column":4}}},"5":{"name":"isKYCAdmin","line":512,"loc":{"start":{"line":512,"column":4},"end":{"line":520,"column":4}}},"6":{"name":"isKYCVerifiedCustomer","line":525,"loc":{"start":{"line":525,"column":4},"end":{"line":534,"column":4}}},"7":{"name":"addKYCAdmin","line":539,"loc":{"start":{"line":539,"column":4},"end":{"line":547,"column":4}}},"8":{"name":"removeKYCAdmin","line":552,"loc":{"start":{"line":552,"column":4},"end":{"line":560,"column":4}}},"9":{"name":"addCustomerKYC","line":565,"loc":{"start":{"line":565,"column":4},"end":{"line":569,"column":4}}},"10":{"name":"removeCustomerKYC","line":574,"loc":{"start":{"line":574,"column":4},"end":{"line":578,"column":4}}},"11":{"name":"verifyKYC","line":583,"loc":{"start":{"line":583,"column":4},"end":{"line":585,"column":4}}},"12":{"name":"checkKYCAdmin","line":590,"loc":{"start":{"line":590,"column":4},"end":{"line":592,"column":4}}},"13":{"name":"isLiquidator","line":601,"loc":{"start":{"line":601,"column":4},"end":{"line":609,"column":4}}},"14":{"name":"addLiquidator","line":614,"loc":{"start":{"line":614,"column":4},"end":{"line":622,"column":4}}},"15":{"name":"removeLiquidator","line":627,"loc":{"start":{"line":627,"column":4},"end":{"line":635,"column":4}}},"16":{"name":"verifyLiquidator","line":640,"loc":{"start":{"line":640,"column":4},"end":{"line":642,"column":4}}},"17":{"name":"min","line":647,"loc":{"start":{"line":647,"column":4},"end":{"line":653,"column":4}}},"18":{"name":"getBlockNumber","line":659,"loc":{"start":{"line":659,"column":4},"end":{"line":661,"column":4}}},"19":{"name":"addCollateralMarket","line":667,"loc":{"start":{"line":667,"column":4},"end":{"line":675,"column":4}}},"20":{"name":"getCollateralMarketsLength","line":682,"loc":{"start":{"line":682,"column":4},"end":{"line":684,"column":4}}},"21":{"name":"calculateInterestIndex","line":690,"loc":{"start":{"line":690,"column":4},"end":{"line":720,"column":4}}},"22":{"name":"calculateBalance","line":729,"loc":{"start":{"line":729,"column":4},"end":{"line":741,"column":4}}},"23":{"name":"getPriceForAssetAmount","line":746,"loc":{"start":{"line":746,"column":4},"end":{"line":757,"column":4}}},"24":{"name":"getPriceForAssetAmountMulCollatRatio","line":764,"loc":{"start":{"line":764,"column":4},"end":{"line":785,"column":4}}},"25":{"name":"calculateBorrowAmountWithFee","line":793,"loc":{"start":{"line":793,"column":4},"end":{"line":810,"column":4}}},"26":{"name":"fetchAssetPrice","line":816,"loc":{"start":{"line":816,"column":4},"end":{"line":824,"column":4}}},"27":{"name":"assetPrices","line":833,"loc":{"start":{"line":833,"column":4},"end":{"line":839,"column":4}}},"28":{"name":"getAssetAmountForValue","line":846,"loc":{"start":{"line":846,"column":4},"end":{"line":862,"column":4}}},"29":{"name":"_setPendingAdmin","line":872,"loc":{"start":{"line":872,"column":4},"end":{"line":886,"column":4}}},"30":{"name":"_acceptAdmin","line":893,"loc":{"start":{"line":893,"column":4},"end":{"line":910,"column":4}}},"31":{"name":"_setOracle","line":918,"loc":{"start":{"line":918,"column":4},"end":{"line":939,"column":4}}},"32":{"name":"_setPaused","line":947,"loc":{"start":{"line":947,"column":4},"end":{"line":957,"column":4}}},"33":{"name":"getAccountLiquidity","line":968,"loc":{"start":{"line":968,"column":4},"end":{"line":977,"column":4}}},"34":{"name":"getSupplyBalance","line":986,"loc":{"start":{"line":986,"column":4},"end":{"line":1003,"column":4}}},"35":{"name":"getBorrowBalance","line":1012,"loc":{"start":{"line":1012,"column":4},"end":{"line":1029,"column":4}}},"36":{"name":"_supportMarket","line":1039,"loc":{"start":{"line":1039,"column":4},"end":{"line":1075,"column":4}}},"37":{"name":"_suspendMarket","line":1085,"loc":{"start":{"line":1085,"column":4},"end":{"line":1105,"column":4}}},"38":{"name":"_setRiskParameters","line":1114,"loc":{"start":{"line":1114,"column":4},"end":{"line":1161,"column":4}}},"39":{"name":"_setOriginationFee","line":1169,"loc":{"start":{"line":1169,"column":4},"end":{"line":1183,"column":4}}},"40":{"name":"_setMarketInterestRateModel","line":1191,"loc":{"start":{"line":1191,"column":4},"end":{"line":1203,"column":4}}},"41":{"name":"_withdrawEquity","line":1212,"loc":{"start":{"line":1212,"column":4},"end":{"line":1251,"column":4}}},"42":{"name":"setWethAddress","line":1257,"loc":{"start":{"line":1257,"column":4},"end":{"line":1266,"column":4}}},"43":{"name":"supplyEther","line":1274,"loc":{"start":{"line":1274,"column":4},"end":{"line":1283,"column":4}}},"44":{"name":"revertEtherToUser","line":1290,"loc":{"start":{"line":1290,"column":4},"end":{"line":1294,"column":4}}},"45":{"name":"supply","line":1303,"loc":{"start":{"line":1303,"column":4},"end":{"line":1426,"column":4}}},"46":{"name":"withdrawEther","line":1434,"loc":{"start":{"line":1434,"column":4},"end":{"line":1437,"column":4}}},"47":{"name":"sendEtherToUser","line":1443,"loc":{"start":{"line":1443,"column":4},"end":{"line":1450,"column":4}}},"48":{"name":"withdraw","line":1459,"loc":{"start":{"line":1459,"column":4},"end":{"line":1593,"column":4}}},"49":{"name":"calculateAccountLiquidity","line":1601,"loc":{"start":{"line":1601,"column":4},"end":{"line":1635,"column":4}}},"50":{"name":"calculateAccountValuesInternal","line":1648,"loc":{"start":{"line":1648,"column":4},"end":{"line":1721,"column":4}}},"51":{"name":"calculateAccountValues","line":1733,"loc":{"start":{"line":1733,"column":4},"end":{"line":1741,"column":4}}},"52":{"name":"repayBorrow","line":1749,"loc":{"start":{"line":1749,"column":4},"end":{"line":1881,"column":4}}},"53":{"name":"liquidateBorrow","line":1891,"loc":{"start":{"line":1891,"column":4},"end":{"line":2154,"column":4}}},"54":{"name":"emitLiquidationEvent","line":2159,"loc":{"start":{"line":2159,"column":4},"end":{"line":2174,"column":4}}},"55":{"name":"calculateDiscountedRepayToEvenAmount","line":2181,"loc":{"start":{"line":2181,"column":4},"end":{"line":2220,"column":4}}},"56":{"name":"calculateDiscountedBorrowDenominatedCollateral","line":2225,"loc":{"start":{"line":2225,"column":4},"end":{"line":2255,"column":4}}},"57":{"name":"calculateAmountSeize","line":2261,"loc":{"start":{"line":2261,"column":4},"end":{"line":2302,"column":4}}},"58":{"name":"borrow","line":2311,"loc":{"start":{"line":2311,"column":4},"end":{"line":2442,"column":4}}},"59":{"name":"supplyOriginationFeeAsAdmin","line":2444,"loc":{"start":{"line":2444,"column":4},"end":{"line":2476,"column":4}}}},"statementMap":{"1":{"start":{"line":28,"column":8},"end":{"line":28,"column":1153}},"2":{"start":{"line":29,"column":12},"end":{"line":29,"column":36}},"3":{"start":{"line":30,"column":12},"end":{"line":30,"column":29}},"4":{"start":{"line":31,"column":12},"end":{"line":31,"column":42}},"5":{"start":{"line":32,"column":12},"end":{"line":32,"column":45}},"6":{"start":{"line":33,"column":12},"end":{"line":33,"column":52}},"7":{"start":{"line":34,"column":12},"end":{"line":34,"column":50}},"8":{"start":{"line":35,"column":12},"end":{"line":35,"column":59}},"9":{"start":{"line":36,"column":12},"end":{"line":36,"column":58}},"10":{"start":{"line":37,"column":12},"end":{"line":37,"column":68}},"11":{"start":{"line":38,"column":12},"end":{"line":38,"column":66}},"12":{"start":{"line":39,"column":12},"end":{"line":39,"column":76}},"13":{"start":{"line":48,"column":8},"end":{"line":48,"column":15}},"14":{"start":{"line":498,"column":8},"end":{"line":498,"column":105}},"15":{"start":{"line":506,"column":8},"end":{"line":506,"column":35}},"16":{"start":{"line":514,"column":8},"end":{"line":514,"column":18884}},"17":{"start":{"line":515,"column":12},"end":{"line":515,"column":86}},"18":{"start":{"line":517,"column":12},"end":{"line":517,"column":90}},"19":{"start":{"line":527,"column":8},"end":{"line":527,"column":19328}},"20":{"start":{"line":528,"column":12},"end":{"line":528,"column":50}},"21":{"start":{"line":529,"column":12},"end":{"line":529,"column":118}},"22":{"start":{"line":531,"column":12},"end":{"line":531,"column":79}},"23":{"start":{"line":541,"column":8},"end":{"line":541,"column":19868}},"24":{"start":{"line":542,"column":12},"end":{"line":542,"column":129}},"25":{"start":{"line":544,"column":8},"end":{"line":544,"column":33}},"26":{"start":{"line":545,"column":8},"end":{"line":545,"column":36}},"27":{"start":{"line":546,"column":8},"end":{"line":546,"column":35}},"28":{"start":{"line":554,"column":8},"end":{"line":554,"column":20358}},"29":{"start":{"line":555,"column":12},"end":{"line":555,"column":129}},"30":{"start":{"line":557,"column":8},"end":{"line":557,"column":34}},"31":{"start":{"line":558,"column":8},"end":{"line":558,"column":38}},"32":{"start":{"line":559,"column":8},"end":{"line":559,"column":35}},"33":{"start":{"line":566,"column":8},"end":{"line":566,"column":40}},"34":{"start":{"line":567,"column":8},"end":{"line":567,"column":39}},"35":{"start":{"line":568,"column":8},"end":{"line":568,"column":35}},"36":{"start":{"line":575,"column":8},"end":{"line":575,"column":41}},"37":{"start":{"line":576,"column":8},"end":{"line":576,"column":41}},"38":{"start":{"line":577,"column":8},"end":{"line":577,"column":35}},"39":{"start":{"line":584,"column":8},"end":{"line":584,"column":41}},"40":{"start":{"line":591,"column":8},"end":{"line":591,"column":35}},"41":{"start":{"line":603,"column":8},"end":{"line":603,"column":21853}},"42":{"start":{"line":604,"column":12},"end":{"line":604,"column":88}},"43":{"start":{"line":606,"column":12},"end":{"line":606,"column":74}},"44":{"start":{"line":616,"column":8},"end":{"line":616,"column":22305}},"45":{"start":{"line":617,"column":12},"end":{"line":617,"column":131}},"46":{"start":{"line":619,"column":8},"end":{"line":619,"column":37}},"47":{"start":{"line":620,"column":8},"end":{"line":620,"column":40}},"48":{"start":{"line":621,"column":8},"end":{"line":621,"column":35}},"49":{"start":{"line":629,"column":8},"end":{"line":629,"column":22810}},"50":{"start":{"line":630,"column":12},"end":{"line":630,"column":131}},"51":{"start":{"line":632,"column":8},"end":{"line":632,"column":38}},"52":{"start":{"line":633,"column":8},"end":{"line":633,"column":42}},"53":{"start":{"line":634,"column":8},"end":{"line":634,"column":35}},"54":{"start":{"line":641,"column":8},"end":{"line":641,"column":38}},"55":{"start":{"line":648,"column":8},"end":{"line":648,"column":23466}},"56":{"start":{"line":649,"column":12},"end":{"line":649,"column":20}},"57":{"start":{"line":651,"column":12},"end":{"line":651,"column":20}},"58":{"start":{"line":660,"column":8},"end":{"line":660,"column":27}},"59":{"start":{"line":668,"column":8},"end":{"line":668,"column":24063}},"60":{"start":{"line":669,"column":12},"end":{"line":669,"column":24133}},"61":{"start":{"line":670,"column":16},"end":{"line":670,"column":22}},"62":{"start":{"line":674,"column":8},"end":{"line":674,"column":36}},"63":{"start":{"line":683,"column":8},"end":{"line":683,"column":39}},"64":{"start":{"line":693,"column":8},"end":{"line":693,"column":65}},"65":{"start":{"line":694,"column":8},"end":{"line":694,"column":25092}},"66":{"start":{"line":695,"column":12},"end":{"line":695,"column":28}},"67":{"start":{"line":700,"column":8},"end":{"line":700,"column":111}},"68":{"start":{"line":701,"column":8},"end":{"line":701,"column":25461}},"69":{"start":{"line":702,"column":12},"end":{"line":702,"column":28}},"70":{"start":{"line":706,"column":8},"end":{"line":706,"column":111}},"71":{"start":{"line":707,"column":8},"end":{"line":707,"column":25748}},"72":{"start":{"line":708,"column":12},"end":{"line":708,"column":28}},"73":{"start":{"line":712,"column":8},"end":{"line":712,"column":111}},"74":{"start":{"line":713,"column":8},"end":{"line":713,"column":26044}},"75":{"start":{"line":714,"column":12},"end":{"line":714,"column":28}},"76":{"start":{"line":719,"column":8},"end":{"line":719,"column":62}},"77":{"start":{"line":730,"column":8},"end":{"line":730,"column":26881}},"78":{"start":{"line":733,"column":12},"end":{"line":733,"column":38}},"79":{"start":{"line":735,"column":8},"end":{"line":735,"column":85}},"80":{"start":{"line":736,"column":8},"end":{"line":736,"column":27207}},"81":{"start":{"line":737,"column":12},"end":{"line":737,"column":28}},"82":{"start":{"line":740,"column":8},"end":{"line":740,"column":57}},"83":{"start":{"line":747,"column":8},"end":{"line":747,"column":67}},"84":{"start":{"line":748,"column":8},"end":{"line":748,"column":27623}},"85":{"start":{"line":749,"column":12},"end":{"line":749,"column":44}},"86":{"start":{"line":752,"column":8},"end":{"line":752,"column":27717}},"87":{"start":{"line":753,"column":12},"end":{"line":753,"column":66}},"88":{"start":{"line":756,"column":8},"end":{"line":756,"column":49}},"89":{"start":{"line":765,"column":8},"end":{"line":765,"column":17}},"90":{"start":{"line":766,"column":8},"end":{"line":766,"column":29}},"91":{"start":{"line":767,"column":8},"end":{"line":767,"column":30}},"92":{"start":{"line":768,"column":8},"end":{"line":768,"column":49}},"93":{"start":{"line":769,"column":8},"end":{"line":769,"column":28504}},"94":{"start":{"line":770,"column":12},"end":{"line":770,"column":44}},"95":{"start":{"line":773,"column":8},"end":{"line":773,"column":28598}},"96":{"start":{"line":774,"column":12},"end":{"line":774,"column":66}},"97":{"start":{"line":778,"column":8},"end":{"line":778,"column":63}},"98":{"start":{"line":779,"column":8},"end":{"line":779,"column":28844}},"99":{"start":{"line":780,"column":12},"end":{"line":780,"column":44}},"100":{"start":{"line":784,"column":8},"end":{"line":784,"column":50}},"101":{"start":{"line":795,"column":8},"end":{"line":795,"column":29472}},"102":{"start":{"line":796,"column":12},"end":{"line":796,"column":49}},"103":{"start":{"line":799,"column":8},"end":{"line":799,"column":108}},"104":{"start":{"line":800,"column":8},"end":{"line":800,"column":29685}},"105":{"start":{"line":801,"column":12},"end":{"line":801,"column":28}},"106":{"start":{"line":804,"column":8},"end":{"line":804,"column":100}},"107":{"start":{"line":805,"column":8},"end":{"line":805,"column":29866}},"108":{"start":{"line":806,"column":12},"end":{"line":806,"column":28}},"109":{"start":{"line":809,"column":8},"end":{"line":809,"column":62}},"110":{"start":{"line":817,"column":8},"end":{"line":817,"column":30259}},"111":{"start":{"line":818,"column":12},"end":{"line":818,"column":66}},"112":{"start":{"line":821,"column":8},"end":{"line":821,"column":61}},"113":{"start":{"line":823,"column":8},"end":{"line":823,"column":63}},"114":{"start":{"line":834,"column":8},"end":{"line":834,"column":63}},"115":{"start":{"line":835,"column":8},"end":{"line":835,"column":31044}},"116":{"start":{"line":836,"column":12},"end":{"line":836,"column":20}},"117":{"start":{"line":838,"column":8},"end":{"line":838,"column":30}},"118":{"start":{"line":847,"column":8},"end":{"line":847,"column":17}},"119":{"start":{"line":848,"column":8},"end":{"line":848,"column":29}},"120":{"start":{"line":849,"column":8},"end":{"line":849,"column":30}},"121":{"start":{"line":851,"column":8},"end":{"line":851,"column":49}},"122":{"start":{"line":852,"column":8},"end":{"line":852,"column":31619}},"123":{"start":{"line":853,"column":12},"end":{"line":853,"column":27}},"124":{"start":{"line":856,"column":8},"end":{"line":856,"column":56}},"125":{"start":{"line":857,"column":8},"end":{"line":857,"column":31755}},"126":{"start":{"line":858,"column":12},"end":{"line":858,"column":27}},"127":{"start":{"line":861,"column":8},"end":{"line":861,"column":54}},"128":{"start":{"line":874,"column":8},"end":{"line":874,"column":32498}},"129":{"start":{"line":875,"column":12},"end":{"line":875,"column":86}},"130":{"start":{"line":879,"column":8},"end":{"line":879,"column":46}},"131":{"start":{"line":881,"column":8},"end":{"line":881,"column":37}},"132":{"start":{"line":883,"column":8},"end":{"line":883,"column":62}},"133":{"start":{"line":885,"column":8},"end":{"line":885,"column":35}},"134":{"start":{"line":896,"column":8},"end":{"line":896,"column":33326}},"135":{"start":{"line":897,"column":12},"end":{"line":897,"column":89}},"136":{"start":{"line":901,"column":8},"end":{"line":901,"column":32}},"137":{"start":{"line":903,"column":8},"end":{"line":903,"column":27}},"138":{"start":{"line":905,"column":8},"end":{"line":905,"column":23}},"139":{"start":{"line":907,"column":8},"end":{"line":907,"column":43}},"140":{"start":{"line":909,"column":8},"end":{"line":909,"column":35}},"141":{"start":{"line":920,"column":8},"end":{"line":920,"column":34120}},"142":{"start":{"line":921,"column":12},"end":{"line":921,"column":79}},"143":{"start":{"line":929,"column":8},"end":{"line":929,"column":34}},"144":{"start":{"line":932,"column":8},"end":{"line":932,"column":25}},"145":{"start":{"line":934,"column":8},"end":{"line":934,"column":41}},"146":{"start":{"line":936,"column":8},"end":{"line":936,"column":44}},"147":{"start":{"line":938,"column":8},"end":{"line":938,"column":35}},"148":{"start":{"line":949,"column":8},"end":{"line":949,"column":35147}},"149":{"start":{"line":950,"column":12},"end":{"line":950,"column":79}},"150":{"start":{"line":953,"column":8},"end":{"line":953,"column":30}},"151":{"start":{"line":954,"column":8},"end":{"line":954,"column":38}},"152":{"start":{"line":956,"column":8},"end":{"line":956,"column":35}},"153":{"start":{"line":969,"column":8},"end":{"line":969,"column":114}},"154":{"start":{"line":970,"column":8},"end":{"line":970,"column":37}},"155":{"start":{"line":972,"column":8},"end":{"line":972,"column":36122}},"156":{"start":{"line":973,"column":12},"end":{"line":973,"column":55}},"157":{"start":{"line":975,"column":12},"end":{"line":975,"column":50}},"158":{"start":{"line":987,"column":8},"end":{"line":987,"column":17}},"159":{"start":{"line":988,"column":8},"end":{"line":988,"column":27}},"160":{"start":{"line":989,"column":8},"end":{"line":989,"column":30}},"161":{"start":{"line":991,"column":8},"end":{"line":991,"column":46}},"162":{"start":{"line":992,"column":8},"end":{"line":992,"column":70}},"163":{"start":{"line":995,"column":8},"end":{"line":995,"column":138}},"164":{"start":{"line":996,"column":8},"end":{"line":996,"column":37}},"165":{"start":{"line":999,"column":8},"end":{"line":999,"column":120}},"166":{"start":{"line":1000,"column":8},"end":{"line":1000,"column":37}},"167":{"start":{"line":1002,"column":8},"end":{"line":1002,"column":32}},"168":{"start":{"line":1013,"column":8},"end":{"line":1013,"column":17}},"169":{"start":{"line":1014,"column":8},"end":{"line":1014,"column":27}},"170":{"start":{"line":1015,"column":8},"end":{"line":1015,"column":30}},"171":{"start":{"line":1017,"column":8},"end":{"line":1017,"column":46}},"172":{"start":{"line":1018,"column":8},"end":{"line":1018,"column":70}},"173":{"start":{"line":1021,"column":8},"end":{"line":1021,"column":138}},"174":{"start":{"line":1022,"column":8},"end":{"line":1022,"column":37}},"175":{"start":{"line":1025,"column":8},"end":{"line":1025,"column":120}},"176":{"start":{"line":1026,"column":8},"end":{"line":1026,"column":37}},"177":{"start":{"line":1028,"column":8},"end":{"line":1028,"column":32}},"178":{"start":{"line":1041,"column":8},"end":{"line":1041,"column":39398}},"179":{"start":{"line":1042,"column":12},"end":{"line":1042,"column":83}},"180":{"start":{"line":1045,"column":8},"end":{"line":1045,"column":67}},"181":{"start":{"line":1046,"column":8},"end":{"line":1046,"column":39598}},"182":{"start":{"line":1047,"column":12},"end":{"line":1047,"column":75}},"183":{"start":{"line":1050,"column":8},"end":{"line":1050,"column":39723}},"184":{"start":{"line":1051,"column":12},"end":{"line":1051,"column":87}},"185":{"start":{"line":1055,"column":8},"end":{"line":1055,"column":59}},"186":{"start":{"line":1058,"column":8},"end":{"line":1058,"column":33}},"187":{"start":{"line":1061,"column":8},"end":{"line":1061,"column":40}},"188":{"start":{"line":1064,"column":8},"end":{"line":1064,"column":40209}},"189":{"start":{"line":1065,"column":12},"end":{"line":1065,"column":60}},"190":{"start":{"line":1068,"column":8},"end":{"line":1068,"column":40330}},"191":{"start":{"line":1069,"column":12},"end":{"line":1069,"column":60}},"192":{"start":{"line":1072,"column":8},"end":{"line":1072,"column":54}},"193":{"start":{"line":1074,"column":8},"end":{"line":1074,"column":35}},"194":{"start":{"line":1087,"column":8},"end":{"line":1087,"column":41107}},"195":{"start":{"line":1088,"column":12},"end":{"line":1088,"column":83}},"196":{"start":{"line":1095,"column":8},"end":{"line":1095,"column":41643}},"197":{"start":{"line":1096,"column":12},"end":{"line":1096,"column":39}},"198":{"start":{"line":1100,"column":8},"end":{"line":1100,"column":41}},"199":{"start":{"line":1102,"column":8},"end":{"line":1102,"column":35}},"200":{"start":{"line":1104,"column":8},"end":{"line":1104,"column":35}},"201":{"start":{"line":1116,"column":8},"end":{"line":1116,"column":42737}},"202":{"start":{"line":1117,"column":12},"end":{"line":1117,"column":88}},"203":{"start":{"line":1120,"column":8},"end":{"line":1120,"column":72}},"204":{"start":{"line":1121,"column":8},"end":{"line":1121,"column":80}},"205":{"start":{"line":1122,"column":8},"end":{"line":1122,"column":80}},"206":{"start":{"line":1123,"column":8},"end":{"line":1123,"column":88}},"207":{"start":{"line":1124,"column":8},"end":{"line":1124,"column":91}},"208":{"start":{"line":1125,"column":8},"end":{"line":1125,"column":99}},"209":{"start":{"line":1127,"column":8},"end":{"line":1127,"column":17}},"210":{"start":{"line":1128,"column":8},"end":{"line":1128,"column":48}},"211":{"start":{"line":1131,"column":8},"end":{"line":1131,"column":43543}},"212":{"start":{"line":1132,"column":12},"end":{"line":1132,"column":99}},"213":{"start":{"line":1137,"column":8},"end":{"line":1137,"column":43949}},"214":{"start":{"line":1138,"column":12},"end":{"line":1138,"column":103}},"215":{"start":{"line":1143,"column":8},"end":{"line":1143,"column":106}},"216":{"start":{"line":1144,"column":8},"end":{"line":1144,"column":36}},"217":{"start":{"line":1146,"column":8},"end":{"line":1146,"column":44622}},"218":{"start":{"line":1147,"column":12},"end":{"line":1147,"column":107}},"219":{"start":{"line":1151,"column":8},"end":{"line":1151,"column":55}},"220":{"start":{"line":1152,"column":8},"end":{"line":1152,"column":63}},"221":{"start":{"line":1155,"column":8},"end":{"line":1155,"column":43}},"222":{"start":{"line":1156,"column":8},"end":{"line":1156,"column":51}},"223":{"start":{"line":1158,"column":8},"end":{"line":1158,"column":214}},"224":{"start":{"line":1160,"column":8},"end":{"line":1160,"column":35}},"225":{"start":{"line":1171,"column":8},"end":{"line":1171,"column":45867}},"226":{"start":{"line":1172,"column":12},"end":{"line":1172,"column":88}},"227":{"start":{"line":1176,"column":8},"end":{"line":1176,"column":53}},"228":{"start":{"line":1178,"column":8},"end":{"line":1178,"column":63}},"229":{"start":{"line":1180,"column":8},"end":{"line":1180,"column":82}},"230":{"start":{"line":1182,"column":8},"end":{"line":1182,"column":35}},"231":{"start":{"line":1193,"column":8},"end":{"line":1193,"column":46717}},"232":{"start":{"line":1194,"column":12},"end":{"line":1194,"column":99}},"233":{"start":{"line":1198,"column":8},"end":{"line":1198,"column":59}},"234":{"start":{"line":1200,"column":8},"end":{"line":1200,"column":65}},"235":{"start":{"line":1202,"column":8},"end":{"line":1202,"column":35}},"236":{"start":{"line":1214,"column":8},"end":{"line":1214,"column":47700}},"237":{"start":{"line":1215,"column":12},"end":{"line":1215,"column":92}},"238":{"start":{"line":1219,"column":8},"end":{"line":1219,"column":34}},"239":{"start":{"line":1220,"column":8},"end":{"line":1220,"column":109}},"240":{"start":{"line":1221,"column":8},"end":{"line":1221,"column":48083}},"241":{"start":{"line":1222,"column":12},"end":{"line":1222,"column":77}},"242":{"start":{"line":1225,"column":8},"end":{"line":1225,"column":48211}},"243":{"start":{"line":1226,"column":12},"end":{"line":1226,"column":107}},"244":{"start":{"line":1233,"column":8},"end":{"line":1233,"column":48479}},"245":{"start":{"line":1235,"column":12},"end":{"line":1235,"column":60}},"246":{"start":{"line":1236,"column":12},"end":{"line":1236,"column":48707}},"247":{"start":{"line":1238,"column":16},"end":{"line":1238,"column":84}},"248":{"start":{"line":1241,"column":12},"end":{"line":1241,"column":60}},"249":{"start":{"line":1242,"column":12},"end":{"line":1242,"column":49054}},"250":{"start":{"line":1243,"column":16},"end":{"line":1243,"column":42}},"251":{"start":{"line":1248,"column":8},"end":{"line":1248,"column":58}},"252":{"start":{"line":1250,"column":8},"end":{"line":1250,"column":35}},"253":{"start":{"line":1259,"column":8},"end":{"line":1259,"column":49617}},"254":{"start":{"line":1260,"column":12},"end":{"line":1260,"column":115}},"255":{"start":{"line":1262,"column":8},"end":{"line":1262,"column":40}},"256":{"start":{"line":1263,"column":8},"end":{"line":1263,"column":45}},"257":{"start":{"line":1264,"column":8},"end":{"line":1264,"column":48}},"258":{"start":{"line":1265,"column":8},"end":{"line":1265,"column":35}},"259":{"start":{"line":1276,"column":8},"end":{"line":1276,"column":50366}},"260":{"start":{"line":1277,"column":12},"end":{"line":1277,"column":50}},"261":{"start":{"line":1278,"column":12},"end":{"line":1278,"column":39}},"262":{"start":{"line":1281,"column":12},"end":{"line":1281,"column":57}},"263":{"start":{"line":1291,"column":8},"end":{"line":1291,"column":50910}},"264":{"start":{"line":1292,"column":12},"end":{"line":1292,"column":37}},"265":{"start":{"line":1304,"column":8},"end":{"line":1304,"column":51456}},"266":{"start":{"line":1305,"column":12},"end":{"line":1305,"column":50}},"267":{"start":{"line":1306,"column":12},"end":{"line":1306,"column":82}},"268":{"start":{"line":1309,"column":8},"end":{"line":1309,"column":46}},"269":{"start":{"line":1310,"column":8},"end":{"line":1310,"column":67}},"270":{"start":{"line":1312,"column":8},"end":{"line":1312,"column":43}},"271":{"start":{"line":1313,"column":8},"end":{"line":1313,"column":17}},"272":{"start":{"line":1314,"column":8},"end":{"line":1314,"column":38}},"273":{"start":{"line":1317,"column":8},"end":{"line":1317,"column":52059}},"274":{"start":{"line":1318,"column":12},"end":{"line":1318,"column":50}},"275":{"start":{"line":1319,"column":12},"end":{"line":1319,"column":92}},"276":{"start":{"line":1321,"column":8},"end":{"line":1321,"column":52251}},"277":{"start":{"line":1323,"column":12},"end":{"line":1323,"column":50}},"278":{"start":{"line":1324,"column":12},"end":{"line":1324,"column":59}},"279":{"start":{"line":1325,"column":12},"end":{"line":1325,"column":52566}},"280":{"start":{"line":1326,"column":16},"end":{"line":1326,"column":77}},"281":{"start":{"line":1331,"column":8},"end":{"line":1331,"column":151}},"282":{"start":{"line":1332,"column":8},"end":{"line":1332,"column":52954}},"283":{"start":{"line":1333,"column":12},"end":{"line":1333,"column":50}},"284":{"start":{"line":1334,"column":12},"end":{"line":1334,"column":84}},"285":{"start":{"line":1337,"column":8},"end":{"line":1337,"column":134}},"286":{"start":{"line":1338,"column":8},"end":{"line":1338,"column":53278}},"287":{"start":{"line":1339,"column":12},"end":{"line":1339,"column":50}},"288":{"start":{"line":1340,"column":12},"end":{"line":1340,"column":87}},"289":{"start":{"line":1343,"column":8},"end":{"line":1343,"column":90}},"290":{"start":{"line":1344,"column":8},"end":{"line":1344,"column":53561}},"291":{"start":{"line":1345,"column":12},"end":{"line":1345,"column":50}},"292":{"start":{"line":1346,"column":12},"end":{"line":1346,"column":85}},"293":{"start":{"line":1350,"column":8},"end":{"line":1350,"column":125}},"294":{"start":{"line":1351,"column":8},"end":{"line":1351,"column":54011}},"295":{"start":{"line":1352,"column":12},"end":{"line":1352,"column":50}},"296":{"start":{"line":1353,"column":12},"end":{"line":1353,"column":84}},"297":{"start":{"line":1357,"column":8},"end":{"line":1357,"column":48}},"298":{"start":{"line":1359,"column":8},"end":{"line":1359,"column":78}},"299":{"start":{"line":1360,"column":8},"end":{"line":1360,"column":54424}},"300":{"start":{"line":1361,"column":12},"end":{"line":1361,"column":50}},"301":{"start":{"line":1362,"column":12},"end":{"line":1362,"column":82}},"302":{"start":{"line":1366,"column":8},"end":{"line":1366,"column":165}},"303":{"start":{"line":1367,"column":8},"end":{"line":1367,"column":54899}},"304":{"start":{"line":1368,"column":12},"end":{"line":1368,"column":50}},"305":{"start":{"line":1369,"column":12},"end":{"line":1369,"column":111}},"306":{"start":{"line":1373,"column":8},"end":{"line":1373,"column":151}},"307":{"start":{"line":1374,"column":8},"end":{"line":1374,"column":55351}},"308":{"start":{"line":1375,"column":12},"end":{"line":1375,"column":50}},"309":{"start":{"line":1376,"column":12},"end":{"line":1376,"column":84}},"310":{"start":{"line":1379,"column":8},"end":{"line":1379,"column":165}},"311":{"start":{"line":1380,"column":8},"end":{"line":1380,"column":55706}},"312":{"start":{"line":1381,"column":12},"end":{"line":1381,"column":50}},"313":{"start":{"line":1382,"column":12},"end":{"line":1382,"column":111}},"314":{"start":{"line":1388,"column":8},"end":{"line":1388,"column":56045}},"315":{"start":{"line":1390,"column":12},"end":{"line":1390,"column":50}},"316":{"start":{"line":1391,"column":12},"end":{"line":1391,"column":56}},"317":{"start":{"line":1392,"column":12},"end":{"line":1392,"column":56380}},"318":{"start":{"line":1394,"column":16},"end":{"line":1394,"column":71}},"319":{"start":{"line":1397,"column":12},"end":{"line":1397,"column":56629}},"320":{"start":{"line":1398,"column":16},"end":{"line":1398,"column":68}},"321":{"start":{"line":1399,"column":16},"end":{"line":1399,"column":56745}},"322":{"start":{"line":1400,"column":20},"end":{"line":1400,"column":58}},"323":{"start":{"line":1401,"column":20},"end":{"line":1401,"column":105}},"324":{"start":{"line":1405,"column":16},"end":{"line":1405,"column":54}},"325":{"start":{"line":1406,"column":16},"end":{"line":1406,"column":103}},"326":{"start":{"line":1411,"column":8},"end":{"line":1411,"column":44}},"327":{"start":{"line":1412,"column":8},"end":{"line":1412,"column":56}},"328":{"start":{"line":1413,"column":8},"end":{"line":1413,"column":69}},"329":{"start":{"line":1414,"column":8},"end":{"line":1414,"column":55}},"330":{"start":{"line":1415,"column":8},"end":{"line":1415,"column":69}},"331":{"start":{"line":1416,"column":8},"end":{"line":1416,"column":55}},"332":{"start":{"line":1419,"column":8},"end":{"line":1419,"column":55}},"333":{"start":{"line":1420,"column":8},"end":{"line":1420,"column":57}},"334":{"start":{"line":1421,"column":8},"end":{"line":1421,"column":58}},"335":{"start":{"line":1423,"column":8},"end":{"line":1423,"column":116}},"336":{"start":{"line":1425,"column":8},"end":{"line":1425,"column":35}},"337":{"start":{"line":1435,"column":12},"end":{"line":1435,"column":50}},"338":{"start":{"line":1436,"column":12},"end":{"line":1436,"column":39}},"339":{"start":{"line":1445,"column":8},"end":{"line":1445,"column":58749}},"340":{"start":{"line":1446,"column":12},"end":{"line":1446,"column":86}},"341":{"start":{"line":1448,"column":8},"end":{"line":1448,"column":28}},"342":{"start":{"line":1449,"column":8},"end":{"line":1449,"column":35}},"343":{"start":{"line":1460,"column":8},"end":{"line":1460,"column":59450}},"344":{"start":{"line":1461,"column":12},"end":{"line":1461,"column":84}},"345":{"start":{"line":1464,"column":8},"end":{"line":1464,"column":46}},"346":{"start":{"line":1465,"column":8},"end":{"line":1465,"column":73}},"347":{"start":{"line":1467,"column":8},"end":{"line":1467,"column":45}},"348":{"start":{"line":1468,"column":8},"end":{"line":1468,"column":17}},"349":{"start":{"line":1469,"column":8},"end":{"line":1469,"column":38}},"350":{"start":{"line":1472,"column":8},"end":{"line":1472,"column":114}},"351":{"start":{"line":1473,"column":8},"end":{"line":1473,"column":60156}},"352":{"start":{"line":1474,"column":12},"end":{"line":1474,"column":87}},"353":{"start":{"line":1478,"column":8},"end":{"line":1478,"column":151}},"354":{"start":{"line":1479,"column":8},"end":{"line":1479,"column":60544}},"355":{"start":{"line":1480,"column":12},"end":{"line":1480,"column":86}},"356":{"start":{"line":1483,"column":8},"end":{"line":1483,"column":146}},"357":{"start":{"line":1484,"column":8},"end":{"line":1484,"column":60829}},"358":{"start":{"line":1485,"column":12},"end":{"line":1485,"column":89}},"359":{"start":{"line":1489,"column":8},"end":{"line":1489,"column":61100}},"360":{"start":{"line":1490,"column":12},"end":{"line":1490,"column":110}},"361":{"start":{"line":1491,"column":12},"end":{"line":1491,"column":61264}},"362":{"start":{"line":1492,"column":16},"end":{"line":1492,"column":82}},"363":{"start":{"line":1494,"column":12},"end":{"line":1494,"column":107}},"364":{"start":{"line":1496,"column":12},"end":{"line":1496,"column":56}},"365":{"start":{"line":1503,"column":8},"end":{"line":1503,"column":48}},"366":{"start":{"line":1504,"column":8},"end":{"line":1504,"column":99}},"367":{"start":{"line":1505,"column":8},"end":{"line":1505,"column":61946}},"368":{"start":{"line":1506,"column":12},"end":{"line":1506,"column":102}},"369":{"start":{"line":1511,"column":8},"end":{"line":1511,"column":111}},"370":{"start":{"line":1512,"column":8},"end":{"line":1512,"column":62383}},"371":{"start":{"line":1513,"column":12},"end":{"line":1513,"column":110}},"372":{"start":{"line":1517,"column":8},"end":{"line":1517,"column":62595}},"373":{"start":{"line":1518,"column":12},"end":{"line":1518,"column":101}},"374":{"start":{"line":1524,"column":8},"end":{"line":1524,"column":108}},"375":{"start":{"line":1525,"column":8},"end":{"line":1525,"column":63239}},"376":{"start":{"line":1526,"column":12},"end":{"line":1526,"column":82}},"377":{"start":{"line":1530,"column":8},"end":{"line":1530,"column":6349
[...]
"contracts/SafeToken.sol":{"l":{"14":0,"16":0,"17":0,"20":0,"21":0,"24":0,"37":0,"39":0,"41":0,"43":0,"57":0,"58":0,"61":0,"68":0,"70":0,"77":0,"79":0,"92":0,"94":0,"96":0,"98":0,"112":0,"113":0,"116":0,"120":0,"121":0,"122":0,"123":0,"136":0,"137":0,"139":0},"path":"/Users/raghu/Alkemi/alkemi-earn-protocol/contracts/SafeToken.sol","s":{"1":0,"2":0,"3":0,"4":0,"5":0,"6":0,"7":0,"8":0,"9":0,"10":0,"11":0,"12":0,"13":0,"14":0,"15":0,"16":0,"17":0,"18":0,"19":0,"20":0,"21":0,"22":0,"23":0,"24":0,"25":0,"26":0,"27":0,"28":0},"b":{"1":[0,0],"2":[0,0],"3":[0,0],"4":[0,0],"5":[0,0]},"f":{"1":0,"2":0,"3":0,"4":0,"5":0,"6":0},"fnMap":{"1":{"name":"checkTransferIn","line":13,"loc":{"start":{"line":13,"column":4},"end":{"line":25,"column":4}}},"2":{"name":"doTransferIn","line":36,"loc":{"start":{"line":36,"column":4},"end":{"line":62,"column":4}}},"3":{"name":"getCash","line":67,"loc":{"start":{"line":67,"column":4},"end":{"line":71,"column":4}}},"4":{"name":"getBalanceOf","line":76,"loc":{"start":{"line":76,"column":4},"end":{"line":80,"column":4}}},"5":{"name":"doTransferOut","line":91,"loc":{"start":{"line":91,"column":4},"end":{"line":117,"column":4}}},"6":{"name":"doApprove","line":119,"loc":{"start":{"line":119,"column":4},"end":{"line":140,"column":4}}}},"statementMap":{"1":{"start":{"line":14,"column":8},"end":{"line":14,"column":52}},"2":{"start":{"line":16,"column":8},"end":{"line":16,"column":567}},"3":{"start":{"line":17,"column":12},"end":{"line":17,"column":53}},"4":{"start":{"line":20,"column":8},"end":{"line":20,"column":694}},"5":{"start":{"line":21,"column":12},"end":{"line":21,"column":51}},"6":{"start":{"line":24,"column":8},"end":{"line":24,"column":29}},"7":{"start":{"line":37,"column":8},"end":{"line":37,"column":74}},"8":{"start":{"line":39,"column":8},"end":{"line":39,"column":19}},"9":{"start":{"line":41,"column":8},"end":{"line":41,"column":54}},"10":{"start":{"line":57,"column":8},"end":{"line":57,"column":2398}},"11":{"start":{"line":58,"column":12},"end":{"line":58,"column":46}},"12":{"start":{"line":61,"column":8},"end":{"line":61,"column":29}},"13":{"start":{"line":68,"column":8},"end":{"line":68,"column":52}},"14":{"start":{"line":70,"column":8},"end":{"line":70,"column":45}},"15":{"start":{"line":77,"column":8},"end":{"line":77,"column":52}},"16":{"start":{"line":79,"column":8},"end":{"line":79,"column":36}},"17":{"start":{"line":92,"column":8},"end":{"line":92,"column":74}},"18":{"start":{"line":94,"column":8},"end":{"line":94,"column":19}},"19":{"start":{"line":96,"column":8},"end":{"line":96,"column":33}},"20":{"start":{"line":112,"column":8},"end":{"line":112,"column":4544}},"21":{"start":{"line":113,"column":12},"end":{"line":113,"column":50}},"22":{"start":{"line":116,"column":8},"end":{"line":116,"column":29}},"23":{"start":{"line":120,"column":8},"end":{"line":120,"column":74}},"24":{"start":{"line":121,"column":8},"end":{"line":121,"column":19}},"25":{"start":{"line":122,"column":8},"end":{"line":122,"column":32}},"26":{"start":{"line":136,"column":8},"end":{"line":136,"column":5504}},"27":{"start":{"line":137,"column":12},"end":{"line":137,"column":50}},"28":{"start":{"line":139,"column":8},"end":{"line":139,"column":29}}},"branchMap":{"1":{"line":16,"type":"if","locations":[{"start":{"line":16,"column":8},"end":{"line":16,"column":8}},{"start":{"line":16,"column":8},"end":{"line":16,"column":8}}]},"2":{"line":20,"type":"if","locations":[{"start":{"line":20,"column":8},"end":{"line":20,"column":8}},{"start":{"line":20,"column":8},"end":{"line":20,"column":8}}]},"3":{"line":57,"type":"if","locations":[{"start":{"line":57,"column":8},"end":{"line":57,"column":8}},{"start":{"line":57,"column":8},"end":{"line":57,"column":8}}]},"4":{"line":112,"type":"if","locations":[{"start":{"line":112,"column":8},"end":{"line":112,"column":8}},{"start":{"line":112,"column":8},"end":{"line":112,"column":8}}]},"5":{"line":136,"type":"if","locations":[{"start":{"line":136,"column":8},"end":{"line":136,"column":8}},{"start":{"line":136,"column":8},"end":{"line":136,"column":8}}]}}},
"contracts/StableCoinInterestRateModel.sol":{"l":{"29":0,"31":0,"34":0,"35":0,"36":0,"39":0,"40":0,"41":0,"44":0,"51":0,"52":0,"53":0,"57":0,"63":0,"65":0,"67":0,"70":0,"75":0,"77":0,"90":0,"92":0,"93":0,"94":0,"98":0,"102":0,"105":0,"112":0,"116":0,"118":0,"121":0,"123":0,"124":0,"137":0,"139":0,"140":0,"141":0,"145":0,"147":0,"149":0,"152":0,"154":0,"155":0},"path":"/Users/raghu/Alkemi/alkemi-earn-protocol/contracts/StableCoinInterestRateModel.sol","s":{"1":0,"2":0,"3":0,"4":0,"5":0,"6":0,"7":0,"8":0,"9":0,"10":0,"11":0,"12":0,"13":0,"14":0,"15":0,"16":0,"17":0,"18":0,"19":0,"20":0,"21":0,"22":0,"23":0,"24":0,"25":0,"26":0,"27":0,"28":0,"29":0,"30":0,"31":0,"32":0,"33":0,"34":0,"35":0,"36":0,"37":0,"38":0,"39":0},"b":{"1":[0,0],"2":[0,0],"3":[0,0],"4":[0,0],"5":[0,0],"6":[0,0]},"f":{"1":0,"2":0,"3":0,"4":0},"fnMap":{"1":{"name":"getUtilizationRate","line":28,"loc":{"start":{"line":28,"column":4},"end":{"line":45,"column":4}}},"2":{"name":"getUtilizationAndAnnualBorrowRate","line":50,"loc":{"start":{"line":50,"column":4},"end":{"line":78,"column":4}}},"3":{"name":"getSupplyRate","line":89,"loc":{"start":{"line":89,"column":4},"end":{"line":125,"column":4}}},"4":{"name":"getBorrowRate","line":136,"loc":{"start":{"line":136,"column":4},"end":{"line":156,"column":4}}}},"statementMap":{"1":{"start":{"line":29,"column":8},"end":{"line":29,"column":817}},"2":{"start":{"line":31,"column":12},"end":{"line":31,"column":57}},"3":{"start":{"line":34,"column":8},"end":{"line":34,"column":63}},"4":{"start":{"line":35,"column":8},"end":{"line":35,"column":1044}},"5":{"start":{"line":36,"column":12},"end":{"line":36,"column":80}},"6":{"start":{"line":39,"column":8},"end":{"line":39,"column":83}},"7":{"start":{"line":40,"column":8},"end":{"line":40,"column":1260}},"8":{"start":{"line":41,"column":12},"end":{"line":41,"column":66}},"9":{"start":{"line":44,"column":8},"end":{"line":44,"column":50}},"10":{"start":{"line":51,"column":8},"end":{"line":51,"column":86}},"11":{"start":{"line":52,"column":8},"end":{"line":52,"column":1769}},"12":{"start":{"line":53,"column":12},"end":{"line":53,"column":65}},"13":{"start":{"line":57,"column":8},"end":{"line":57,"column":85}},"14":{"start":{"line":63,"column":8},"end":{"line":63,"column":37}},"15":{"start":{"line":65,"column":8},"end":{"line":65,"column":92}},"16":{"start":{"line":67,"column":8},"end":{"line":67,"column":37}},"17":{"start":{"line":70,"column":8},"end":{"line":70,"column":116}},"18":{"start":{"line":75,"column":8},"end":{"line":75,"column":37}},"19":{"start":{"line":77,"column":8},"end":{"line":77,"column":68}},"20":{"start":{"line":92,"column":8},"end":{"line":92,"column":131}},"21":{"start":{"line":93,"column":8},"end":{"line":93,"column":4194}},"22":{"start":{"line":94,"column":12},"end":{"line":94,"column":34}},"23":{"start":{"line":98,"column":8},"end":{"line":98,"column":106}},"24":{"start":{"line":102,"column":8},"end":{"line":102,"column":37}},"25":{"start":{"line":105,"column":8},"end":{"line":105,"column":89}},"26":{"start":{"line":112,"column":8},"end":{"line":112,"column":37}},"27":{"start":{"line":116,"column":8},"end":{"line":116,"column":99}},"28":{"start":{"line":118,"column":8},"end":{"line":118,"column":37}},"29":{"start":{"line":121,"column":8},"end":{"line":121,"column":80}},"30":{"start":{"line":123,"column":8},"end":{"line":123,"column":37}},"31":{"start":{"line":124,"column":8},"end":{"line":124,"column":56}},"32":{"start":{"line":139,"column":8},"end":{"line":139,"column":131}},"33":{"start":{"line":140,"column":8},"end":{"line":140,"column":6971}},"34":{"start":{"line":141,"column":12},"end":{"line":141,"column":34}},"35":{"start":{"line":145,"column":8},"end":{"line":145,"column":96}},"36":{"start":{"line":147,"column":8},"end":{"line":147,"column":37}},"37":{"start":{"line":152,"column":8},"end":{"line":152,"column":80}},"38":{"start":{"line":154,"column":8},"end":{"line":154,"column":37}},"39":{"start":{"line":155,"column":8},"end":{"line":155,"column":56}}},"branchMap":{"1":{"line":29,"type":"if","locations":[{"start":{"line":29,"column":8},"end":{"line":29,"column":8}},{"start":{"line":29,"column":8},"end":{"line":29,"column":8}}]},"2":{"line":35,"type":"if","locations":[{"start":{"line":35,"column":8},"end":{"line":35,"column":8}},{"start":{"line":35,"column":8},"end":{"line":35,"column":8}}]},"3":{"line":40,"type":"if","locations":[{"start":{"line":40,"column":8},"end":{"line":40,"column":8}},{"start":{"line":40,"column":8},"end":{"line":40,"column":8}}]},"4":{"line":52,"type":"if","locations":[{"start":{"line":52,"column":8},"end":{"line":52,"column":8}},{"start":{"line":52,"column":8},"end":{"line":52,"column":8}}]},"5":{"line":93,"type":"if","locations":[{"start":{"line":93,"column":8},"end":{"line":93,"column":8}},{"start":{"line":93,"column":8},"end":{"line":93,"column":8}}]},"6":{"line":140,"type":"if","locations":[{"start":{"line":140,"column":8},"end":{"line":140,"column":8}},{"start":{"line":140,"column":8},"end":{"line":140,"column":8}}]}}},
"contracts/StandardInterestRateModel.sol":{"l":{"30":0,"32":0,"35":0,"36":0,"37":0,"40":0,"41":0,"42":0,"45":0,"52":0,"53":0,"54":0,"59":0,"65":0,"67":0,"69":0,"72":0,"77":0,"79":0,"92":0,"94":0,"95":0,"96":0,"100":0,"104":0,"107":0,"114":0,"118":0,"120":0,"123":0,"136":0,"138":0,"139":0,"140":0,"144":0,"146":0,"148":0,"151":0},"path":"/Users/raghu/Alkemi/alkemi-earn-protocol/contracts/StandardInterestRateModel.sol","s":{"1":0,"2":0,"3":0,"4":0,"5":0,"6":0,"7":0,"8":0,"9":0,"10":0,"11":0,"12":0,"13":0,"14":0,"15":0,"16":0,"17":0,"18":0,"19":0,"20":0,"21":0,"22":0,"23":0,"24":0,"25":0,"26":0,"27":0,"28":0,"29":0,"30":0,"31":0,"32":0,"33":0,"34":0,"35":0},"b":{"1":[0,0],"2":[0,0],"3":[0,0],"4":[0,0],"5":[0,0],"6":[0,0]},"f":{"1":0,"2":0,"3":0,"4":0},"fnMap":{"1":{"name":"getUtilizationRate","line":29,"loc":{"start":{"line":29,"column":4},"end":{"line":46,"column":4}}},"2":{"name":"getUtilizationAndAnnualBorrowRate","line":51,"loc":{"start":{"line":51,"column":4},"end":{"line":80,"column":4}}},"3":{"name":"getSupplyRate","line":91,"loc":{"start":{"line":91,"column":4},"end":{"line":124,"column":4}}},"4":{"name":"getBorrowRate","line":135,"loc":{"start":{"line":135,"column":4},"end":{"line":152,"column":4}}}},"statementMap":{"1":{"start":{"line":30,"column":8},"end":{"line":30,"column":864}},"2":{"start":{"line":32,"column":12},"end":{"line":32,"column":57}},"3":{"start":{"line":35,"column":8},"end":{"line":35,"column":63}},"4":{"start":{"line":36,"column":8},"end":{"line":36,"column":1091}},"5":{"start":{"line":37,"column":12},"end":{"line":37,"column":80}},"6":{"start":{"line":40,"column":8},"end":{"line":40,"column":83}},"7":{"start":{"line":41,"column":8},"end":{"line":41,"column":1307}},"8":{"start":{"line":42,"column":12},"end":{"line":42,"column":66}},"9":{"start":{"line":45,"column":8},"end":{"line":45,"column":50}},"10":{"start":{"line":52,"column":8},"end":{"line":52,"column":86}},"11":{"start":{"line":53,"column":8},"end":{"line":53,"column":1816}},"12":{"start":{"line":54,"column":12},"end":{"line":54,"column":65}},"13":{"start":{"line":59,"column":8},"end":{"line":59,"column":86}},"14":{"start":{"line":65,"column":8},"end":{"line":65,"column":37}},"15":{"start":{"line":67,"column":8},"end":{"line":67,"column":93}},"16":{"start":{"line":69,"column":8},"end":{"line":69,"column":37}},"17":{"start":{"line":72,"column":8},"end":{"line":72,"column":119}},"18":{"start":{"line":77,"column":8},"end":{"line":77,"column":37}},"19":{"start":{"line":79,"column":8},"end":{"line":79,"column":68}},"20":{"start":{"line":94,"column":8},"end":{"line":94,"column":131}},"21":{"start":{"line":95,"column":8},"end":{"line":95,"column":4276}},"22":{"start":{"line":96,"column":12},"end":{"line":96,"column":34}},"23":{"start":{"line":100,"column":8},"end":{"line":100,"column":106}},"24":{"start":{"line":104,"column":8},"end":{"line":104,"column":37}},"25":{"start":{"line":107,"column":8},"end":{"line":107,"column":89}},"26":{"start":{"line":114,"column":8},"end":{"line":114,"column":37}},"27":{"start":{"line":118,"column":8},"end":{"line":118,"column":92}},"28":{"start":{"line":120,"column":8},"end":{"line":120,"column":37}},"29":{"start":{"line":123,"column":8},"end":{"line":123,"column":61}},"30":{"start":{"line":138,"column":8},"end":{"line":138,"column":131}},"31":{"start":{"line":139,"column":8},"end":{"line":139,"column":6906}},"32":{"start":{"line":140,"column":12},"end":{"line":140,"column":34}},"33":{"start":{"line":144,"column":8},"end":{"line":144,"column":88}},"34":{"start":{"line":146,"column":8},"end":{"line":146,"column":37}},"35":{"start":{"line":151,"column":8},"end":{"line":151,"column":60}}},"branchMap":{"1":{"line":30,"type":"if","locations":[{"start":{"line":30,"column":8},"end":{"line":30,"column":8}},{"start":{"line":30,"column":8},"end":{"line":30,"column":8}}]},"2":{"line":36,"type":"if","locations":[{"start":{"line":36,"column":8},"end":{"line":36,"column":8}},{"start":{"line":36,"column":8},"end":{"line":36,"column":8}}]},"3":{"line":41,"type":"if","locations":[{"start":{"line":41,"column":8},"end":{"line":41,"column":8}},{"start":{"line":41,"column":8},"end":{"line":41,"column":8}}]},"4":{"line":53,"type":"if","locations":[{"start":{"line":53,"column":8},"end":{"line":53,"column":8}},{"start":{"line":53,"column":8},"end":{"line":53,"column":8}}]},"5":{"line":95,"type":"if","locations":[{"start":{"line":95,"column":8},"end":{"line":95,"column":8}},{"start":{"line":95,"column":8},"end":{"line":95,"column":8}}]},"6":{"line":139,"type":"if","locations":[{"start":{"line":139,"column":8},"end":{"line":139,"column":8}},{"start":{"line":139,"column":8},"end":{"line":139,"column":8}}]}}},
"contracts/TestTokens.sol":{"l":{"17":0,"18":0,"19":0,"20":0,"21":0,"26":0,"31":0,"36":0,"37":0,"38":0,"39":0,"40":0,"41":0,"46":0,"47":0,"48":0,"49":0,"54":0,"59":0,"60":0,"61":0,"62":0,"63":0,"64":0,"65":0,"66":0,"72":0,"73":0,"74":0},"path":"/Users/raghu/Alkemi/alkemi-earn-protocol/contracts/TestTokens.sol","s":{"1":0,"2":0,"3":0,"4":0,"5":0,"6":0,"7":0,"8":0,"9":0,"10":0,"11":0,"12":0,"13":0,"14":0,"15":0,"16":0,"17":0,"18":0,"19":0,"20":0,"21":0,"22":0,"23":0,"24":0,"25":0,"26":0,"27":0,"28":0,"29":0},"b":{"1":[0,0],"2":[0,0],"3":[0,0],"4":[0,0],"5":[0,0],"6":[0,0]},"f":{"1":0,"2":0,"3":0,"4":0,"5":0,"6":0,"7":0,"8":0},"fnMap":{"1":{"name":"constructor","line":16,"loc":{"start":{"line":16,"column":0},"end":{"line":22,"column":0}}},"2":{"name":"totalSupply","line":25,"loc":{"start":{"line":25,"column":0},"end":{"line":27,"column":0}}},"3":{"name":"balanceOf","line":30,"loc":{"start":{"line":30,"column":0},"end":{"line":32,"column":0}}},"4":{"name":"transfer","line":35,"loc":{"start":{"line":35,"column":0},"end":{"line":42,"column":0}}},"5":{"name":"approve","line":45,"loc":{"start":{"line":45,"column":0},"end":{"line":50,"column":0}}},"6":{"name":"allowance","line":53,"loc":{"start":{"line":53,"column":0},"end":{"line":55,"column":0}}},"7":{"name":"transferFrom","line":58,"loc":{"start":{"line":58,"column":0},"end":{"line":67,"column":0}}},"8":{"name":"allocateTo","line":71,"loc":{"start":{"line":71,"column":0},"end":{"line":75,"column":4}}}},"statementMap":{"1":{"start":{"line":17,"column":4},"end":{"line":17,"column":15}},"2":{"start":{"line":18,"column":4},"end":{"line":18,"column":19}},"3":{"start":{"line":19,"column":4},"end":{"line":19,"column":23}},"4":{"start":{"line":20,"column":4},"end":{"line":20,"column":28}},"5":{"start":{"line":21,"column":4},"end":{"line":21,"column":42}},"6":{"start":{"line":26,"column":4},"end":{"line":26,"column":17}},"7":{"start":{"line":31,"column":4},"end":{"line":31,"column":31}},"8":{"start":{"line":36,"column":4},"end":{"line":36,"column":74}},"9":{"start":{"line":37,"column":4},"end":{"line":37,"column":66}},"10":{"start":{"line":38,"column":4},"end":{"line":38,"column":36}},"11":{"start":{"line":39,"column":4},"end":{"line":39,"column":34}},"12":{"start":{"line":40,"column":4},"end":{"line":40,"column":48}},"13":{"start":{"line":41,"column":4},"end":{"line":41,"column":15}},"14":{"start":{"line":46,"column":4},"end":{"line":46,"column":74}},"15":{"start":{"line":47,"column":4},"end":{"line":47,"column":44}},"16":{"start":{"line":48,"column":4},"end":{"line":48,"column":48}},"17":{"start":{"line":49,"column":4},"end":{"line":49,"column":15}},"18":{"start":{"line":54,"column":4},"end":{"line":54,"column":35}},"19":{"start":{"line":59,"column":4},"end":{"line":59,"column":62}},"20":{"start":{"line":60,"column":4},"end":{"line":60,"column":61}},"21":{"start":{"line":61,"column":4},"end":{"line":61,"column":74}},"22":{"start":{"line":62,"column":4},"end":{"line":62,"column":31}},"23":{"start":{"line":63,"column":4},"end":{"line":63,"column":31}},"24":{"start":{"line":64,"column":4},"end":{"line":64,"column":42}},"25":{"start":{"line":65,"column":4},"end":{"line":65,"column":40}},"26":{"start":{"line":66,"column":4},"end":{"line":66,"column":15}},"27":{"start":{"line":72,"column":8},"end":{"line":72,"column":32}},"28":{"start":{"line":73,"column":8},"end":{"line":73,"column":22}},"29":{"start":{"line":74,"column":8},"end":{"line":74,"column":51}}},"branchMap":{"1":{"line":36,"type":"if","locations":[{"start":{"line":36,"column":4},"end":{"line":36,"column":4}},{"start":{"line":36,"column":4},"end":{"line":36,"column":4}}]},"2":{"line":37,"type":"if","locations":[{"start":{"line":37,"column":4},"end":{"line":37,"column":4}},{"start":{"line":37,"column":4},"end":{"line":37,"column":4}}]},"3":{"line":46,"type":"if","locations":[{"start":{"line":46,"column":4},"end":{"line":46,"column":4}},{"start":{"line":46,"column":4},"end":{"line":46,"column":4}}]},"4":{"line":59,"type":"if","locations":[{"start":{"line":59,"column":4},"end":{"line":59,"column":4}},{"start":{"line":59,"column":4},"end":{"line":59,"column":4}}]},"5":{"line":60,"type":"if","locations":[{"start":{"line":60,"column":4},"end":{"line":60,"column":4}},{"start":{"line":60,"column":4},"end":{"line":60,"column":4}}]},"6":{"line":61,"type":"if","locations":[{"start":{"line":61,"column":4},"end":{"line":61,"column":4}},{"start":{"line":61,"column":4},"end":{"line":61,"column":4}}]}}}}
