TN:
SF:/Users/raghu/Alkemi/alkemi-earn-protocol/contracts/AlkemiRateModel.sol
FN:15,onlyOwner
FN:46,constructor
FN:91,changeRates
FN:135,transferOwnership
FN:140,acceptOwnership
FN:147,setLiquidator
FN:158,getUtilizationRate
FN:181,getUtilizationAndAnnualBorrowRate
FN:234,getSupplyRate
FN:288,getBorrowRate
FNF:10
FNH:1
FNDA:0,onlyOwner
FNDA:3,constructor
FNDA:0,changeRates
FNDA:0,transferOwnership
FNDA:0,acceptOwnership
FNDA:0,setLiquidator
FNDA:0,getUtilizationRate
FNDA:0,getUtilizationAndAnnualBorrowRate
FNDA:0,getSupplyRate
FNDA:0,getBorrowRate
DA:16,0
DA:17,0
DA:48,3
DA:49,3
DA:50,3
DA:51,3
DA:52,3
DA:53,3
DA:55,3
DA:57,3
DA:58,3
DA:59,3
DA:60,3
DA:61,3
DA:62,3
DA:64,3
DA:65,3
DA:66,3
DA:69,3
DA:70,3
DA:73,3
DA:74,3
DA:75,3
DA:78,3
DA:79,3
DA:82,3
DA:83,3
DA:84,3
DA:87,3
DA:88,3
DA:93,0
DA:94,0
DA:95,0
DA:96,0
DA:97,0
DA:99,0
DA:101,0
DA:102,0
DA:103,0
DA:104,0
DA:105,0
DA:106,0
DA:108,0
DA:109,0
DA:110,0
DA:113,0
DA:114,0
DA:117,0
DA:118,0
DA:119,0
DA:122,0
DA:123,0
DA:126,0
DA:127,0
DA:128,0
DA:131,0
DA:132,0
DA:136,0
DA:137,0
DA:141,0
DA:142,0
DA:143,0
DA:144,0
DA:148,0
DA:149,0
DA:150,0
DA:151,0
DA:152,0
DA:159,0
DA:161,0
DA:164,0
DA:165,0
DA:166,0
DA:169,0
DA:170,0
DA:171,0
DA:173,0
DA:175,0
DA:182,0
DA:183,0
DA:184,0
DA:194,0
DA:196,0
DA:197,0
DA:198,0
DA:200,0
DA:201,0
DA:202,0
DA:203,0
DA:204,0
DA:205,0
DA:208,0
DA:209,0
DA:210,0
DA:211,0
DA:212,0
DA:215,0
DA:216,0
DA:217,0
DA:218,0
DA:219,0
DA:222,0
DA:235,0
DA:236,0
DA:237,0
DA:238,0
DA:245,0
DA:246,0
DA:247,0
DA:248,0
DA:249,0
DA:250,0
DA:255,0
DA:258,0
DA:265,0
DA:267,0
DA:268,0
DA:272,0
DA:274,0
DA:276,0
DA:289,0
DA:291,0
DA:292,0
DA:293,0
DA:297,0
DA:299,0
DA:302,0
LF:127
LH:28
BRDA:16,1,0,0
BRDA:16,1,1,0
BRDA:136,2,0,0
BRDA:136,2,1,0
BRDA:141,3,0,0
BRDA:141,3,1,0
BRDA:148,4,0,0
BRDA:148,4,1,0
BRDA:149,5,0,0
BRDA:149,5,1,0
BRDA:159,6,0,0
BRDA:159,6,1,0
BRDA:165,7,0,0
BRDA:165,7,1,0
BRDA:170,8,0,0
BRDA:170,8,1,0
BRDA:183,9,0,0
BRDA:183,9,1,0
BRDA:200,10,0,0
BRDA:200,10,1,0
BRDA:207,11,0,0
BRDA:207,11,1,0
BRDA:214,12,0,0
BRDA:214,12,1,0
BRDA:237,13,0,0
BRDA:237,13,1,0
BRDA:292,14,0,0
BRDA:292,14,1,0
BRF:28
BRH:0
end_of_record
TN:
SF:/Users/raghu/Alkemi/alkemi-earn-protocol/contracts/AlkemiWETH.sol
FN:16,
FN:19,deposit
FN:23,withdraw
FN:30,totalSupply
FN:34,approve
FN:40,transfer
FN:44,transferFrom
FNF:7
FNH:0
FNDA:0,
FNDA:0,deposit
FNDA:0,withdraw
FNDA:0,totalSupply
FNDA:0,approve
FNDA:0,transfer
FNDA:0,transferFrom
DA:17,0
DA:20,0
DA:21,0
DA:24,0
DA:25,0
DA:26,0
DA:27,0
DA:31,0
DA:35,0
DA:36,0
DA:37,0
DA:41,0
DA:48,0
DA:50,0
DA:51,0
DA:52,0
DA:55,0
DA:56,0
DA:58,0
DA:60,0
LF:20
LH:0
BRDA:24,1,0,0
BRDA:24,1,1,0
BRDA:48,2,0,0
BRDA:48,2,1,0
BRDA:50,3,0,0
BRDA:50,3,1,0
BRDA:51,4,0,0
BRDA:51,4,1,0
BRF:8
BRH:0
end_of_record
TN:
SF:/Users/raghu/Alkemi/alkemi-earn-protocol/contracts/CarefulMath.sol
FN:14,mul
FN:31,div
FN:42,sub
FN:53,subInt
FN:60,add
FN:73,addInt
FN:81,addThenSub
FNF:7
FNH:5
FNDA:36,mul
FNDA:36,div
FNDA:18,sub
FNDA:3,subInt
FNDA:6,add
FNDA:0,addInt
FNDA:0,addThenSub
DA:15,36
DA:16,0
DA:19,36
DA:21,36
DA:22,0
DA:24,36
DA:32,36
DA:33,0
DA:36,36
DA:43,18
DA:44,18
DA:46,0
DA:54,3
DA:61,6
DA:63,6
DA:64,6
DA:66,0
DA:74,0
DA:75,0
DA:82,0
DA:84,0
DA:85,0
DA:88,0
LF:23
LH:12
BRDA:15,1,0,0
BRDA:15,1,1,36
BRDA:21,2,0,0
BRDA:21,2,1,36
BRDA:32,3,0,0
BRDA:32,3,1,36
BRDA:43,4,0,18
BRDA:43,4,1,0
BRDA:63,5,0,6
BRDA:63,5,1,0
BRDA:84,6,0,0
BRDA:84,6,1,0
BRF:12
BRH:5
end_of_record
TN:
SF:/Users/raghu/Alkemi/alkemi-earn-protocol/contracts/EIP20Interface.sol
FNF:0
FNH:0
LF:0
LH:0
BRF:0
BRH:0
end_of_record
TN:
SF:/Users/raghu/Alkemi/alkemi-earn-protocol/contracts/EIP20NonStandardInterface.sol
FNF:0
FNH:0
LF:0
LH:0
BRF:0
BRH:0
end_of_record
TN:
SF:/Users/raghu/Alkemi/alkemi-earn-protocol/contracts/ErrorReporter.sol
FN:160,fail
FN:169,failOpaque
FNF:2
FNH:1
FNDA:2,fail
FNDA:0,failOpaque
DA:161,2
DA:163,2
DA:170,0
DA:172,0
LF:4
LH:2
BRF:0
BRH:0
end_of_record
TN:
SF:/Users/raghu/Alkemi/alkemi-earn-protocol/contracts/Exponential.sol
FN:31,getExp
FN:48,addExp
FN:57,addExpNegative
FN:66,subExp
FN:75,subExpNegative
FN:84,mulScalar
FN:96,divScalar
FN:108,divScalarByExp
FN:128,mulExp
FN:155,divExp
FN:163,truncate
FN:171,lessThanExp
FN:178,lessThanOrEqualExp
FN:185,greaterThanExp
FN:192,isZeroExp
FNF:15
FNH:5
FNDA:30,getExp
FNDA:0,addExp
FNDA:0,addExpNegative
FNDA:18,subExp
FNDA:3,subExpNegative
FNDA:0,mulScalar
FNDA:0,divScalar
FNDA:0,divScalarByExp
FNDA:6,mulExp
FNDA:9,divExp
FNDA:0,truncate
FNDA:0,lessThanExp
FNDA:0,lessThanOrEqualExp
FNDA:0,greaterThanExp
FNDA:0,isZeroExp
DA:32,30
DA:33,30
DA:34,0
DA:37,30
DA:38,30
DA:39,0
DA:42,30
DA:49,0
DA:51,0
DA:58,0
DA:60,0
DA:67,18
DA:69,18
DA:76,3
DA:78,3
DA:85,0
DA:86,0
DA:87,0
DA:90,0
DA:97,0
DA:98,0
DA:99,0
DA:102,0
DA:118,0
DA:119,0
DA:120,0
DA:122,0
DA:130,6
DA:131,6
DA:132,0
DA:138,6
DA:139,6
DA:140,0
DA:143,6
DA:145,6
DA:147,6
DA:156,9
DA:165,0
DA:172,0
DA:179,0
DA:186,0
DA:193,0
LF:42
LH:17
BRDA:33,1,0,0
BRDA:33,1,1,30
BRDA:38,2,0,0
BRDA:38,2,1,30
BRDA:86,3,0,0
BRDA:86,3,1,0
BRDA:98,4,0,0
BRDA:98,4,1,0
BRDA:119,5,0,0
BRDA:119,5,1,0
BRDA:131,6,0,0
BRDA:131,6,1,6
BRDA:139,7,0,0
BRDA:139,7,1,6
BRF:14
BRH:4
end_of_record
TN:
SF:/Users/raghu/Alkemi/alkemi-earn-protocol/contracts/InterestRateModel.sol
FNF:0
FNH:0
LF:0
LH:0
BRF:0
BRH:0
end_of_record
TN:
SF:/Users/raghu/Alkemi/alkemi-earn-protocol/contracts/MoneyMarket.sol
FN:27,initializer
FN:47,
FN:496,onlyAdminOrManager
FN:505,emitError
FN:512,isKYCAdmin
FN:525,isKYCVerifiedCustomer
FN:539,addKYCAdmin
FN:552,removeKYCAdmin
FN:565,addCustomerKYC
FN:574,removeCustomerKYC
FN:583,verifyKYC
FN:590,checkKYCAdmin
FN:601,isLiquidator
FN:614,addLiquidator
FN:627,removeLiquidator
FN:640,verifyLiquidator
FN:647,min
FN:659,getBlockNumber
FN:667,addCollateralMarket
FN:682,getCollateralMarketsLength
FN:690,calculateInterestIndex
FN:729,calculateBalance
FN:746,getPriceForAssetAmount
FN:764,getPriceForAssetAmountMulCollatRatio
FN:793,calculateBorrowAmountWithFee
FN:816,fetchAssetPrice
FN:833,assetPrices
FN:846,getAssetAmountForValue
FN:872,_setPendingAdmin
FN:893,_acceptAdmin
FN:918,_setOracle
FN:947,_setPaused
FN:968,getAccountLiquidity
FN:986,getSupplyBalance
FN:1012,getBorrowBalance
FN:1039,_supportMarket
FN:1085,_suspendMarket
FN:1114,_setRiskParameters
FN:1169,_setOriginationFee
FN:1191,_setMarketInterestRateModel
FN:1212,_withdrawEquity
FN:1257,setWethAddress
FN:1274,supplyEther
FN:1290,revertEtherToUser
FN:1303,supply
FN:1434,withdrawEther
FN:1443,sendEtherToUser
FN:1459,withdraw
FN:1601,calculateAccountLiquidity
FN:1648,calculateAccountValuesInternal
FN:1733,calculateAccountValues
FN:1749,repayBorrow
FN:1891,liquidateBorrow
FN:2159,emitLiquidationEvent
FN:2181,calculateDiscountedRepayToEvenAmount
FN:2225,calculateDiscountedBorrowDenominatedCollateral
FN:2261,calculateAmountSeize
FN:2311,borrow
FN:2444,supplyOriginationFeeAsAdmin
FNF:59
FNH:1
FNDA:0,initializer
FNDA:0,
FNDA:0,onlyAdminOrManager
FNDA:0,emitError
FNDA:0,isKYCAdmin
FNDA:0,isKYCVerifiedCustomer
FNDA:0,addKYCAdmin
FNDA:0,removeKYCAdmin
FNDA:0,addCustomerKYC
FNDA:0,removeCustomerKYC
FNDA:0,verifyKYC
FNDA:0,checkKYCAdmin
FNDA:0,isLiquidator
FNDA:0,addLiquidator
FNDA:0,removeLiquidator
FNDA:0,verifyLiquidator
FNDA:0,min
FNDA:0,getBlockNumber
FNDA:0,addCollateralMarket
FNDA:0,getCollateralMarketsLength
FNDA:0,calculateInterestIndex
FNDA:0,calculateBalance
FNDA:0,getPriceForAssetAmount
FNDA:0,getPriceForAssetAmountMulCollatRatio
FNDA:0,calculateBorrowAmountWithFee
FNDA:0,fetchAssetPrice
FNDA:0,assetPrices
FNDA:0,getAssetAmountForValue
FNDA:0,_setPendingAdmin
FNDA:0,_acceptAdmin
FNDA:2,_setOracle
FNDA:0,_setPaused
FNDA:0,getAccountLiquidity
FNDA:0,getSupplyBalance
FNDA:0,getBorrowBalance
FNDA:0,_supportMarket
FNDA:0,_suspendMarket
FNDA:0,_setRiskParameters
FNDA:0,_setOriginationFee
FNDA:0,_setMarketInterestRateModel
FNDA:0,_withdrawEquity
FNDA:0,setWethAddress
FNDA:0,supplyEther
FNDA:0,revertEtherToUser
FNDA:0,supply
FNDA:0,withdrawEther
FNDA:0,sendEtherToUser
FNDA:0,withdraw
FNDA:0,calculateAccountLiquidity
FNDA:0,calculateAccountValuesInternal
FNDA:0,calculateAccountValues
FNDA:0,repayBorrow
FNDA:0,liquidateBorrow
FNDA:0,emitLiquidationEvent
FNDA:0,calculateDiscountedRepayToEvenAmount
FNDA:0,calculateDiscountedBorrowDenominatedCollateral
FNDA:0,calculateAmountSeize
FNDA:0,borrow
FNDA:0,supplyOriginationFeeAsAdmin
DA:28,0
DA:29,0
DA:30,0
DA:31,0
DA:32,0
DA:33,0
DA:34,0
DA:35,0
DA:36,0
DA:37,0
DA:38,0
DA:39,0
DA:48,0
DA:498,0
DA:499,0
DA:506,0
DA:514,0
DA:515,0
DA:517,0
DA:518,0
DA:527,0
DA:528,0
DA:529,0
DA:531,0
DA:532,0
DA:541,0
DA:542,0
DA:544,0
DA:545,0
DA:546,0
DA:554,0
DA:555,0
DA:557,0
DA:558,0
DA:559,0
DA:566,0
DA:567,0
DA:568,0
DA:575,0
DA:576,0
DA:577,0
DA:584,0
DA:591,0
DA:603,0
DA:604,0
DA:606,0
DA:607,0
DA:616,0
DA:617,0
DA:619,0
DA:620,0
DA:621,0
DA:629,0
DA:630,0
DA:632,0
DA:633,0
DA:634,0
DA:641,0
DA:648,0
DA:649,0
DA:651,0
DA:660,0
DA:668,0
DA:669,0
DA:670,0
DA:674,0
DA:683,0
DA:693,0
DA:694,0
DA:695,0
DA:700,0
DA:701,0
DA:702,0
DA:706,0
DA:707,0
DA:708,0
DA:712,0
DA:713,0
DA:714,0
DA:719,0
DA:730,0
DA:733,0
DA:735,0
DA:736,0
DA:737,0
DA:740,0
DA:747,0
DA:748,0
DA:749,0
DA:752,0
DA:753,0
DA:756,0
DA:765,0
DA:766,0
DA:767,0
DA:768,0
DA:769,0
DA:770,0
DA:773,0
DA:774,0
DA:778,0
DA:779,0
DA:780,0
DA:784,0
DA:795,0
DA:796,0
DA:799,0
DA:800,0
DA:801,0
DA:804,0
DA:805,0
DA:806,0
DA:809,0
DA:817,0
DA:818,0
DA:821,0
DA:823,0
DA:834,0
DA:835,0
DA:836,0
DA:838,0
DA:847,0
DA:848,0
DA:849,0
DA:851,0
DA:852,0
DA:853,0
DA:856,0
DA:857,0
DA:858,0
DA:861,0
DA:874,0
DA:875,0
DA:879,0
DA:881,0
DA:883,0
DA:885,0
DA:896,0
DA:897,0
DA:901,0
DA:903,0
DA:905,0
DA:907,0
DA:909,0
DA:920,2
DA:921,2
DA:929,0
DA:932,0
DA:934,0
DA:936,0
DA:938,0
DA:949,0
DA:950,0
DA:953,0
DA:954,0
DA:956,0
DA:969,0
DA:970,0
DA:972,0
DA:973,0
DA:975,0
DA:987,0
DA:988,0
DA:989,0
DA:991,0
DA:992,0
DA:995,0
DA:996,0
DA:999,0
DA:1000,0
DA:1002,0
DA:1013,0
DA:1014,0
DA:1015,0
DA:1017,0
DA:1018,0
DA:1021,0
DA:1022,0
DA:1025,0
DA:1026,0
DA:1028,0
DA:1041,0
DA:1042,0
DA:1045,0
DA:1046,0
DA:1047,0
DA:1050,0
DA:1051,0
DA:1055,0
DA:1058,0
DA:1061,0
DA:1064,0
DA:1065,0
DA:1068,0
DA:1069,0
DA:1072,0
DA:1074,0
DA:1087,0
DA:1088,0
DA:1095,0
DA:1096,0
DA:1100,0
DA:1102,0
DA:1104,0
DA:1116,0
DA:1117,0
DA:1120,0
DA:1121,0
DA:1122,0
DA:1123,0
DA:1124,0
DA:1125,0
DA:1127,0
DA:1128,0
DA:1131,0
DA:1132,0
DA:1137,0
DA:1138,0
DA:1143,0
DA:1144,0
DA:1146,0
DA:1147,0
DA:1151,0
DA:1152,0
DA:1155,0
DA:1156,0
DA:1158,0
DA:1160,0
DA:1171,0
DA:1172,0
DA:1176,0
DA:1178,0
DA:1180,0
DA:1182,0
DA:1193,0
DA:1194,0
DA:1198,0
DA:1200,0
DA:1202,0
DA:1214,0
DA:1215,0
DA:1219,0
DA:1220,0
DA:1221,0
DA:1222,0
DA:1225,0
DA:1226,0
DA:1233,0
DA:1235,0
DA:1236,0
DA:1238,0
DA:1241,0
DA:1242,0
DA:1243,0
DA:1248,0
DA:1250,0
DA:1259,0
DA:1260,0
DA:1262,0
DA:1263,0
DA:1264,0
DA:1265,0
DA:1275,0
DA:1276,0
DA:1277,0
DA:1278,0
DA:1281,0
DA:1291,0
DA:1292,0
DA:1304,0
DA:1305,0
DA:1306,0
DA:1309,0
DA:1310,0
DA:1312,0
DA:1313,0
DA:1314,0
DA:1317,0
DA:1318,0
DA:1319,0
DA:1321,0
DA:1323,0
DA:1324,0
DA:1325,0
DA:1326,0
DA:1331,0
DA:1332,0
DA:1333,0
DA:1334,0
DA:1337,0
DA:1338,0
DA:1339,0
DA:1340,0
DA:1343,0
DA:1344,0
DA:1345,0
DA:1346,0
DA:1350,0
DA:1351,0
DA:1352,0
DA:1353,0
DA:1357,0
DA:1359,0
DA:1360,0
DA:1361,0
DA:1362,0
DA:1366,0
DA:1367,0
DA:1368,0
DA:1369,0
DA:1373,0
DA:1374,0
DA:1375,0
DA:1376,0
DA:1379,0
DA:1380,0
DA:1381,0
DA:1382,0
DA:1388,0
DA:1390,0
DA:1391,0
DA:1392,0
DA:1394,0
DA:1397,0
DA:1398,0
DA:1399,0
DA:1400,0
DA:1401,0
DA:1405,0
DA:1406,0
DA:1411,0
DA:1412,0
DA:1413,0
DA:1414,0
DA:1415,0
DA:1416,0
DA:1419,0
DA:1420,0
DA:1421,0
DA:1423,0
DA:1425,0
DA:1435,0
DA:1436,0
DA:1445,0
DA:1446,0
DA:1448,0
DA:1449,0
DA:1460,0
DA:1461,0
DA:1464,0
DA:1465,0
DA:1467,0
DA:1468,0
DA:1469,0
DA:1472,0
DA:1473,0
DA:1474,0
DA:1478,0
DA:1479,0
DA:1480,0
DA:1483,0
DA:1484,0
DA:1485,0
DA:1489,0
DA:1490,0
DA:1491,0
DA:1492,0
DA:1494,0
DA:1496,0
DA:1503,0
DA:1504,0
DA:1505,0
DA:1506,0
DA:1511,0
DA:1512,0
DA:1513,0
DA:1517,0
DA:1518,0
DA:1524,0
DA:1525,0
DA:1526,0
DA:1530,0
DA:1531,0
DA:1537,0
DA:1538,0
DA:1539,0
DA:1543,0
DA:1544,0
DA:1545,0
DA:1549,0
DA:1550,0
DA:1551,0
DA:1554,0
DA:1555,0
DA:1556,0
DA:1563,0
DA:1565,0
DA:1566,0
DA:1568,0
DA:1571,0
DA:1572,0
DA:1573,0
DA:1578,0
DA:1579,0
DA:1580,0
DA:1581,0
DA:1582,0
DA:1583,0
DA:1586,0
DA:1587,0
DA:1588,0
DA:1590,0
DA:1592,0
DA:1602,0
DA:1603,0
DA:1604,0
DA:1605,0
DA:1606,0
DA:1607,0
DA:1610,0
DA:1612,0
DA:1613,0
DA:1615,0
DA:1616,0
DA:1617,0
DA:1622,0
DA:1624,0
DA:1625,0
DA:1627,0
DA:1630,0
DA:1631,0
DA:1633,0
DA:1657,0
DA:1658,0
DA:1659,0
DA:1660,0
DA:1661,0
DA:1663,0
DA:1664,0
DA:1665,0
DA:1666,0
DA:1667,0
DA:1669,0
DA:1671,0
DA:1672,0
DA:1673,0
DA:1676,0
DA:1677,0
DA:1678,0
DA:1682,0
DA:1683,0
DA:1684,0
DA:1688,0
DA:1689,0
DA:1690,0
DA:1694,0
DA:1696,0
DA:1697,0
DA:1698,0
DA:1701,0
DA:1702,0
DA:1703,0
DA:1707,0
DA:1708,0
DA:1709,0
DA:1713,0
DA:1714,0
DA:1715,0
DA:1720,0
DA:1734,0
DA:1735,0
DA:1737,0
DA:1740,0
DA:1750,0
DA:1751,0
DA:1752,0
DA:1754,0
DA:1755,0
DA:1756,0
DA:1757,0
DA:1758,0
DA:1761,0
DA:1762,0
DA:1763,0
DA:1764,0
DA:1767,0
DA:1768,0
DA:1769,0
DA:1770,0
DA:1775,0
DA:1776,0
DA:1778,0
DA:1783,0
DA:1784,0
DA:1785,0
DA:1786,0
DA:1791,0
DA:1792,0
DA:1793,0
DA:1794,0
DA:1795,0
DA:1802,0
DA:1803,0
DA:1804,0
DA:1805,0
DA:1809,0
DA:1811,0
DA:1812,0
DA:1813,0
DA:1814,0
DA:1820,0
DA:1821,0
DA:1822,0
DA:1823,0
DA:1826,0
DA:1827,0
DA:1828,0
DA:1829,0
DA:1832,0
DA:1833,0
DA:1834,0
DA:1835,0
DA:1841,0
DA:1843,0
DA:1844,0
DA:1845,0
DA:1847,0
DA:1850,0
DA:1851,0
DA:1852,0
DA:1853,0
DA:1854,0
DA:1858,0
DA:1859,0
DA:1864,0
DA:1865,0
DA:1866,0
DA:1867,0
DA:1868,0
DA:1869,0
DA:1872,0
DA:1873,0
DA:1874,0
DA:1876,0
DA:1878,0
DA:1880,0
DA:1892,0
DA:1893,0
DA:1895,0
DA:1898,0
DA:1899,0
DA:1900,0
DA:1901,0
DA:1903,0
DA:1904,0
DA:1905,0
DA:1906,0
DA:1909,0
DA:1911,0
DA:1912,0
DA:1914,0
DA:1915,0
DA:1916,0
DA:1919,0
DA:1921,0
DA:1924,0
DA:1925,0
DA:1926,0
DA:1929,0
DA:1930,0
DA:1931,0
DA:1935,0
DA:1936,0
DA:1937,0
DA:1940,0
DA:1941,0
DA:1942,0
DA:1948,0
DA:1949,0
DA:1950,0
DA:1958,0
DA:1959,0
DA:1960,0
DA:1965,0
DA:1966,0
DA:1967,0
DA:1981,0
DA:1983,0
DA:1984,0
DA:1987,0
DA:1989,0
DA:1991,0
DA:1992,0
DA:1997,0
DA:2000,0
DA:2003,0
DA:2007,0
DA:2008,0
DA:2010,0
DA:2016,0
DA:2017,0
DA:2021,0
DA:2022,0
DA:2023,0
DA:2028,0
DA:2029,0
DA:2030,0
DA:2031,0
DA:2040,0
DA:2042,0
DA:2047,0
DA:2048,0
DA:2049,0
DA:2053,0
DA:2054,0
DA:2055,0
DA:2056,0
DA:2063,0
DA:2064,0
DA:2065,0
DA:2068,0
DA:2069,0
DA:2070,0
DA:2073,0
DA:2074,0
DA:2075,0
DA:2083,0
DA:2084,0
DA:2085,0
DA:2089,0
DA:2093,0
DA:2096,0
DA:2099,0
DA:2106,0
DA:2107,0
DA:2108,0
DA:2110,0
DA:2113,0
DA:2114,0
DA:2115,0
DA:2120,0
DA:2121,0
DA:2123,0
DA:2124,0
DA:2125,0
DA:2126,0
DA:2130,0
DA:2131,0
DA:2132,0
DA:2133,0
DA:2137,0
DA:2138,0
DA:2139,0
DA:2141,0
DA:2142,0
DA:2143,0
DA:2145,0
DA:2146,0
DA:2147,0
DA:2149,0
DA:2151,0
DA:2153,0
DA:2162,0
DA:2182,0
DA:2183,0
DA:2184,0
DA:2185,0
DA:2186,0
DA:2187,0
DA:2188,0
DA:2191,0
DA:2192,0
DA:2193,0
DA:2196,0
DA:2197,0
DA:2198,0
DA:2201,0
DA:2202,0
DA:2203,0
DA:2206,0
DA:2211,0
DA:2213,0
DA:2215,0
DA:2216,0
DA:2219,0
DA:2228,0
DA:2229,0
DA:2230,0
DA:2231,0
DA:2232,0
DA:2234,0
DA:2235,0
DA:2236,0
DA:2239,0
DA:2240,0
DA:2241,0
DA:2244,0
DA:2245,0
DA:2246,0
DA:2249,0
DA:2250,0
DA:2251,0
DA:2254,0
DA:2266,0
DA:2269,0
DA:2272,0
DA:2277,0
DA:2280,0
DA:2282,0
DA:2284,0
DA:2286,0
DA:2287,0
DA:2288,0
DA:2291,0
DA:2292,0
DA:2293,0
DA:2296,0
DA:2297,0
DA:2298,0
DA:2301,0
DA:2312,0
DA:2313,0
DA:2315,0
DA:2316,0
DA:2317,0
DA:2319,0
DA:2320,0
DA:2323,0
DA:2324,0
DA:2328,0
DA:2329,0
DA:2330,0
DA:2333,0
DA:2334,0
DA:2335,0
DA:2339,0
DA:2340,0
DA:2341,0
DA:2343,0
DA:2346,0
DA:2347,0
DA:2348,0
DA:2352,0
DA:2353,0
DA:2354,0
DA:2358,0
DA:2359,0
DA:2360,0
DA:2364,0
DA:2365,0
DA:2371,0
DA:2372,0
DA:2373,0
DA:2375,0
DA:2376,0
DA:2380,0
DA:2382,0
DA:2383,0
DA:2385,0
DA:2391,0
DA:2392,0
DA:2393,0
DA:2396,0
DA:2397,0
DA:2398,0
DA:2401,0
DA:2402,0
DA:2403,0
DA:2410,0
DA:2412,0
DA:2413,0
DA:2415,0
DA:2418,0
DA:2419,0
DA:2420,0
DA:2425,0
DA:2426,0
DA:2427,0
DA:2428,0
DA:2429,0
DA:2430,0
DA:2433,0
DA:2434,0
DA:2435,0
DA:2437,0
DA:2439,0
DA:2441,0
DA:2445,0
DA:2446,0
DA:2447,0
DA:2448,0
DA:2450,0
DA:2452,0
DA:2454,0
DA:2455,0
DA:2457,0
DA:2459,0
DA:2461,0
DA:2464,0
DA:2467,0
DA:2470,0
DA:2471,0
DA:2472,0
DA:2474,0
LF:804
LH:2
BRDA:28,1,0,0
BRDA:28,1,1,0
BRDA:498,2,0,0
BRDA:498,2,1,0
BRDA:514,3,0,0
BRDA:514,3,1,0
BRDA:517,4,0,0
BRDA:517,4,1,0
BRDA:527,5,0,0
BRDA:527,5,1,0
BRDA:531,6,0,0
BRDA:531,6,1,0
BRDA:541,7,0,0
BRDA:541,7,1,0
BRDA:554,8,0,0
BRDA:554,8,1,0
BRDA:603,9,0,0
BRDA:603,9,1,0
BRDA:606,10,0,0
BRDA:606,10,1,0
BRDA:616,11,0,0
BRDA:616,11,1,0
BRDA:629,12,0,0
BRDA:629,12,1,0
BRDA:648,13,0,0
BRDA:648,13,1,0
BRDA:669,14,0,0
BRDA:669,14,1,0
BRDA:694,15,0,0
BRDA:694,15,1,0
BRDA:701,16,0,0
BRDA:701,16,1,0
BRDA:707,17,0,0
BRDA:707,17,1,0
BRDA:713,18,0,0
BRDA:713,18,1,0
BRDA:730,19,0,0
BRDA:730,19,1,0
BRDA:736,20,0,0
BRDA:736,20,1,0
BRDA:748,21,0,0
BRDA:748,21,1,0
BRDA:752,22,0,0
BRDA:752,22,1,0
BRDA:769,23,0,0
BRDA:769,23,1,0
BRDA:773,24,0,0
BRDA:773,24,1,0
BRDA:779,25,0,0
BRDA:779,25,1,0
BRDA:795,26,0,0
BRDA:795,26,1,0
BRDA:800,27,0,0
BRDA:800,27,1,0
BRDA:805,28,0,0
BRDA:805,28,1,0
BRDA:817,29,0,0
BRDA:817,29,1,0
BRDA:835,30,0,0
BRDA:835,30,1,0
BRDA:852,31,0,0
BRDA:852,31,1,0
BRDA:857,32,0,0
BRDA:857,32,1,0
BRDA:874,33,0,0
BRDA:874,33,1,0
BRDA:896,34,0,0
BRDA:896,34,1,0
BRDA:920,35,0,2
BRDA:920,35,1,0
BRDA:949,36,0,0
BRDA:949,36,1,0
BRDA:970,37,0,0
BRDA:970,37,1,0
BRDA:972,38,0,0
BRDA:972,38,1,0
BRDA:996,39,0,0
BRDA:996,39,1,0
BRDA:1000,40,0,0
BRDA:1000,40,1,0
BRDA:1022,41,0,0
BRDA:1022,41,1,0
BRDA:1026,42,0,0
BRDA:1026,42,1,0
BRDA:1041,43,0,0
BRDA:1041,43,1,0
BRDA:1046,44,0,0
BRDA:1046,44,1,0
BRDA:1050,45,0,0
BRDA:1050,45,1,0
BRDA:1064,46,0,0
BRDA:1064,46,1,0
BRDA:1068,47,0,0
BRDA:1068,47,1,0
BRDA:1087,48,0,0
BRDA:1087,48,1,0
BRDA:1095,49,0,0
BRDA:1095,49,1,0
BRDA:1116,50,0,0
BRDA:1116,50,1,0
BRDA:1131,51,0,0
BRDA:1131,51,1,0
BRDA:1137,52,0,0
BRDA:1137,52,1,0
BRDA:1146,53,0,0
BRDA:1146,53,1,0
BRDA:1171,54,0,0
BRDA:1171,54,1,0
BRDA:1193,55,0,0
BRDA:1193,55,1,0
BRDA:1214,56,0,0
BRDA:1214,56,1,0
BRDA:1221,57,0,0
BRDA:1221,57,1,0
BRDA:1225,58,0,0
BRDA:1225,58,1,0
BRDA:1233,59,0,0
BRDA:1233,59,1,0
BRDA:1236,60,0,0
BRDA:1236,60,1,0
BRDA:1242,61,0,0
BRDA:1242,61,1,0
BRDA:1259,62,0,0
BRDA:1259,62,1,0
BRDA:1276,63,0,0
BRDA:1276,63,1,0
BRDA:1291,64,0,0
BRDA:1291,64,1,0
BRDA:1304,65,0,0
BRDA:1304,65,1,0
BRDA:1317,66,0,0
BRDA:1317,66,1,0
BRDA:1321,67,0,0
BRDA:1321,67,1,0
BRDA:1325,68,0,0
BRDA:1325,68,1,0
BRDA:1332,69,0,0
BRDA:1332,69,1,0
BRDA:1338,70,0,0
BRDA:1338,70,1,0
BRDA:1344,71,0,0
BRDA:1344,71,1,0
BRDA:1351,72,0,0
BRDA:1351,72,1,0
BRDA:1360,73,0,0
BRDA:1360,73,1,0
BRDA:1367,74,0,0
BRDA:1367,74,1,0
BRDA:1374,75,0,0
BRDA:1374,75,1,0
BRDA:1380,76,0,0
BRDA:1380,76,1,0
BRDA:1388,77,0,0
BRDA:1388,77,1,0
BRDA:1392,78,0,0
BRDA:1392,78,1,0
BRDA:1397,79,0,0
BRDA:1397,79,1,0
BRDA:1399,80,0,0
BRDA:1399,80,1,0
BRDA:1445,81,0,0
BRDA:1445,81,1,0
BRDA:1460,82,0,0
BRDA:1460,82,1,0
BRDA:1473,83,0,0
BRDA:1473,83,1,0
BRDA:1479,84,0,0
BRDA:1479,84,1,0
BRDA:1484,85,0,0
BRDA:1484,85,1,0
BRDA:1489,86,0,0
BRDA:1489,86,1,0
BRDA:1491,87,0,0
BRDA:1491,87,1,0
BRDA:1505,88,0,0
BRDA:1505,88,1,0
BRDA:1512,89,0,0
BRDA:1512,89,1,0
BRDA:1517,90,0,0
BRDA:1517,90,1,0
BRDA:1525,91,0,0
BRDA:1525,91,1,0
BRDA:1530,92,0,0
BRDA:1530,92,1,0
BRDA:1538,93,0,0
BRDA:1538,93,1,0
BRDA:1544,94,0,0
BRDA:1544,94,1,0
BRDA:1550,95,0,0
BRDA:1550,95,1,0
BRDA:1555,96,0,0
BRDA:1555,96,1,0
BRDA:1563,97,0,0
BRDA:1563,97,1,0
BRDA:1566,98,0,0
BRDA:1566,98,1,0
BRDA:1572,99,0,0
BRDA:1572,99,1,0
BRDA:1606,100,0,0
BRDA:1606,100,1,0
BRDA:1616,101,0,0
BRDA:1616,101,1,0
BRDA:1622,102,0,0
BRDA:1622,102,1,0
BRDA:1669,103,0,0
BRDA:1669,103,1,0
BRDA:1672,104,0,0
BRDA:1672,104,1,0
BRDA:1677,105,0,0
BRDA:1677,105,1,0
BRDA:1683,106,0,0
BRDA:1683,106,1,0
BRDA:1689,107,0,0
BRDA:1689,107,1,0
BRDA:1694,108,0,0
BRDA:1694,108,1,0
BRDA:1697,109,0,0
BRDA:1697,109,1,0
BRDA:1702,110,0,0
BRDA:1702,110,1,0
BRDA:1708,111,0,0
BRDA:1708,111,1,0
BRDA:1714,112,0,0
BRDA:1714,112,1,0
BRDA:1735,113,0,0
BRDA:1735,113,1,0
BRDA:1750,114,0,0
BRDA:1750,114,1,0
BRDA:1762,115,0,0
BRDA:1762,115,1,0
BRDA:1768,116,0,0
BRDA:1768,116,1,0
BRDA:1775,117,0,0
BRDA:1775,117,1,0
BRDA:1784,118,0,0
BRDA:1784,118,1,0
BRDA:1791,119,0,0
BRDA:1791,119,1,0
BRDA:1794,120,0,0
BRDA:1794,120,1,0
BRDA:1803,121,0,0
BRDA:1803,121,1,0
BRDA:1812,122,0,0
BRDA:1812,122,1,0
BRDA:1821,123,0,0
BRDA:1821,123,1,0
BRDA:1827,124,0,0
BRDA:1827,124,1,0
BRDA:1833,125,0,0
BRDA:1833,125,1,0
BRDA:1841,126,0,0
BRDA:1841,126,1,0
BRDA:1845,127,0,0
BRDA:1845,127,1,0
BRDA:1850,128,0,0
BRDA:1850,128,1,0
BRDA:1852,129,0,0
BRDA:1852,129,1,0
BRDA:1892,130,0,0
BRDA:1892,130,1,0
BRDA:1915,131,0,0
BRDA:1915,131,1,0
BRDA:1925,132,0,0
BRDA:1925,132,1,0
BRDA:1930,133,0,0
BRDA:1930,133,1,0
BRDA:1936,134,0,0
BRDA:1936,134,1,0
BRDA:1941,135,0,0
BRDA:1941,135,1,0
BRDA:1949,136,0,0
BRDA:1949,136,1,0
BRDA:1959,137,0,0
BRDA:1959,137,1,0
BRDA:1966,138,0,0
BRDA:1966,138,1,0
BRDA:1983,139,0,0
BRDA:1983,139,1,0
BRDA:1987,140,0,0
BRDA:1987,140,1,0
BRDA:1991,141,0,0
BRDA:1991,141,1,0
BRDA:2007,142,0,0
BRDA:2007,142,1,0
BRDA:2016,143,0,0
BRDA:2016,143,1,0
BRDA:2022,144,0,0
BRDA:2022,144,1,0
BRDA:2028,145,0,0
BRDA:2028,145,1,0
BRDA:2030,146,0,0
BRDA:2030,146,1,0
BRDA:2048,147,0,0
BRDA:2048,147,1,0
BRDA:2055,148,0,0
BRDA:2055,148,1,0
BRDA:2064,149,0,0
BRDA:2064,149,1,0
BRDA:2069,150,0,0
BRDA:2069,150,1,0
BRDA:2074,151,0,0
BRDA:2074,151,1,0
BRDA:2084,152,0,0
BRDA:2084,152,1,0
BRDA:2106,153,0,0
BRDA:2106,153,1,0
BRDA:2108,154,0,0
BRDA:2108,154,1,0
BRDA:2114,155,0,0
BRDA:2114,155,1,0
BRDA:2192,156,0,0
BRDA:2192,156,1,0
BRDA:2197,157,0,0
BRDA:2197,157,1,0
BRDA:2202,158,0,0
BRDA:2202,158,1,0
BRDA:2215,159,0,0
BRDA:2215,159,1,0
BRDA:2235,160,0,0
BRDA:2235,160,1,0
BRDA:2240,161,0,0
BRDA:2240,161,1,0
BRDA:2245,162,0,0
BRDA:2245,162,1,0
BRDA:2250,163,0,0
BRDA:2250,163,1,0
BRDA:2287,164,0,0
BRDA:2287,164,1,0
BRDA:2292,165,0,0
BRDA:2292,165,1,0
BRDA:2297,166,0,0
BRDA:2297,166,1,0
BRDA:2312,167,0,0
BRDA:2312,167,1,0
BRDA:2323,168,0,0
BRDA:2323,168,1,0
BRDA:2329,169,0,0
BRDA:2329,169,1,0
BRDA:2334,170,0,0
BRDA:2334,170,1,0
BRDA:2340,171,0,0
BRDA:2340,171,1,0
BRDA:2347,172,0,0
BRDA:2347,172,1,0
BRDA:2353,173,0,0
BRDA:2353,173,1,0
BRDA:2359,174,0,0
BRDA:2359,174,1,0
BRDA:2364,175,0,0
BRDA:2364,175,1,0
BRDA:2372,176,0,0
BRDA:2372,176,1,0
BRDA:2375,177,0,0
BRDA:2375,177,1,0
BRDA:2383,178,0,0
BRDA:2383,178,1,0
BRDA:2392,179,0,0
BRDA:2392,179,1,0
BRDA:2397,180,0,0
BRDA:2397,180,1,0
BRDA:2402,181,0,0
BRDA:2402,181,1,0
BRDA:2410,182,0,0
BRDA:2410,182,1,0
BRDA:2413,183,0,0
BRDA:2413,183,1,0
BRDA:2419,184,0,0
BRDA:2419,184,1,0
BRDA:2446,185,0,0
BRDA:2446,185,1,0
BRDA:2447,186,0,0
BRDA:2447,186,1,0
BRF:372
BRH:1
end_of_record
TN:
SF:/Users/raghu/Alkemi/alkemi-earn-protocol/contracts/MoneyMarketV11.sol
FN:27,initializer
FN:47,
FN:498,onlyAdminOrManager
FN:507,emitError
FN:514,isKYCAdmin
FN:527,isKYCVerifiedCustomer
FN:541,addKYCAdmin
FN:554,removeKYCAdmin
FN:567,addCustomerKYC
FN:576,removeCustomerKYC
FN:585,verifyKYC
FN:592,checkKYCAdmin
FN:603,isLiquidator
FN:616,addLiquidator
FN:629,removeLiquidator
FN:642,verifyLiquidator
FN:649,min
FN:661,getBlockNumber
FN:669,addCollateralMarket
FN:684,getCollateralMarketsLength
FN:692,calculateInterestIndex
FN:731,calculateBalance
FN:748,getPriceForAssetAmount
FN:766,getPriceForAssetAmountMulCollatRatio
FN:795,calculateBorrowAmountWithFee
FN:818,fetchAssetPrice
FN:835,assetPrices
FN:848,getAssetAmountForValue
FN:874,_setPendingAdmin
FN:895,_acceptAdmin
FN:920,_setOracle
FN:949,_setPaused
FN:970,getAccountLiquidity
FN:988,getSupplyBalance
FN:1014,getBorrowBalance
FN:1041,_supportMarket
FN:1087,_suspendMarket
FN:1116,_setRiskParameters
FN:1171,_setOriginationFee
FN:1193,_setMarketInterestRateModel
FN:1214,_withdrawEquity
FN:1259,setWethAddress
FN:1276,supplyEther
FN:1292,revertEtherToUser
FN:1305,supply
FN:1436,withdrawEther
FN:1445,sendEtherToUser
FN:1461,withdraw
FN:1603,calculateAccountLiquidity
FN:1650,calculateAccountValuesInternal
FN:1735,calculateAccountValues
FN:1751,repayBorrow
FN:1912,liquidateBorrow
FN:2197,emitLiquidationEvent
FN:2219,calculateDiscountedRepayToEvenAmount
FN:2263,calculateDiscountedBorrowDenominatedCollateral
FN:2299,calculateAmountSeize
FN:2349,borrow
FN:2482,supplyOriginationFeeAsAdmin
FNF:59
FNH:0
FNDA:0,initializer
FNDA:0,
FNDA:0,onlyAdminOrManager
FNDA:0,emitError
FNDA:0,isKYCAdmin
FNDA:0,isKYCVerifiedCustomer
FNDA:0,addKYCAdmin
FNDA:0,removeKYCAdmin
FNDA:0,addCustomerKYC
FNDA:0,removeCustomerKYC
FNDA:0,verifyKYC
FNDA:0,checkKYCAdmin
FNDA:0,isLiquidator
FNDA:0,addLiquidator
FNDA:0,removeLiquidator
FNDA:0,verifyLiquidator
FNDA:0,min
FNDA:0,getBlockNumber
FNDA:0,addCollateralMarket
FNDA:0,getCollateralMarketsLength
FNDA:0,calculateInterestIndex
FNDA:0,calculateBalance
FNDA:0,getPriceForAssetAmount
FNDA:0,getPriceForAssetAmountMulCollatRatio
FNDA:0,calculateBorrowAmountWithFee
FNDA:0,fetchAssetPrice
FNDA:0,assetPrices
FNDA:0,getAssetAmountForValue
FNDA:0,_setPendingAdmin
FNDA:0,_acceptAdmin
FNDA:0,_setOracle
FNDA:0,_setPaused
FNDA:0,getAccountLiquidity
FNDA:0,getSupplyBalance
FNDA:0,getBorrowBalance
FNDA:0,_supportMarket
FNDA:0,_suspendMarket
FNDA:0,_setRiskParameters
FNDA:0,_setOriginationFee
FNDA:0,_setMarketInterestRateModel
FNDA:0,_withdrawEquity
FNDA:0,setWethAddress
FNDA:0,supplyEther
FNDA:0,revertEtherToUser
FNDA:0,supply
FNDA:0,withdrawEther
FNDA:0,sendEtherToUser
FNDA:0,withdraw
FNDA:0,calculateAccountLiquidity
FNDA:0,calculateAccountValuesInternal
FNDA:0,calculateAccountValues
FNDA:0,repayBorrow
FNDA:0,liquidateBorrow
FNDA:0,emitLiquidationEvent
FNDA:0,calculateDiscountedRepayToEvenAmount
FNDA:0,calculateDiscountedBorrowDenominatedCollateral
FNDA:0,calculateAmountSeize
FNDA:0,borrow
FNDA:0,supplyOriginationFeeAsAdmin
DA:28,0
DA:29,0
DA:30,0
DA:31,0
DA:32,0
DA:33,0
DA:34,0
DA:35,0
DA:36,0
DA:37,0
DA:38,0
DA:39,0
DA:48,0
DA:500,0
DA:501,0
DA:508,0
DA:516,0
DA:517,0
DA:519,0
DA:520,0
DA:529,0
DA:530,0
DA:531,0
DA:533,0
DA:534,0
DA:543,0
DA:544,0
DA:546,0
DA:547,0
DA:548,0
DA:556,0
DA:557,0
DA:559,0
DA:560,0
DA:561,0
DA:568,0
DA:569,0
DA:570,0
DA:577,0
DA:578,0
DA:579,0
DA:586,0
DA:593,0
DA:605,0
DA:606,0
DA:608,0
DA:609,0
DA:618,0
DA:619,0
DA:621,0
DA:622,0
DA:623,0
DA:631,0
DA:632,0
DA:634,0
DA:635,0
DA:636,0
DA:643,0
DA:650,0
DA:651,0
DA:653,0
DA:662,0
DA:670,0
DA:671,0
DA:672,0
DA:676,0
DA:685,0
DA:695,0
DA:696,0
DA:697,0
DA:702,0
DA:703,0
DA:704,0
DA:708,0
DA:709,0
DA:710,0
DA:714,0
DA:715,0
DA:716,0
DA:721,0
DA:732,0
DA:735,0
DA:737,0
DA:738,0
DA:739,0
DA:742,0
DA:749,0
DA:750,0
DA:751,0
DA:754,0
DA:755,0
DA:758,0
DA:767,0
DA:768,0
DA:769,0
DA:770,0
DA:771,0
DA:772,0
DA:775,0
DA:776,0
DA:780,0
DA:781,0
DA:782,0
DA:786,0
DA:797,0
DA:798,0
DA:801,0
DA:802,0
DA:803,0
DA:806,0
DA:807,0
DA:808,0
DA:811,0
DA:819,0
DA:820,0
DA:823,0
DA:825,0
DA:836,0
DA:837,0
DA:838,0
DA:840,0
DA:849,0
DA:850,0
DA:851,0
DA:853,0
DA:854,0
DA:855,0
DA:858,0
DA:859,0
DA:860,0
DA:863,0
DA:876,0
DA:877,0
DA:881,0
DA:883,0
DA:885,0
DA:887,0
DA:898,0
DA:899,0
DA:903,0
DA:905,0
DA:907,0
DA:909,0
DA:911,0
DA:922,0
DA:923,0
DA:931,0
DA:934,0
DA:936,0
DA:938,0
DA:940,0
DA:951,0
DA:952,0
DA:955,0
DA:956,0
DA:958,0
DA:971,0
DA:972,0
DA:974,0
DA:975,0
DA:977,0
DA:989,0
DA:990,0
DA:991,0
DA:993,0
DA:994,0
DA:997,0
DA:998,0
DA:1001,0
DA:1002,0
DA:1004,0
DA:1015,0
DA:1016,0
DA:1017,0
DA:1019,0
DA:1020,0
DA:1023,0
DA:1024,0
DA:1027,0
DA:1028,0
DA:1030,0
DA:1043,0
DA:1044,0
DA:1047,0
DA:1048,0
DA:1049,0
DA:1052,0
DA:1053,0
DA:1057,0
DA:1060,0
DA:1063,0
DA:1066,0
DA:1067,0
DA:1070,0
DA:1071,0
DA:1074,0
DA:1076,0
DA:1089,0
DA:1090,0
DA:1097,0
DA:1098,0
DA:1102,0
DA:1104,0
DA:1106,0
DA:1118,0
DA:1119,0
DA:1122,0
DA:1123,0
DA:1124,0
DA:1125,0
DA:1126,0
DA:1127,0
DA:1129,0
DA:1130,0
DA:1133,0
DA:1134,0
DA:1139,0
DA:1140,0
DA:1145,0
DA:1146,0
DA:1148,0
DA:1149,0
DA:1153,0
DA:1154,0
DA:1157,0
DA:1158,0
DA:1160,0
DA:1162,0
DA:1173,0
DA:1174,0
DA:1178,0
DA:1180,0
DA:1182,0
DA:1184,0
DA:1195,0
DA:1196,0
DA:1200,0
DA:1202,0
DA:1204,0
DA:1216,0
DA:1217,0
DA:1221,0
DA:1222,0
DA:1223,0
DA:1224,0
DA:1227,0
DA:1228,0
DA:1235,0
DA:1237,0
DA:1238,0
DA:1240,0
DA:1243,0
DA:1244,0
DA:1245,0
DA:1250,0
DA:1252,0
DA:1261,0
DA:1262,0
DA:1264,0
DA:1265,0
DA:1266,0
DA:1267,0
DA:1277,0
DA:1278,0
DA:1279,0
DA:1280,0
DA:1283,0
DA:1293,0
DA:1294,0
DA:1306,0
DA:1307,0
DA:1308,0
DA:1311,0
DA:1312,0
DA:1314,0
DA:1315,0
DA:1316,0
DA:1319,0
DA:1320,0
DA:1321,0
DA:1323,0
DA:1325,0
DA:1326,0
DA:1327,0
DA:1328,0
DA:1333,0
DA:1334,0
DA:1335,0
DA:1336,0
DA:1339,0
DA:1340,0
DA:1341,0
DA:1342,0
DA:1345,0
DA:1346,0
DA:1347,0
DA:1348,0
DA:1352,0
DA:1353,0
DA:1354,0
DA:1355,0
DA:1359,0
DA:1361,0
DA:1362,0
DA:1363,0
DA:1364,0
DA:1368,0
DA:1369,0
DA:1370,0
DA:1371,0
DA:1375,0
DA:1376,0
DA:1377,0
DA:1378,0
DA:1381,0
DA:1382,0
DA:1383,0
DA:1384,0
DA:1390,0
DA:1392,0
DA:1393,0
DA:1394,0
DA:1396,0
DA:1399,0
DA:1400,0
DA:1401,0
DA:1402,0
DA:1403,0
DA:1407,0
DA:1408,0
DA:1413,0
DA:1414,0
DA:1415,0
DA:1416,0
DA:1417,0
DA:1418,0
DA:1421,0
DA:1422,0
DA:1423,0
DA:1425,0
DA:1427,0
DA:1437,0
DA:1438,0
DA:1447,0
DA:1448,0
DA:1450,0
DA:1451,0
DA:1462,0
DA:1463,0
DA:1466,0
DA:1467,0
DA:1469,0
DA:1470,0
DA:1471,0
DA:1474,0
DA:1475,0
DA:1476,0
DA:1480,0
DA:1481,0
DA:1482,0
DA:1485,0
DA:1486,0
DA:1487,0
DA:1491,0
DA:1492,0
DA:1493,0
DA:1494,0
DA:1496,0
DA:1498,0
DA:1505,0
DA:1506,0
DA:1507,0
DA:1508,0
DA:1513,0
DA:1514,0
DA:1515,0
DA:1519,0
DA:1520,0
DA:1526,0
DA:1527,0
DA:1528,0
DA:1532,0
DA:1533,0
DA:1539,0
DA:1540,0
DA:1541,0
DA:1545,0
DA:1546,0
DA:1547,0
DA:1551,0
DA:1552,0
DA:1553,0
DA:1556,0
DA:1557,0
DA:1558,0
DA:1565,0
DA:1567,0
DA:1568,0
DA:1570,0
DA:1573,0
DA:1574,0
DA:1575,0
DA:1580,0
DA:1581,0
DA:1582,0
DA:1583,0
DA:1584,0
DA:1585,0
DA:1588,0
DA:1589,0
DA:1590,0
DA:1592,0
DA:1594,0
DA:1604,0
DA:1605,0
DA:1606,0
DA:1607,0
DA:1608,0
DA:1609,0
DA:1612,0
DA:1614,0
DA:1615,0
DA:1617,0
DA:1618,0
DA:1619,0
DA:1624,0
DA:1626,0
DA:1627,0
DA:1629,0
DA:1632,0
DA:1633,0
DA:1635,0
DA:1659,0
DA:1660,0
DA:1661,0
DA:1662,0
DA:1663,0
DA:1665,0
DA:1666,0
DA:1667,0
DA:1668,0
DA:1669,0
DA:1671,0
DA:1673,0
DA:1674,0
DA:1675,0
DA:1678,0
DA:1679,0
DA:1680,0
DA:1684,0
DA:1685,0
DA:1686,0
DA:1690,0
DA:1691,0
DA:1692,0
DA:1696,0
DA:1698,0
DA:1699,0
DA:1700,0
DA:1703,0
DA:1704,0
DA:1705,0
DA:1709,0
DA:1710,0
DA:1711,0
DA:1715,0
DA:1716,0
DA:1717,0
DA:1722,0
DA:1736,0
DA:1737,0
DA:1739,0
DA:1742,0
DA:1752,0
DA:1753,0
DA:1754,0
DA:1756,0
DA:1757,0
DA:1758,0
DA:1759,0
DA:1760,0
DA:1763,0
DA:1764,0
DA:1765,0
DA:1766,0
DA:1769,0
DA:1770,0
DA:1771,0
DA:1772,0
DA:1775,0
DA:1778,0
DA:1779,0
DA:1780,0
DA:1782,0
DA:1786,0
DA:1787,0
DA:1788,0
DA:1789,0
DA:1790,0
DA:1791,0
DA:1794,0
DA:1800,0
DA:1801,0
DA:1802,0
DA:1803,0
DA:1808,0
DA:1809,0
DA:1810,0
DA:1811,0
DA:1812,0
DA:1819,0
DA:1820,0
DA:1821,0
DA:1822,0
DA:1826,0
DA:1828,0
DA:1829,0
DA:1830,0
DA:1831,0
DA:1837,0
DA:1838,0
DA:1839,0
DA:1840,0
DA:1843,0
DA:1844,0
DA:1845,0
DA:1846,0
DA:1849,0
DA:1850,0
DA:1851,0
DA:1852,0
DA:1858,0
DA:1860,0
DA:1861,0
DA:1862,0
DA:1864,0
DA:1867,0
DA:1868,0
DA:1870,0
DA:1871,0
DA:1873,0
DA:1874,0
DA:1875,0
DA:1879,0
DA:1880,0
DA:1885,0
DA:1886,0
DA:1887,0
DA:1888,0
DA:1889,0
DA:1890,0
DA:1893,0
DA:1894,0
DA:1895,0
DA:1897,0
DA:1899,0
DA:1901,0
DA:1913,0
DA:1914,0
DA:1916,0
DA:1919,0
DA:1920,0
DA:1921,0
DA:1922,0
DA:1924,0
DA:1925,0
DA:1926,0
DA:1927,0
DA:1930,0
DA:1932,0
DA:1933,0
DA:1935,0
DA:1936,0
DA:1937,0
DA:1940,0
DA:1942,0
DA:1945,0
DA:1946,0
DA:1947,0
DA:1950,0
DA:1951,0
DA:1952,0
DA:1956,0
DA:1957,0
DA:1958,0
DA:1961,0
DA:1962,0
DA:1963,0
DA:1969,0
DA:1970,0
DA:1971,0
DA:1979,0
DA:1980,0
DA:1981,0
DA:1986,0
DA:1987,0
DA:1988,0
DA:2002,0
DA:2004,0
DA:2005,0
DA:2008,0
DA:2010,0
DA:2012,0
DA:2013,0
DA:2018,0
DA:2021,0
DA:2024,0
DA:2028,0
DA:2029,0
DA:2030,0
DA:2032,0
DA:2036,0
DA:2037,0
DA:2038,0
DA:2039,0
DA:2040,0
DA:2043,0
DA:2050,0
DA:2051,0
DA:2055,0
DA:2056,0
DA:2057,0
DA:2062,0
DA:2063,0
DA:2064,0
DA:2065,0
DA:2074,0
DA:2076,0
DA:2081,0
DA:2082,0
DA:2083,0
DA:2087,0
DA:2088,0
DA:2089,0
DA:2090,0
DA:2097,0
DA:2098,0
DA:2099,0
DA:2102,0
DA:2103,0
DA:2104,0
DA:2107,0
DA:2108,0
DA:2109,0
DA:2117,0
DA:2118,0
DA:2119,0
DA:2123,0
DA:2127,0
DA:2130,0
DA:2133,0
DA:2140,0
DA:2141,0
DA:2142,0
DA:2144,0
DA:2147,0
DA:2149,0
DA:2150,0
DA:2152,0
DA:2153,0
DA:2158,0
DA:2159,0
DA:2161,0
DA:2162,0
DA:2163,0
DA:2164,0
DA:2168,0
DA:2169,0
DA:2170,0
DA:2171,0
DA:2175,0
DA:2176,0
DA:2177,0
DA:2179,0
DA:2180,0
DA:2181,0
DA:2183,0
DA:2184,0
DA:2185,0
DA:2187,0
DA:2189,0
DA:2191,0
DA:2200,0
DA:2220,0
DA:2221,0
DA:2222,0
DA:2223,0
DA:2224,0
DA:2225,0
DA:2226,0
DA:2229,0
DA:2230,0
DA:2231,0
DA:2234,0
DA:2235,0
DA:2236,0
DA:2239,0
DA:2240,0
DA:2241,0
DA:2244,0
DA:2249,0
DA:2251,0
DA:2253,0
DA:2254,0
DA:2257,0
DA:2266,0
DA:2267,0
DA:2268,0
DA:2269,0
DA:2270,0
DA:2272,0
DA:2273,0
DA:2274,0
DA:2277,0
DA:2278,0
DA:2279,0
DA:2282,0
DA:2283,0
DA:2284,0
DA:2287,0
DA:2288,0
DA:2289,0
DA:2292,0
DA:2304,0
DA:2307,0
DA:2310,0
DA:2315,0
DA:2318,0
DA:2320,0
DA:2322,0
DA:2324,0
DA:2325,0
DA:2326,0
DA:2329,0
DA:2330,0
DA:2331,0
DA:2334,0
DA:2335,0
DA:2336,0
DA:2339,0
DA:2350,0
DA:2351,0
DA:2353,0
DA:2354,0
DA:2355,0
DA:2357,0
DA:2358,0
DA:2361,0
DA:2362,0
DA:2366,0
DA:2367,0
DA:2368,0
DA:2371,0
DA:2372,0
DA:2373,0
DA:2377,0
DA:2378,0
DA:2379,0
DA:2381,0
DA:2384,0
DA:2385,0
DA:2386,0
DA:2390,0
DA:2391,0
DA:2392,0
DA:2396,0
DA:2397,0
DA:2398,0
DA:2402,0
DA:2403,0
DA:2409,0
DA:2410,0
DA:2411,0
DA:2413,0
DA:2414,0
DA:2418,0
DA:2420,0
DA:2421,0
DA:2423,0
DA:2429,0
DA:2430,0
DA:2431,0
DA:2434,0
DA:2435,0
DA:2436,0
DA:2439,0
DA:2440,0
DA:2441,0
DA:2448,0
DA:2450,0
DA:2451,0
DA:2453,0
DA:2456,0
DA:2457,0
DA:2458,0
DA:2463,0
DA:2464,0
DA:2465,0
DA:2466,0
DA:2467,0
DA:2468,0
DA:2471,0
DA:2472,0
DA:2473,0
DA:2475,0
DA:2477,0
DA:2479,0
DA:2483,0
DA:2484,0
DA:2485,0
DA:2486,0
DA:2488,0
DA:2490,0
DA:2492,0
DA:2493,0
DA:2495,0
DA:2497,0
DA:2499,0
DA:2502,0
DA:2505,0
DA:2508,0
DA:2509,0
DA:2510,0
DA:2512,0
LF:824
LH:0
BRDA:28,1,0,0
BRDA:28,1,1,0
BRDA:500,2,0,0
BRDA:500,2,1,0
BRDA:516,3,0,0
BRDA:516,3,1,0
BRDA:519,4,0,0
BRDA:519,4,1,0
BRDA:529,5,0,0
BRDA:529,5,1,0
BRDA:533,6,0,0
BRDA:533,6,1,0
BRDA:543,7,0,0
BRDA:543,7,1,0
BRDA:556,8,0,0
BRDA:556,8,1,0
BRDA:605,9,0,0
BRDA:605,9,1,0
BRDA:608,10,0,0
BRDA:608,10,1,0
BRDA:618,11,0,0
BRDA:618,11,1,0
BRDA:631,12,0,0
BRDA:631,12,1,0
BRDA:650,13,0,0
BRDA:650,13,1,0
BRDA:671,14,0,0
BRDA:671,14,1,0
BRDA:696,15,0,0
BRDA:696,15,1,0
BRDA:703,16,0,0
BRDA:703,16,1,0
BRDA:709,17,0,0
BRDA:709,17,1,0
BRDA:715,18,0,0
BRDA:715,18,1,0
BRDA:732,19,0,0
BRDA:732,19,1,0
BRDA:738,20,0,0
BRDA:738,20,1,0
BRDA:750,21,0,0
BRDA:750,21,1,0
BRDA:754,22,0,0
BRDA:754,22,1,0
BRDA:771,23,0,0
BRDA:771,23,1,0
BRDA:775,24,0,0
BRDA:775,24,1,0
BRDA:781,25,0,0
BRDA:781,25,1,0
BRDA:797,26,0,0
BRDA:797,26,1,0
BRDA:802,27,0,0
BRDA:802,27,1,0
BRDA:807,28,0,0
BRDA:807,28,1,0
BRDA:819,29,0,0
BRDA:819,29,1,0
BRDA:837,30,0,0
BRDA:837,30,1,0
BRDA:854,31,0,0
BRDA:854,31,1,0
BRDA:859,32,0,0
BRDA:859,32,1,0
BRDA:876,33,0,0
BRDA:876,33,1,0
BRDA:898,34,0,0
BRDA:898,34,1,0
BRDA:922,35,0,0
BRDA:922,35,1,0
BRDA:951,36,0,0
BRDA:951,36,1,0
BRDA:972,37,0,0
BRDA:972,37,1,0
BRDA:974,38,0,0
BRDA:974,38,1,0
BRDA:998,39,0,0
BRDA:998,39,1,0
BRDA:1002,40,0,0
BRDA:1002,40,1,0
BRDA:1024,41,0,0
BRDA:1024,41,1,0
BRDA:1028,42,0,0
BRDA:1028,42,1,0
BRDA:1043,43,0,0
BRDA:1043,43,1,0
BRDA:1048,44,0,0
BRDA:1048,44,1,0
BRDA:1052,45,0,0
BRDA:1052,45,1,0
BRDA:1066,46,0,0
BRDA:1066,46,1,0
BRDA:1070,47,0,0
BRDA:1070,47,1,0
BRDA:1089,48,0,0
BRDA:1089,48,1,0
BRDA:1097,49,0,0
BRDA:1097,49,1,0
BRDA:1118,50,0,0
BRDA:1118,50,1,0
BRDA:1133,51,0,0
BRDA:1133,51,1,0
BRDA:1139,52,0,0
BRDA:1139,52,1,0
BRDA:1148,53,0,0
BRDA:1148,53,1,0
BRDA:1173,54,0,0
BRDA:1173,54,1,0
BRDA:1195,55,0,0
BRDA:1195,55,1,0
BRDA:1216,56,0,0
BRDA:1216,56,1,0
BRDA:1223,57,0,0
BRDA:1223,57,1,0
BRDA:1227,58,0,0
BRDA:1227,58,1,0
BRDA:1235,59,0,0
BRDA:1235,59,1,0
BRDA:1238,60,0,0
BRDA:1238,60,1,0
BRDA:1244,61,0,0
BRDA:1244,61,1,0
BRDA:1261,62,0,0
BRDA:1261,62,1,0
BRDA:1278,63,0,0
BRDA:1278,63,1,0
BRDA:1293,64,0,0
BRDA:1293,64,1,0
BRDA:1306,65,0,0
BRDA:1306,65,1,0
BRDA:1319,66,0,0
BRDA:1319,66,1,0
BRDA:1323,67,0,0
BRDA:1323,67,1,0
BRDA:1327,68,0,0
BRDA:1327,68,1,0
BRDA:1334,69,0,0
BRDA:1334,69,1,0
BRDA:1340,70,0,0
BRDA:1340,70,1,0
BRDA:1346,71,0,0
BRDA:1346,71,1,0
BRDA:1353,72,0,0
BRDA:1353,72,1,0
BRDA:1362,73,0,0
BRDA:1362,73,1,0
BRDA:1369,74,0,0
BRDA:1369,74,1,0
BRDA:1376,75,0,0
BRDA:1376,75,1,0
BRDA:1382,76,0,0
BRDA:1382,76,1,0
BRDA:1390,77,0,0
BRDA:1390,77,1,0
BRDA:1394,78,0,0
BRDA:1394,78,1,0
BRDA:1399,79,0,0
BRDA:1399,79,1,0
BRDA:1401,80,0,0
BRDA:1401,80,1,0
BRDA:1447,81,0,0
BRDA:1447,81,1,0
BRDA:1462,82,0,0
BRDA:1462,82,1,0
BRDA:1475,83,0,0
BRDA:1475,83,1,0
BRDA:1481,84,0,0
BRDA:1481,84,1,0
BRDA:1486,85,0,0
BRDA:1486,85,1,0
BRDA:1491,86,0,0
BRDA:1491,86,1,0
BRDA:1493,87,0,0
BRDA:1493,87,1,0
BRDA:1507,88,0,0
BRDA:1507,88,1,0
BRDA:1514,89,0,0
BRDA:1514,89,1,0
BRDA:1519,90,0,0
BRDA:1519,90,1,0
BRDA:1527,91,0,0
BRDA:1527,91,1,0
BRDA:1532,92,0,0
BRDA:1532,92,1,0
BRDA:1540,93,0,0
BRDA:1540,93,1,0
BRDA:1546,94,0,0
BRDA:1546,94,1,0
BRDA:1552,95,0,0
BRDA:1552,95,1,0
BRDA:1557,96,0,0
BRDA:1557,96,1,0
BRDA:1565,97,0,0
BRDA:1565,97,1,0
BRDA:1568,98,0,0
BRDA:1568,98,1,0
BRDA:1574,99,0,0
BRDA:1574,99,1,0
BRDA:1608,100,0,0
BRDA:1608,100,1,0
BRDA:1618,101,0,0
BRDA:1618,101,1,0
BRDA:1624,102,0,0
BRDA:1624,102,1,0
BRDA:1671,103,0,0
BRDA:1671,103,1,0
BRDA:1674,104,0,0
BRDA:1674,104,1,0
BRDA:1679,105,0,0
BRDA:1679,105,1,0
BRDA:1685,106,0,0
BRDA:1685,106,1,0
BRDA:1691,107,0,0
BRDA:1691,107,1,0
BRDA:1696,108,0,0
BRDA:1696,108,1,0
BRDA:1699,109,0,0
BRDA:1699,109,1,0
BRDA:1704,110,0,0
BRDA:1704,110,1,0
BRDA:1710,111,0,0
BRDA:1710,111,1,0
BRDA:1716,112,0,0
BRDA:1716,112,1,0
BRDA:1737,113,0,0
BRDA:1737,113,1,0
BRDA:1752,114,0,0
BRDA:1752,114,1,0
BRDA:1764,115,0,0
BRDA:1764,115,1,0
BRDA:1770,116,0,0
BRDA:1770,116,1,0
BRDA:1778,117,0,0
BRDA:1778,117,1,0
BRDA:1779,118,0,0
BRDA:1779,118,1,0
BRDA:1786,119,0,0
BRDA:1786,119,1,0
BRDA:1789,120,0,0
BRDA:1789,120,1,0
BRDA:1801,121,0,0
BRDA:1801,121,1,0
BRDA:1808,122,0,0
BRDA:1808,122,1,0
BRDA:1811,123,0,0
BRDA:1811,123,1,0
BRDA:1820,124,0,0
BRDA:1820,124,1,0
BRDA:1829,125,0,0
BRDA:1829,125,1,0
BRDA:1838,126,0,0
BRDA:1838,126,1,0
BRDA:1844,127,0,0
BRDA:1844,127,1,0
BRDA:1850,128,0,0
BRDA:1850,128,1,0
BRDA:1858,129,0,0
BRDA:1858,129,1,0
BRDA:1862,130,0,0
BRDA:1862,130,1,0
BRDA:1867,131,0,0
BRDA:1867,131,1,0
BRDA:1870,132,0,0
BRDA:1870,132,1,0
BRDA:1873,133,0,0
BRDA:1873,133,1,0
BRDA:1913,134,0,0
BRDA:1913,134,1,0
BRDA:1936,135,0,0
BRDA:1936,135,1,0
BRDA:1946,136,0,0
BRDA:1946,136,1,0
BRDA:1951,137,0,0
BRDA:1951,137,1,0
BRDA:1957,138,0,0
BRDA:1957,138,1,0
BRDA:1962,139,0,0
BRDA:1962,139,1,0
BRDA:1970,140,0,0
BRDA:1970,140,1,0
BRDA:1980,141,0,0
BRDA:1980,141,1,0
BRDA:1987,142,0,0
BRDA:1987,142,1,0
BRDA:2004,143,0,0
BRDA:2004,143,1,0
BRDA:2008,144,0,0
BRDA:2008,144,1,0
BRDA:2012,145,0,0
BRDA:2012,145,1,0
BRDA:2028,146,0,0
BRDA:2028,146,1,0
BRDA:2029,147,0,0
BRDA:2029,147,1,0
BRDA:2036,148,0,0
BRDA:2036,148,1,0
BRDA:2039,149,0,0
BRDA:2039,149,1,0
BRDA:2050,150,0,0
BRDA:2050,150,1,0
BRDA:2056,151,0,0
BRDA:2056,151,1,0
BRDA:2062,152,0,0
BRDA:2062,152,1,0
BRDA:2064,153,0,0
BRDA:2064,153,1,0
BRDA:2082,154,0,0
BRDA:2082,154,1,0
BRDA:2089,155,0,0
BRDA:2089,155,1,0
BRDA:2098,156,0,0
BRDA:2098,156,1,0
BRDA:2103,157,0,0
BRDA:2103,157,1,0
BRDA:2108,158,0,0
BRDA:2108,158,1,0
BRDA:2118,159,0,0
BRDA:2118,159,1,0
BRDA:2140,160,0,0
BRDA:2140,160,1,0
BRDA:2142,161,0,0
BRDA:2142,161,1,0
BRDA:2149,162,0,0
BRDA:2149,162,1,0
BRDA:2152,163,0,0
BRDA:2152,163,1,0
BRDA:2230,164,0,0
BRDA:2230,164,1,0
BRDA:2235,165,0,0
BRDA:2235,165,1,0
BRDA:2240,166,0,0
BRDA:2240,166,1,0
BRDA:2253,167,0,0
BRDA:2253,167,1,0
BRDA:2273,168,0,0
BRDA:2273,168,1,0
BRDA:2278,169,0,0
BRDA:2278,169,1,0
BRDA:2283,170,0,0
BRDA:2283,170,1,0
BRDA:2288,171,0,0
BRDA:2288,171,1,0
BRDA:2325,172,0,0
BRDA:2325,172,1,0
BRDA:2330,173,0,0
BRDA:2330,173,1,0
BRDA:2335,174,0,0
BRDA:2335,174,1,0
BRDA:2350,175,0,0
BRDA:2350,175,1,0
BRDA:2361,176,0,0
BRDA:2361,176,1,0
BRDA:2367,177,0,0
BRDA:2367,177,1,0
BRDA:2372,178,0,0
BRDA:2372,178,1,0
BRDA:2378,179,0,0
BRDA:2378,179,1,0
BRDA:2385,180,0,0
BRDA:2385,180,1,0
BRDA:2391,181,0,0
BRDA:2391,181,1,0
BRDA:2397,182,0,0
BRDA:2397,182,1,0
BRDA:2402,183,0,0
BRDA:2402,183,1,0
BRDA:2410,184,0,0
BRDA:2410,184,1,0
BRDA:2413,185,0,0
BRDA:2413,185,1,0
BRDA:2421,186,0,0
BRDA:2421,186,1,0
BRDA:2430,187,0,0
BRDA:2430,187,1,0
BRDA:2435,188,0,0
BRDA:2435,188,1,0
BRDA:2440,189,0,0
BRDA:2440,189,1,0
BRDA:2448,190,0,0
BRDA:2448,190,1,0
BRDA:2451,191,0,0
BRDA:2451,191,1,0
BRDA:2457,192,0,0
BRDA:2457,192,1,0
BRDA:2484,193,0,0
BRDA:2484,193,1,0
BRDA:2485,194,0,0
BRDA:2485,194,1,0
BRF:388
BRH:0
end_of_record
TN:
SF:/Users/raghu/Alkemi/alkemi-earn-protocol/contracts/MoneyMarketV12.sol
FN:27,initializer
FN:47,
FN:498,onlyAdminOrManager
FN:507,emitError
FN:514,isKYCAdmin
FN:527,isKYCVerifiedCustomer
FN:541,addKYCAdmin
FN:554,removeKYCAdmin
FN:567,addCustomerKYC
FN:576,removeCustomerKYC
FN:585,verifyKYC
FN:592,checkKYCAdmin
FN:603,isLiquidator
FN:616,addLiquidator
FN:629,removeLiquidator
FN:642,verifyLiquidator
FN:649,min
FN:661,getBlockNumber
FN:669,addCollateralMarket
FN:684,getCollateralMarketsLength
FN:692,calculateInterestIndex
FN:731,calculateBalance
FN:748,getPriceForAssetAmount
FN:766,getPriceForAssetAmountMulCollatRatio
FN:795,calculateBorrowAmountWithFee
FN:818,fetchAssetPrice
FN:835,assetPrices
FN:848,getAssetAmountForValue
FN:874,_setPendingAdmin
FN:895,_acceptAdmin
FN:920,_setOracle
FN:949,_setPaused
FN:970,getAccountLiquidity
FN:988,getSupplyBalance
FN:1014,getBorrowBalance
FN:1041,_supportMarket
FN:1087,_suspendMarket
FN:1116,_setRiskParameters
FN:1171,_setOriginationFee
FN:1193,_setMarketInterestRateModel
FN:1214,_withdrawEquity
FN:1259,setWethAddress
FN:1276,supplyEther
FN:1292,revertEtherToUser
FN:1305,supply
FN:1436,withdrawEther
FN:1445,sendEtherToUser
FN:1461,withdraw
FN:1603,calculateAccountLiquidity
FN:1650,calculateAccountValuesInternal
FN:1735,calculateAccountValues
FN:1751,repayBorrow
FN:1912,liquidateBorrow
FN:2197,emitLiquidationEvent
FN:2219,calculateDiscountedRepayToEvenAmount
FN:2263,calculateDiscountedBorrowDenominatedCollateral
FN:2299,calculateAmountSeize
FN:2349,borrow
FN:2482,supplyOriginationFeeAsAdmin
FNF:59
FNH:0
FNDA:0,initializer
FNDA:0,
FNDA:0,onlyAdminOrManager
FNDA:0,emitError
FNDA:0,isKYCAdmin
FNDA:0,isKYCVerifiedCustomer
FNDA:0,addKYCAdmin
FNDA:0,removeKYCAdmin
FNDA:0,addCustomerKYC
FNDA:0,removeCustomerKYC
FNDA:0,verifyKYC
FNDA:0,checkKYCAdmin
FNDA:0,isLiquidator
FNDA:0,addLiquidator
FNDA:0,removeLiquidator
FNDA:0,verifyLiquidator
FNDA:0,min
FNDA:0,getBlockNumber
FNDA:0,addCollateralMarket
FNDA:0,getCollateralMarketsLength
FNDA:0,calculateInterestIndex
FNDA:0,calculateBalance
FNDA:0,getPriceForAssetAmount
FNDA:0,getPriceForAssetAmountMulCollatRatio
FNDA:0,calculateBorrowAmountWithFee
FNDA:0,fetchAssetPrice
FNDA:0,assetPrices
FNDA:0,getAssetAmountForValue
FNDA:0,_setPendingAdmin
FNDA:0,_acceptAdmin
FNDA:0,_setOracle
FNDA:0,_setPaused
FNDA:0,getAccountLiquidity
FNDA:0,getSupplyBalance
FNDA:0,getBorrowBalance
FNDA:0,_supportMarket
FNDA:0,_suspendMarket
FNDA:0,_setRiskParameters
FNDA:0,_setOriginationFee
FNDA:0,_setMarketInterestRateModel
FNDA:0,_withdrawEquity
FNDA:0,setWethAddress
FNDA:0,supplyEther
FNDA:0,revertEtherToUser
FNDA:0,supply
FNDA:0,withdrawEther
FNDA:0,sendEtherToUser
FNDA:0,withdraw
FNDA:0,calculateAccountLiquidity
FNDA:0,calculateAccountValuesInternal
FNDA:0,calculateAccountValues
FNDA:0,repayBorrow
FNDA:0,liquidateBorrow
FNDA:0,emitLiquidationEvent
FNDA:0,calculateDiscountedRepayToEvenAmount
FNDA:0,calculateDiscountedBorrowDenominatedCollateral
FNDA:0,calculateAmountSeize
FNDA:0,borrow
FNDA:0,supplyOriginationFeeAsAdmin
DA:28,0
DA:29,0
DA:30,0
DA:31,0
DA:32,0
DA:33,0
DA:34,0
DA:35,0
DA:36,0
DA:37,0
DA:38,0
DA:39,0
DA:48,0
DA:500,0
DA:501,0
DA:508,0
DA:516,0
DA:517,0
DA:519,0
DA:520,0
DA:529,0
DA:530,0
DA:531,0
DA:533,0
DA:534,0
DA:543,0
DA:544,0
DA:546,0
DA:547,0
DA:548,0
DA:556,0
DA:557,0
DA:559,0
DA:560,0
DA:561,0
DA:568,0
DA:569,0
DA:570,0
DA:577,0
DA:578,0
DA:579,0
DA:586,0
DA:593,0
DA:605,0
DA:606,0
DA:608,0
DA:609,0
DA:618,0
DA:619,0
DA:621,0
DA:622,0
DA:623,0
DA:631,0
DA:632,0
DA:634,0
DA:635,0
DA:636,0
DA:643,0
DA:650,0
DA:651,0
DA:653,0
DA:662,0
DA:670,0
DA:671,0
DA:672,0
DA:676,0
DA:685,0
DA:695,0
DA:696,0
DA:697,0
DA:702,0
DA:703,0
DA:704,0
DA:708,0
DA:709,0
DA:710,0
DA:714,0
DA:715,0
DA:716,0
DA:721,0
DA:732,0
DA:735,0
DA:737,0
DA:738,0
DA:739,0
DA:742,0
DA:749,0
DA:750,0
DA:751,0
DA:754,0
DA:755,0
DA:758,0
DA:767,0
DA:768,0
DA:769,0
DA:770,0
DA:771,0
DA:772,0
DA:775,0
DA:776,0
DA:780,0
DA:781,0
DA:782,0
DA:786,0
DA:797,0
DA:798,0
DA:801,0
DA:802,0
DA:803,0
DA:806,0
DA:807,0
DA:808,0
DA:811,0
DA:819,0
DA:820,0
DA:823,0
DA:825,0
DA:836,0
DA:837,0
DA:838,0
DA:840,0
DA:849,0
DA:850,0
DA:851,0
DA:853,0
DA:854,0
DA:855,0
DA:858,0
DA:859,0
DA:860,0
DA:863,0
DA:876,0
DA:877,0
DA:881,0
DA:883,0
DA:885,0
DA:887,0
DA:898,0
DA:899,0
DA:903,0
DA:905,0
DA:907,0
DA:909,0
DA:911,0
DA:922,0
DA:923,0
DA:931,0
DA:934,0
DA:936,0
DA:938,0
DA:940,0
DA:951,0
DA:952,0
DA:955,0
DA:956,0
DA:958,0
DA:971,0
DA:972,0
DA:974,0
DA:975,0
DA:977,0
DA:989,0
DA:990,0
DA:991,0
DA:993,0
DA:994,0
DA:997,0
DA:998,0
DA:1001,0
DA:1002,0
DA:1004,0
DA:1015,0
DA:1016,0
DA:1017,0
DA:1019,0
DA:1020,0
DA:1023,0
DA:1024,0
DA:1027,0
DA:1028,0
DA:1030,0
DA:1043,0
DA:1044,0
DA:1047,0
DA:1048,0
DA:1049,0
DA:1052,0
DA:1053,0
DA:1057,0
DA:1060,0
DA:1063,0
DA:1066,0
DA:1067,0
DA:1070,0
DA:1071,0
DA:1074,0
DA:1076,0
DA:1089,0
DA:1090,0
DA:1097,0
DA:1098,0
DA:1102,0
DA:1104,0
DA:1106,0
DA:1118,0
DA:1119,0
DA:1122,0
DA:1123,0
DA:1124,0
DA:1125,0
DA:1126,0
DA:1127,0
DA:1129,0
DA:1130,0
DA:1133,0
DA:1134,0
DA:1139,0
DA:1140,0
DA:1145,0
DA:1146,0
DA:1148,0
DA:1149,0
DA:1153,0
DA:1154,0
DA:1157,0
DA:1158,0
DA:1160,0
DA:1162,0
DA:1173,0
DA:1174,0
DA:1178,0
DA:1180,0
DA:1182,0
DA:1184,0
DA:1195,0
DA:1196,0
DA:1200,0
DA:1202,0
DA:1204,0
DA:1216,0
DA:1217,0
DA:1221,0
DA:1222,0
DA:1223,0
DA:1224,0
DA:1227,0
DA:1228,0
DA:1235,0
DA:1237,0
DA:1238,0
DA:1240,0
DA:1243,0
DA:1244,0
DA:1245,0
DA:1250,0
DA:1252,0
DA:1261,0
DA:1262,0
DA:1264,0
DA:1265,0
DA:1266,0
DA:1267,0
DA:1277,0
DA:1278,0
DA:1279,0
DA:1280,0
DA:1283,0
DA:1293,0
DA:1294,0
DA:1306,0
DA:1307,0
DA:1308,0
DA:1311,0
DA:1312,0
DA:1314,0
DA:1315,0
DA:1316,0
DA:1319,0
DA:1320,0
DA:1321,0
DA:1323,0
DA:1325,0
DA:1326,0
DA:1327,0
DA:1328,0
DA:1333,0
DA:1334,0
DA:1335,0
DA:1336,0
DA:1339,0
DA:1340,0
DA:1341,0
DA:1342,0
DA:1345,0
DA:1346,0
DA:1347,0
DA:1348,0
DA:1352,0
DA:1353,0
DA:1354,0
DA:1355,0
DA:1359,0
DA:1361,0
DA:1362,0
DA:1363,0
DA:1364,0
DA:1368,0
DA:1369,0
DA:1370,0
DA:1371,0
DA:1375,0
DA:1376,0
DA:1377,0
DA:1378,0
DA:1381,0
DA:1382,0
DA:1383,0
DA:1384,0
DA:1390,0
DA:1392,0
DA:1393,0
DA:1394,0
DA:1396,0
DA:1399,0
DA:1400,0
DA:1401,0
DA:1402,0
DA:1403,0
DA:1407,0
DA:1408,0
DA:1413,0
DA:1414,0
DA:1415,0
DA:1416,0
DA:1417,0
DA:1418,0
DA:1421,0
DA:1422,0
DA:1423,0
DA:1425,0
DA:1427,0
DA:1437,0
DA:1438,0
DA:1447,0
DA:1448,0
DA:1450,0
DA:1451,0
DA:1462,0
DA:1463,0
DA:1466,0
DA:1467,0
DA:1469,0
DA:1470,0
DA:1471,0
DA:1474,0
DA:1475,0
DA:1476,0
DA:1480,0
DA:1481,0
DA:1482,0
DA:1485,0
DA:1486,0
DA:1487,0
DA:1491,0
DA:1492,0
DA:1493,0
DA:1494,0
DA:1496,0
DA:1498,0
DA:1505,0
DA:1506,0
DA:1507,0
DA:1508,0
DA:1513,0
DA:1514,0
DA:1515,0
DA:1519,0
DA:1520,0
DA:1526,0
DA:1527,0
DA:1528,0
DA:1532,0
DA:1533,0
DA:1539,0
DA:1540,0
DA:1541,0
DA:1545,0
DA:1546,0
DA:1547,0
DA:1551,0
DA:1552,0
DA:1553,0
DA:1556,0
DA:1557,0
DA:1558,0
DA:1565,0
DA:1567,0
DA:1568,0
DA:1570,0
DA:1573,0
DA:1574,0
DA:1575,0
DA:1580,0
DA:1581,0
DA:1582,0
DA:1583,0
DA:1584,0
DA:1585,0
DA:1588,0
DA:1589,0
DA:1590,0
DA:1592,0
DA:1594,0
DA:1604,0
DA:1605,0
DA:1606,0
DA:1607,0
DA:1608,0
DA:1609,0
DA:1612,0
DA:1614,0
DA:1615,0
DA:1617,0
DA:1618,0
DA:1619,0
DA:1624,0
DA:1626,0
DA:1627,0
DA:1629,0
DA:1632,0
DA:1633,0
DA:1635,0
DA:1659,0
DA:1660,0
DA:1661,0
DA:1662,0
DA:1663,0
DA:1665,0
DA:1666,0
DA:1667,0
DA:1668,0
DA:1669,0
DA:1671,0
DA:1673,0
DA:1674,0
DA:1675,0
DA:1678,0
DA:1679,0
DA:1680,0
DA:1684,0
DA:1685,0
DA:1686,0
DA:1690,0
DA:1691,0
DA:1692,0
DA:1696,0
DA:1698,0
DA:1699,0
DA:1700,0
DA:1703,0
DA:1704,0
DA:1705,0
DA:1709,0
DA:1710,0
DA:1711,0
DA:1715,0
DA:1716,0
DA:1717,0
DA:1722,0
DA:1736,0
DA:1737,0
DA:1739,0
DA:1742,0
DA:1752,0
DA:1753,0
DA:1754,0
DA:1756,0
DA:1757,0
DA:1758,0
DA:1759,0
DA:1760,0
DA:1763,0
DA:1764,0
DA:1765,0
DA:1766,0
DA:1769,0
DA:1770,0
DA:1771,0
DA:1772,0
DA:1775,0
DA:1778,0
DA:1779,0
DA:1780,0
DA:1782,0
DA:1786,0
DA:1787,0
DA:1788,0
DA:1789,0
DA:1790,0
DA:1791,0
DA:1794,0
DA:1800,0
DA:1801,0
DA:1802,0
DA:1803,0
DA:1808,0
DA:1809,0
DA:1810,0
DA:1811,0
DA:1812,0
DA:1819,0
DA:1820,0
DA:1821,0
DA:1822,0
DA:1826,0
DA:1828,0
DA:1829,0
DA:1830,0
DA:1831,0
DA:1837,0
DA:1838,0
DA:1839,0
DA:1840,0
DA:1843,0
DA:1844,0
DA:1845,0
DA:1846,0
DA:1849,0
DA:1850,0
DA:1851,0
DA:1852,0
DA:1858,0
DA:1860,0
DA:1861,0
DA:1862,0
DA:1864,0
DA:1867,0
DA:1868,0
DA:1870,0
DA:1871,0
DA:1873,0
DA:1874,0
DA:1875,0
DA:1879,0
DA:1880,0
DA:1885,0
DA:1886,0
DA:1887,0
DA:1888,0
DA:1889,0
DA:1890,0
DA:1893,0
DA:1894,0
DA:1895,0
DA:1897,0
DA:1899,0
DA:1901,0
DA:1913,0
DA:1914,0
DA:1916,0
DA:1919,0
DA:1920,0
DA:1921,0
DA:1922,0
DA:1924,0
DA:1925,0
DA:1926,0
DA:1927,0
DA:1930,0
DA:1932,0
DA:1933,0
DA:1935,0
DA:1936,0
DA:1937,0
DA:1940,0
DA:1942,0
DA:1945,0
DA:1946,0
DA:1947,0
DA:1950,0
DA:1951,0
DA:1952,0
DA:1956,0
DA:1957,0
DA:1958,0
DA:1961,0
DA:1962,0
DA:1963,0
DA:1969,0
DA:1970,0
DA:1971,0
DA:1979,0
DA:1980,0
DA:1981,0
DA:1986,0
DA:1987,0
DA:1988,0
DA:2002,0
DA:2004,0
DA:2005,0
DA:2008,0
DA:2010,0
DA:2012,0
DA:2013,0
DA:2018,0
DA:2021,0
DA:2024,0
DA:2028,0
DA:2029,0
DA:2030,0
DA:2032,0
DA:2036,0
DA:2037,0
DA:2038,0
DA:2039,0
DA:2040,0
DA:2043,0
DA:2050,0
DA:2051,0
DA:2055,0
DA:2056,0
DA:2057,0
DA:2062,0
DA:2063,0
DA:2064,0
DA:2065,0
DA:2074,0
DA:2076,0
DA:2081,0
DA:2082,0
DA:2083,0
DA:2087,0
DA:2088,0
DA:2089,0
DA:2090,0
DA:2097,0
DA:2098,0
DA:2099,0
DA:2102,0
DA:2103,0
DA:2104,0
DA:2107,0
DA:2108,0
DA:2109,0
DA:2117,0
DA:2118,0
DA:2119,0
DA:2123,0
DA:2127,0
DA:2130,0
DA:2133,0
DA:2140,0
DA:2141,0
DA:2142,0
DA:2144,0
DA:2147,0
DA:2149,0
DA:2150,0
DA:2152,0
DA:2153,0
DA:2158,0
DA:2159,0
DA:2161,0
DA:2162,0
DA:2163,0
DA:2164,0
DA:2168,0
DA:2169,0
DA:2170,0
DA:2171,0
DA:2175,0
DA:2176,0
DA:2177,0
DA:2179,0
DA:2180,0
DA:2181,0
DA:2183,0
DA:2184,0
DA:2185,0
DA:2187,0
DA:2189,0
DA:2191,0
DA:2200,0
DA:2220,0
DA:2221,0
DA:2222,0
DA:2223,0
DA:2224,0
DA:2225,0
DA:2226,0
DA:2229,0
DA:2230,0
DA:2231,0
DA:2234,0
DA:2235,0
DA:2236,0
DA:2239,0
DA:2240,0
DA:2241,0
DA:2244,0
DA:2249,0
DA:2251,0
DA:2253,0
DA:2254,0
DA:2257,0
DA:2266,0
DA:2267,0
DA:2268,0
DA:2269,0
DA:2270,0
DA:2272,0
DA:2273,0
DA:2274,0
DA:2277,0
DA:2278,0
DA:2279,0
DA:2282,0
DA:2283,0
DA:2284,0
DA:2287,0
DA:2288,0
DA:2289,0
DA:2292,0
DA:2304,0
DA:2307,0
DA:2310,0
DA:2315,0
DA:2318,0
DA:2320,0
DA:2322,0
DA:2324,0
DA:2325,0
DA:2326,0
DA:2329,0
DA:2330,0
DA:2331,0
DA:2334,0
DA:2335,0
DA:2336,0
DA:2339,0
DA:2350,0
DA:2351,0
DA:2353,0
DA:2354,0
DA:2355,0
DA:2357,0
DA:2358,0
DA:2361,0
DA:2362,0
DA:2366,0
DA:2367,0
DA:2368,0
DA:2371,0
DA:2372,0
DA:2373,0
DA:2377,0
DA:2378,0
DA:2379,0
DA:2381,0
DA:2384,0
DA:2385,0
DA:2386,0
DA:2390,0
DA:2391,0
DA:2392,0
DA:2396,0
DA:2397,0
DA:2398,0
DA:2402,0
DA:2403,0
DA:2409,0
DA:2410,0
DA:2411,0
DA:2413,0
DA:2414,0
DA:2418,0
DA:2420,0
DA:2421,0
DA:2423,0
DA:2429,0
DA:2430,0
DA:2431,0
DA:2434,0
DA:2435,0
DA:2436,0
DA:2439,0
DA:2440,0
DA:2441,0
DA:2448,0
DA:2450,0
DA:2451,0
DA:2453,0
DA:2456,0
DA:2457,0
DA:2458,0
DA:2463,0
DA:2464,0
DA:2465,0
DA:2466,0
DA:2467,0
DA:2468,0
DA:2471,0
DA:2472,0
DA:2473,0
DA:2475,0
DA:2477,0
DA:2479,0
DA:2483,0
DA:2484,0
DA:2485,0
DA:2486,0
DA:2488,0
DA:2490,0
DA:2492,0
DA:2493,0
DA:2495,0
DA:2497,0
DA:2499,0
DA:2502,0
DA:2505,0
DA:2508,0
DA:2509,0
DA:2510,0
DA:2512,0
LF:824
LH:0
BRDA:28,1,0,0
BRDA:28,1,1,0
BRDA:500,2,0,0
BRDA:500,2,1,0
BRDA:516,3,0,0
BRDA:516,3,1,0
BRDA:519,4,0,0
BRDA:519,4,1,0
BRDA:529,5,0,0
BRDA:529,5,1,0
BRDA:533,6,0,0
BRDA:533,6,1,0
BRDA:543,7,0,0
BRDA:543,7,1,0
BRDA:556,8,0,0
BRDA:556,8,1,0
BRDA:605,9,0,0
BRDA:605,9,1,0
BRDA:608,10,0,0
BRDA:608,10,1,0
BRDA:618,11,0,0
BRDA:618,11,1,0
BRDA:631,12,0,0
BRDA:631,12,1,0
BRDA:650,13,0,0
BRDA:650,13,1,0
BRDA:671,14,0,0
BRDA:671,14,1,0
BRDA:696,15,0,0
BRDA:696,15,1,0
BRDA:703,16,0,0
BRDA:703,16,1,0
BRDA:709,17,0,0
BRDA:709,17,1,0
BRDA:715,18,0,0
BRDA:715,18,1,0
BRDA:732,19,0,0
BRDA:732,19,1,0
BRDA:738,20,0,0
BRDA:738,20,1,0
BRDA:750,21,0,0
BRDA:750,21,1,0
BRDA:754,22,0,0
BRDA:754,22,1,0
BRDA:771,23,0,0
BRDA:771,23,1,0
BRDA:775,24,0,0
BRDA:775,24,1,0
BRDA:781,25,0,0
BRDA:781,25,1,0
BRDA:797,26,0,0
BRDA:797,26,1,0
BRDA:802,27,0,0
BRDA:802,27,1,0
BRDA:807,28,0,0
BRDA:807,28,1,0
BRDA:819,29,0,0
BRDA:819,29,1,0
BRDA:837,30,0,0
BRDA:837,30,1,0
BRDA:854,31,0,0
BRDA:854,31,1,0
BRDA:859,32,0,0
BRDA:859,32,1,0
BRDA:876,33,0,0
BRDA:876,33,1,0
BRDA:898,34,0,0
BRDA:898,34,1,0
BRDA:922,35,0,0
BRDA:922,35,1,0
BRDA:951,36,0,0
BRDA:951,36,1,0
BRDA:972,37,0,0
BRDA:972,37,1,0
BRDA:974,38,0,0
BRDA:974,38,1,0
BRDA:998,39,0,0
BRDA:998,39,1,0
BRDA:1002,40,0,0
BRDA:1002,40,1,0
BRDA:1024,41,0,0
BRDA:1024,41,1,0
BRDA:1028,42,0,0
BRDA:1028,42,1,0
BRDA:1043,43,0,0
BRDA:1043,43,1,0
BRDA:1048,44,0,0
BRDA:1048,44,1,0
BRDA:1052,45,0,0
BRDA:1052,45,1,0
BRDA:1066,46,0,0
BRDA:1066,46,1,0
BRDA:1070,47,0,0
BRDA:1070,47,1,0
BRDA:1089,48,0,0
BRDA:1089,48,1,0
BRDA:1097,49,0,0
BRDA:1097,49,1,0
BRDA:1118,50,0,0
BRDA:1118,50,1,0
BRDA:1133,51,0,0
BRDA:1133,51,1,0
BRDA:1139,52,0,0
BRDA:1139,52,1,0
BRDA:1148,53,0,0
BRDA:1148,53,1,0
BRDA:1173,54,0,0
BRDA:1173,54,1,0
BRDA:1195,55,0,0
BRDA:1195,55,1,0
BRDA:1216,56,0,0
BRDA:1216,56,1,0
BRDA:1223,57,0,0
BRDA:1223,57,1,0
BRDA:1227,58,0,0
BRDA:1227,58,1,0
BRDA:1235,59,0,0
BRDA:1235,59,1,0
BRDA:1238,60,0,0
BRDA:1238,60,1,0
BRDA:1244,61,0,0
BRDA:1244,61,1,0
BRDA:1261,62,0,0
BRDA:1261,62,1,0
BRDA:1278,63,0,0
BRDA:1278,63,1,0
BRDA:1293,64,0,0
BRDA:1293,64,1,0
BRDA:1306,65,0,0
BRDA:1306,65,1,0
BRDA:1319,66,0,0
BRDA:1319,66,1,0
BRDA:1323,67,0,0
BRDA:1323,67,1,0
BRDA:1327,68,0,0
BRDA:1327,68,1,0
BRDA:1334,69,0,0
BRDA:1334,69,1,0
BRDA:1340,70,0,0
BRDA:1340,70,1,0
BRDA:1346,71,0,0
BRDA:1346,71,1,0
BRDA:1353,72,0,0
BRDA:1353,72,1,0
BRDA:1362,73,0,0
BRDA:1362,73,1,0
BRDA:1369,74,0,0
BRDA:1369,74,1,0
BRDA:1376,75,0,0
BRDA:1376,75,1,0
BRDA:1382,76,0,0
BRDA:1382,76,1,0
BRDA:1390,77,0,0
BRDA:1390,77,1,0
BRDA:1394,78,0,0
BRDA:1394,78,1,0
BRDA:1399,79,0,0
BRDA:1399,79,1,0
BRDA:1401,80,0,0
BRDA:1401,80,1,0
BRDA:1447,81,0,0
BRDA:1447,81,1,0
BRDA:1462,82,0,0
BRDA:1462,82,1,0
BRDA:1475,83,0,0
BRDA:1475,83,1,0
BRDA:1481,84,0,0
BRDA:1481,84,1,0
BRDA:1486,85,0,0
BRDA:1486,85,1,0
BRDA:1491,86,0,0
BRDA:1491,86,1,0
BRDA:1493,87,0,0
BRDA:1493,87,1,0
BRDA:1507,88,0,0
BRDA:1507,88,1,0
BRDA:1514,89,0,0
BRDA:1514,89,1,0
BRDA:1519,90,0,0
BRDA:1519,90,1,0
BRDA:1527,91,0,0
BRDA:1527,91,1,0
BRDA:1532,92,0,0
BRDA:1532,92,1,0
BRDA:1540,93,0,0
BRDA:1540,93,1,0
BRDA:1546,94,0,0
BRDA:1546,94,1,0
BRDA:1552,95,0,0
BRDA:1552,95,1,0
BRDA:1557,96,0,0
BRDA:1557,96,1,0
BRDA:1565,97,0,0
BRDA:1565,97,1,0
BRDA:1568,98,0,0
BRDA:1568,98,1,0
BRDA:1574,99,0,0
BRDA:1574,99,1,0
BRDA:1608,100,0,0
BRDA:1608,100,1,0
BRDA:1618,101,0,0
BRDA:1618,101,1,0
BRDA:1624,102,0,0
BRDA:1624,102,1,0
BRDA:1671,103,0,0
BRDA:1671,103,1,0
BRDA:1674,104,0,0
BRDA:1674,104,1,0
BRDA:1679,105,0,0
BRDA:1679,105,1,0
BRDA:1685,106,0,0
BRDA:1685,106,1,0
BRDA:1691,107,0,0
BRDA:1691,107,1,0
BRDA:1696,108,0,0
BRDA:1696,108,1,0
BRDA:1699,109,0,0
BRDA:1699,109,1,0
BRDA:1704,110,0,0
BRDA:1704,110,1,0
BRDA:1710,111,0,0
BRDA:1710,111,1,0
BRDA:1716,112,0,0
BRDA:1716,112,1,0
BRDA:1737,113,0,0
BRDA:1737,113,1,0
BRDA:1752,114,0,0
BRDA:1752,114,1,0
BRDA:1764,115,0,0
BRDA:1764,115,1,0
BRDA:1770,116,0,0
BRDA:1770,116,1,0
BRDA:1778,117,0,0
BRDA:1778,117,1,0
BRDA:1779,118,0,0
BRDA:1779,118,1,0
BRDA:1786,119,0,0
BRDA:1786,119,1,0
BRDA:1789,120,0,0
BRDA:1789,120,1,0
BRDA:1801,121,0,0
BRDA:1801,121,1,0
BRDA:1808,122,0,0
BRDA:1808,122,1,0
BRDA:1811,123,0,0
BRDA:1811,123,1,0
BRDA:1820,124,0,0
BRDA:1820,124,1,0
BRDA:1829,125,0,0
BRDA:1829,125,1,0
BRDA:1838,126,0,0
BRDA:1838,126,1,0
BRDA:1844,127,0,0
BRDA:1844,127,1,0
BRDA:1850,128,0,0
BRDA:1850,128,1,0
BRDA:1858,129,0,0
BRDA:1858,129,1,0
BRDA:1862,130,0,0
BRDA:1862,130,1,0
BRDA:1867,131,0,0
BRDA:1867,131,1,0
BRDA:1870,132,0,0
BRDA:1870,132,1,0
BRDA:1873,133,0,0
BRDA:1873,133,1,0
BRDA:1913,134,0,0
BRDA:1913,134,1,0
BRDA:1936,135,0,0
BRDA:1936,135,1,0
BRDA:1946,136,0,0
BRDA:1946,136,1,0
BRDA:1951,137,0,0
BRDA:1951,137,1,0
BRDA:1957,138,0,0
BRDA:1957,138,1,0
BRDA:1962,139,0,0
BRDA:1962,139,1,0
BRDA:1970,140,0,0
BRDA:1970,140,1,0
BRDA:1980,141,0,0
BRDA:1980,141,1,0
BRDA:1987,142,0,0
BRDA:1987,142,1,0
BRDA:2004,143,0,0
BRDA:2004,143,1,0
BRDA:2008,144,0,0
BRDA:2008,144,1,0
BRDA:2012,145,0,0
BRDA:2012,145,1,0
BRDA:2028,146,0,0
BRDA:2028,146,1,0
BRDA:2029,147,0,0
BRDA:2029,147,1,0
BRDA:2036,148,0,0
BRDA:2036,148,1,0
BRDA:2039,149,0,0
BRDA:2039,149,1,0
BRDA:2050,150,0,0
BRDA:2050,150,1,0
BRDA:2056,151,0,0
BRDA:2056,151,1,0
BRDA:2062,152,0,0
BRDA:2062,152,1,0
BRDA:2064,153,0,0
BRDA:2064,153,1,0
BRDA:2082,154,0,0
BRDA:2082,154,1,0
BRDA:2089,155,0,0
BRDA:2089,155,1,0
BRDA:2098,156,0,0
BRDA:2098,156,1,0
BRDA:2103,157,0,0
BRDA:2103,157,1,0
BRDA:2108,158,0,0
BRDA:2108,158,1,0
BRDA:2118,159,0,0
BRDA:2118,159,1,0
BRDA:2140,160,0,0
BRDA:2140,160,1,0
BRDA:2142,161,0,0
BRDA:2142,161,1,0
BRDA:2149,162,0,0
BRDA:2149,162,1,0
BRDA:2152,163,0,0
BRDA:2152,163,1,0
BRDA:2230,164,0,0
BRDA:2230,164,1,0
BRDA:2235,165,0,0
BRDA:2235,165,1,0
BRDA:2240,166,0,0
BRDA:2240,166,1,0
BRDA:2253,167,0,0
BRDA:2253,167,1,0
BRDA:2273,168,0,0
BRDA:2273,168,1,0
BRDA:2278,169,0,0
BRDA:2278,169,1,0
BRDA:2283,170,0,0
BRDA:2283,170,1,0
BRDA:2288,171,0,0
BRDA:2288,171,1,0
BRDA:2325,172,0,0
BRDA:2325,172,1,0
BRDA:2330,173,0,0
BRDA:2330,173,1,0
BRDA:2335,174,0,0
BRDA:2335,174,1,0
BRDA:2350,175,0,0
BRDA:2350,175,1,0
BRDA:2361,176,0,0
BRDA:2361,176,1,0
BRDA:2367,177,0,0
BRDA:2367,177,1,0
BRDA:2372,178,0,0
BRDA:2372,178,1,0
BRDA:2378,179,0,0
BRDA:2378,179,1,0
BRDA:2385,180,0,0
BRDA:2385,180,1,0
BRDA:2391,181,0,0
BRDA:2391,181,1,0
BRDA:2397,182,0,0
BRDA:2397,182,1,0
BRDA:2402,183,0,0
BRDA:2402,183,1,0
BRDA:2410,184,0,0
BRDA:2410,184,1,0
BRDA:2413,185,0,0
BRDA:2413,185,1,0
BRDA:2421,186,0,0
BRDA:2421,186,1,0
BRDA:2430,187,0,0
BRDA:2430,187,1,0
BRDA:2435,188,0,0
BRDA:2435,188,1,0
BRDA:2440,189,0,0
BRDA:2440,189,1,0
BRDA:2448,190,0,0
BRDA:2448,190,1,0
BRDA:2451,191,0,0
BRDA:2451,191,1,0
BRDA:2457,192,0,0
BRDA:2457,192,1,0
BRDA:2484,193,0,0
BRDA:2484,193,1,0
BRDA:2485,194,0,0
BRDA:2485,194,1,0
BRF:388
BRH:0
end_of_record
TN:
SF:/Users/raghu/Alkemi/alkemi-earn-protocol/contracts/SafeMath.sol
FN:28,add
FN:43,add
FN:58,sub
FN:70,sub
FN:85,mul
FN:107,mul
FN:132,div
FN:147,div
FN:167,mod
FN:182,mod
FNF:10
FNH:0
FNDA:0,add
FNDA:0,add
FNDA:0,sub
FNDA:0,sub
FNDA:0,mul
FNDA:0,mul
FNDA:0,div
FNDA:0,div
FNDA:0,mod
FNDA:0,mod
DA:29,0
DA:30,0
DA:32,0
DA:44,0
DA:45,0
DA:47,0
DA:59,0
DA:71,0
DA:72,0
DA:74,0
DA:89,0
DA:90,0
DA:93,0
DA:94,0
DA:96,0
DA:111,0
DA:112,0
DA:115,0
DA:116,0
DA:118,0
DA:133,0
DA:149,0
DA:150,0
DA:153,0
DA:168,0
DA:183,0
DA:184,0
LF:27
LH:0
BRDA:30,1,0,0
BRDA:30,1,1,0
BRDA:45,2,0,0
BRDA:45,2,1,0
BRDA:71,3,0,0
BRDA:71,3,1,0
BRDA:89,4,0,0
BRDA:89,4,1,0
BRDA:94,5,0,0
BRDA:94,5,1,0
BRDA:111,6,0,0
BRDA:111,6,1,0
BRDA:116,7,0,0
BRDA:116,7,1,0
BRDA:149,8,0,0
BRDA:149,8,1,0
BRDA:183,9,0,0
BRDA:183,9,1,0
BRF:18
BRH:0
end_of_record
TN:
SF:/Users/raghu/Alkemi/alkemi-earn-protocol/contracts/SafeToken.sol
FN:13,checkTransferIn
FN:36,doTransferIn
FN:67,getCash
FN:76,getBalanceOf
FN:91,doTransferOut
FN:119,doApprove
FNF:6
FNH:0
FNDA:0,checkTransferIn
FNDA:0,doTransferIn
FNDA:0,getCash
FNDA:0,getBalanceOf
FNDA:0,doTransferOut
FNDA:0,doApprove
DA:14,0
DA:16,0
DA:17,0
DA:20,0
DA:21,0
DA:24,0
DA:37,0
DA:39,0
DA:41,0
DA:43,0
DA:57,0
DA:58,0
DA:61,0
DA:68,0
DA:70,0
DA:77,0
DA:79,0
DA:92,0
DA:94,0
DA:96,0
DA:98,0
DA:112,0
DA:113,0
DA:116,0
DA:120,0
DA:121,0
DA:122,0
DA:123,0
DA:136,0
DA:137,0
DA:139,0
LF:31
LH:0
BRDA:16,1,0,0
BRDA:16,1,1,0
BRDA:20,2,0,0
BRDA:20,2,1,0
BRDA:57,3,0,0
BRDA:57,3,1,0
BRDA:112,4,0,0
BRDA:112,4,1,0
BRDA:136,5,0,0
BRDA:136,5,1,0
BRF:10
BRH:0
end_of_record
TN:
SF:/Users/raghu/Alkemi/alkemi-earn-protocol/contracts/StableCoinInterestRateModel.sol
FN:28,getUtilizationRate
FN:50,getUtilizationAndAnnualBorrowRate
FN:89,getSupplyRate
FN:136,getBorrowRate
FNF:4
FNH:0
FNDA:0,getUtilizationRate
FNDA:0,getUtilizationAndAnnualBorrowRate
FNDA:0,getSupplyRate
FNDA:0,getBorrowRate
DA:29,0
DA:31,0
DA:34,0
DA:35,0
DA:36,0
DA:39,0
DA:40,0
DA:41,0
DA:44,0
DA:51,0
DA:52,0
DA:53,0
DA:57,0
DA:63,0
DA:65,0
DA:67,0
DA:70,0
DA:75,0
DA:77,0
DA:90,0
DA:92,0
DA:93,0
DA:94,0
DA:98,0
DA:102,0
DA:105,0
DA:112,0
DA:116,0
DA:118,0
DA:121,0
DA:123,0
DA:124,0
DA:137,0
DA:139,0
DA:140,0
DA:141,0
DA:145,0
DA:147,0
DA:149,0
DA:152,0
DA:154,0
DA:155,0
LF:42
LH:0
BRDA:29,1,0,0
BRDA:29,1,1,0
BRDA:35,2,0,0
BRDA:35,2,1,0
BRDA:40,3,0,0
BRDA:40,3,1,0
BRDA:52,4,0,0
BRDA:52,4,1,0
BRDA:93,5,0,0
BRDA:93,5,1,0
BRDA:140,6,0,0
BRDA:140,6,1,0
BRF:12
BRH:0
end_of_record
TN:
SF:/Users/raghu/Alkemi/alkemi-earn-protocol/contracts/StandardInterestRateModel.sol
FN:29,getUtilizationRate
FN:51,getUtilizationAndAnnualBorrowRate
FN:91,getSupplyRate
FN:135,getBorrowRate
FNF:4
FNH:0
FNDA:0,getUtilizationRate
FNDA:0,getUtilizationAndAnnualBorrowRate
FNDA:0,getSupplyRate
FNDA:0,getBorrowRate
DA:30,0
DA:32,0
DA:35,0
DA:36,0
DA:37,0
DA:40,0
DA:41,0
DA:42,0
DA:45,0
DA:52,0
DA:53,0
DA:54,0
DA:59,0
DA:65,0
DA:67,0
DA:69,0
DA:72,0
DA:77,0
DA:79,0
DA:92,0
DA:94,0
DA:95,0
DA:96,0
DA:100,0
DA:104,0
DA:107,0
DA:114,0
DA:118,0
DA:120,0
DA:123,0
DA:136,0
DA:138,0
DA:139,0
DA:140,0
DA:144,0
DA:146,0
DA:148,0
DA:151,0
LF:38
LH:0
BRDA:30,1,0,0
BRDA:30,1,1,0
BRDA:36,2,0,0
BRDA:36,2,1,0
BRDA:41,3,0,0
BRDA:41,3,1,0
BRDA:53,4,0,0
BRDA:53,4,1,0
BRDA:95,5,0,0
BRDA:95,5,1,0
BRDA:139,6,0,0
BRDA:139,6,1,0
BRF:12
BRH:0
end_of_record
TN:
SF:/Users/raghu/Alkemi/alkemi-earn-protocol/contracts/TestTokens.sol
FN:16,constructor
FN:25,totalSupply
FN:30,balanceOf
FN:35,transfer
FN:45,approve
FN:53,allowance
FN:58,transferFrom
FN:71,allocateTo
FNF:8
FNH:0
FNDA:0,constructor
FNDA:0,totalSupply
FNDA:0,balanceOf
FNDA:0,transfer
FNDA:0,approve
FNDA:0,allowance
FNDA:0,transferFrom
FNDA:0,allocateTo
DA:17,0
DA:18,0
DA:19,0
DA:20,0
DA:21,0
DA:26,0
DA:31,0
DA:36,0
DA:37,0
DA:38,0
DA:39,0
DA:40,0
DA:41,0
DA:46,0
DA:47,0
DA:48,0
DA:49,0
DA:54,0
DA:59,0
DA:60,0
DA:61,0
DA:62,0
DA:63,0
DA:64,0
DA:65,0
DA:66,0
DA:72,0
DA:73,0
DA:74,0
LF:29
LH:0
BRDA:36,1,0,0
BRDA:36,1,1,0
BRDA:37,2,0,0
BRDA:37,2,1,0
BRDA:46,3,0,0
BRDA:46,3,1,0
BRDA:59,4,0,0
BRDA:59,4,1,0
BRDA:60,5,0,0
BRDA:60,5,1,0
BRDA:61,6,0,0
BRDA:61,6,1,0
BRF:12
BRH:0
end_of_record
